ERROR - 2025-12-14 07:20:51 --> mysqli_sql_exception: You have an error in your SQL syntax; check the manual that corresponds to your MySQL server version for the right syntax to use near '.`nombre`, `pn`.`apellido`, `pn`.`sexo`, `pj`.`razon_social`, `e`.`estatus` as `' at line 1 in C:\xampp\htdocs\sistema-administrativo\system\Database\MySQLi\Connection.php:327
Stack trace:
#0 C:\xampp\htdocs\sistema-administrativo\system\Database\MySQLi\Connection.php(327): mysqli->query('SELECT `persona...', 0)
#1 C:\xampp\htdocs\sistema-administrativo\system\Database\BaseConnection.php(738): CodeIgniter\Database\MySQLi\Connection->execute('SELECT `persona...')
#2 C:\xampp\htdocs\sistema-administrativo\system\Database\BaseConnection.php(652): CodeIgniter\Database\BaseConnection->simpleQuery('SELECT `persona...')
#3 C:\xampp\htdocs\sistema-administrativo\system\Database\BaseBuilder.php(1649): CodeIgniter\Database\BaseConnection->query('SELECT `persona...', Array, false)
#4 C:\xampp\htdocs\sistema-administrativo\system\Model.php(330): CodeIgniter\Database\BaseBuilder->get()
#5 C:\xampp\htdocs\sistema-administrativo\system\BaseModel.php(717): CodeIgniter\Model->doFirst()
#6 C:\xampp\htdocs\sistema-administrativo\app\Models\Persona.php(36): CodeIgniter\BaseModel->first()
#7 C:\xampp\htdocs\sistema-administrativo\app\Controllers\BuscarProvedor.php(18): App\Models\Persona->buscarPorCiRif('15732420')
#8 C:\xampp\htdocs\sistema-administrativo\system\CodeIgniter.php(933): App\Controllers\BuscarProvedor->buscarPorCiRif()
#9 C:\xampp\htdocs\sistema-administrativo\system\CodeIgniter.php(507): CodeIgniter\CodeIgniter->runController(Object(App\Controllers\BuscarProvedor))
#10 C:\xampp\htdocs\sistema-administrativo\system\CodeIgniter.php(354): CodeIgniter\CodeIgniter->handleRequest(NULL, Object(Config\Cache), false)
#11 C:\xampp\htdocs\sistema-administrativo\system\Boot.php(334): CodeIgniter\CodeIgniter->run()
#12 C:\xampp\htdocs\sistema-administrativo\system\Boot.php(67): CodeIgniter\Boot::runCodeIgniter(Object(CodeIgniter\CodeIgniter))
#13 C:\xampp\htdocs\sistema-administrativo\index.php(59): CodeIgniter\Boot::bootWeb(Object(Config\Paths))
#14 {main}
CRITICAL - 2025-12-14 07:20:51 --> CodeIgniter\Database\Exceptions\DatabaseException: You have an error in your SQL syntax; check the manual that corresponds to your MySQL server version for the right syntax to use near '.`nombre`, `pn`.`apellido`, `pn`.`sexo`, `pj`.`razon_social`, `e`.`estatus` as `' at line 1
[Method: POST, Route: buscarProvedor]
in SYSTEMPATH\Database\BaseConnection.php on line 692.
 1 SYSTEMPATH\Database\BaseBuilder.php(1649): CodeIgniter\Database\BaseConnection->query('SELECT `persona`.*, `pr`.`id_proveedor` `pn`.`nombre`, `pn`.`apellido`, `pn`.`sexo`, `pj`.`razon_social`, `e`.`estatus` as `estatus_empleado`
FROM `persona`
LEFT JOIN `per_natural` `pn` ON `persona`.`id_persona` = `pn`.`id_persona`
LEFT JOIN `per_juridica` `pj` ON `persona`.`id_persona` = `pj`.`id_persona`
LEFT JOIN `empleado` `e` ON `persona`.`id_persona` = `e`.`id_persona`
LEFT JOIN `proveedor` `pr` ON `persona`.`id_persona` = `pr`.`id_persona`
WHERE `persona`.`ci_rif` = :persona.ci_rif:
 LIMIT 1', [...], false)
 2 SYSTEMPATH\Model.php(330): CodeIgniter\Database\BaseBuilder->get()
 3 SYSTEMPATH\BaseModel.php(717): CodeIgniter\Model->doFirst()
 4 APPPATH\Models\Persona.php(36): CodeIgniter\BaseModel->first()
 5 APPPATH\Controllers\BuscarProvedor.php(18): App\Models\Persona->buscarPorCiRif('15732420')
 6 SYSTEMPATH\CodeIgniter.php(933): App\Controllers\BuscarProvedor->buscarPorCiRif()
 7 SYSTEMPATH\CodeIgniter.php(507): CodeIgniter\CodeIgniter->runController(Object(App\Controllers\BuscarProvedor))
 8 SYSTEMPATH\CodeIgniter.php(354): CodeIgniter\CodeIgniter->handleRequest(null, Object(Config\Cache), false)
 9 SYSTEMPATH\Boot.php(334): CodeIgniter\CodeIgniter->run()
10 SYSTEMPATH\Boot.php(67): CodeIgniter\Boot::runCodeIgniter(Object(CodeIgniter\CodeIgniter))
11 FCPATH\index.php(59): CodeIgniter\Boot::bootWeb(Object(Config\Paths))
CRITICAL - 2025-12-14 07:20:51 --> [Caused by] CodeIgniter\Database\Exceptions\DatabaseException: You have an error in your SQL syntax; check the manual that corresponds to your MySQL server version for the right syntax to use near '.`nombre`, `pn`.`apellido`, `pn`.`sexo`, `pj`.`razon_social`, `e`.`estatus` as `' at line 1
in SYSTEMPATH\Database\MySQLi\Connection.php on line 332.
 1 SYSTEMPATH\Database\BaseConnection.php(738): CodeIgniter\Database\MySQLi\Connection->execute('SELECT `persona`.*, `pr`.`id_proveedor` `pn`.`nombre`, `pn`.`apellido`, `pn`.`sexo`, `pj`.`razon_social`, `e`.`estatus` as `estatus_empleado`
FROM `persona`
LEFT JOIN `per_natural` `pn` ON `persona`.`id_persona` = `pn`.`id_persona`
LEFT JOIN `per_juridica` `pj` ON `persona`.`id_persona` = `pj`.`id_persona`
LEFT JOIN `empleado` `e` ON `persona`.`id_persona` = `e`.`id_persona`
LEFT JOIN `proveedor` `pr` ON `persona`.`id_persona` = `pr`.`id_persona`
WHERE `persona`.`ci_rif` = \'15732420\'
 LIMIT 1')
 2 SYSTEMPATH\Database\BaseConnection.php(652): CodeIgniter\Database\BaseConnection->simpleQuery('SELECT `persona`.*, `pr`.`id_proveedor` `pn`.`nombre`, `pn`.`apellido`, `pn`.`sexo`, `pj`.`razon_social`, `e`.`estatus` as `estatus_empleado`
FROM `persona`
LEFT JOIN `per_natural` `pn` ON `persona`.`id_persona` = `pn`.`id_persona`
LEFT JOIN `per_juridica` `pj` ON `persona`.`id_persona` = `pj`.`id_persona`
LEFT JOIN `empleado` `e` ON `persona`.`id_persona` = `e`.`id_persona`
LEFT JOIN `proveedor` `pr` ON `persona`.`id_persona` = `pr`.`id_persona`
WHERE `persona`.`ci_rif` = \'15732420\'
 LIMIT 1')
 3 SYSTEMPATH\Database\BaseBuilder.php(1649): CodeIgniter\Database\BaseConnection->query('SELECT `persona`.*, `pr`.`id_proveedor` `pn`.`nombre`, `pn`.`apellido`, `pn`.`sexo`, `pj`.`razon_social`, `e`.`estatus` as `estatus_empleado`
FROM `persona`
LEFT JOIN `per_natural` `pn` ON `persona`.`id_persona` = `pn`.`id_persona`
LEFT JOIN `per_juridica` `pj` ON `persona`.`id_persona` = `pj`.`id_persona`
LEFT JOIN `empleado` `e` ON `persona`.`id_persona` = `e`.`id_persona`
LEFT JOIN `proveedor` `pr` ON `persona`.`id_persona` = `pr`.`id_persona`
WHERE `persona`.`ci_rif` = :persona.ci_rif:
 LIMIT 1', [...], false)
 4 SYSTEMPATH\Model.php(330): CodeIgniter\Database\BaseBuilder->get()
 5 SYSTEMPATH\BaseModel.php(717): CodeIgniter\Model->doFirst()
 6 APPPATH\Models\Persona.php(36): CodeIgniter\BaseModel->first()
 7 APPPATH\Controllers\BuscarProvedor.php(18): App\Models\Persona->buscarPorCiRif('15732420')
 8 SYSTEMPATH\CodeIgniter.php(933): App\Controllers\BuscarProvedor->buscarPorCiRif()
 9 SYSTEMPATH\CodeIgniter.php(507): CodeIgniter\CodeIgniter->runController(Object(App\Controllers\BuscarProvedor))
10 SYSTEMPATH\CodeIgniter.php(354): CodeIgniter\CodeIgniter->handleRequest(null, Object(Config\Cache), false)
11 SYSTEMPATH\Boot.php(334): CodeIgniter\CodeIgniter->run()
12 SYSTEMPATH\Boot.php(67): CodeIgniter\Boot::runCodeIgniter(Object(CodeIgniter\CodeIgniter))
13 FCPATH\index.php(59): CodeIgniter\Boot::bootWeb(Object(Config\Paths))
CRITICAL - 2025-12-14 07:20:51 --> [Caused by] mysqli_sql_exception: You have an error in your SQL syntax; check the manual that corresponds to your MySQL server version for the right syntax to use near '.`nombre`, `pn`.`apellido`, `pn`.`sexo`, `pj`.`razon_social`, `e`.`estatus` as `' at line 1
in SYSTEMPATH\Database\MySQLi\Connection.php on line 327.
 1 SYSTEMPATH\Database\MySQLi\Connection.php(327): mysqli->query('SELECT `persona`.*, `pr`.`id_proveedor` `pn`.`nombre`, `pn`.`apellido`, `pn`.`sexo`, `pj`.`razon_social`, `e`.`estatus` as `estatus_empleado`
FROM `persona`
LEFT JOIN `per_natural` `pn` ON `persona`.`id_persona` = `pn`.`id_persona`
LEFT JOIN `per_juridica` `pj` ON `persona`.`id_persona` = `pj`.`id_persona`
LEFT JOIN `empleado` `e` ON `persona`.`id_persona` = `e`.`id_persona`
LEFT JOIN `proveedor` `pr` ON `persona`.`id_persona` = `pr`.`id_persona`
WHERE `persona`.`ci_rif` = \'15732420\'
 LIMIT 1', 0)
 2 SYSTEMPATH\Database\BaseConnection.php(738): CodeIgniter\Database\MySQLi\Connection->execute('SELECT `persona`.*, `pr`.`id_proveedor` `pn`.`nombre`, `pn`.`apellido`, `pn`.`sexo`, `pj`.`razon_social`, `e`.`estatus` as `estatus_empleado`
FROM `persona`
LEFT JOIN `per_natural` `pn` ON `persona`.`id_persona` = `pn`.`id_persona`
LEFT JOIN `per_juridica` `pj` ON `persona`.`id_persona` = `pj`.`id_persona`
LEFT JOIN `empleado` `e` ON `persona`.`id_persona` = `e`.`id_persona`
LEFT JOIN `proveedor` `pr` ON `persona`.`id_persona` = `pr`.`id_persona`
WHERE `persona`.`ci_rif` = \'15732420\'
 LIMIT 1')
 3 SYSTEMPATH\Database\BaseConnection.php(652): CodeIgniter\Database\BaseConnection->simpleQuery('SELECT `persona`.*, `pr`.`id_proveedor` `pn`.`nombre`, `pn`.`apellido`, `pn`.`sexo`, `pj`.`razon_social`, `e`.`estatus` as `estatus_empleado`
FROM `persona`
LEFT JOIN `per_natural` `pn` ON `persona`.`id_persona` = `pn`.`id_persona`
LEFT JOIN `per_juridica` `pj` ON `persona`.`id_persona` = `pj`.`id_persona`
LEFT JOIN `empleado` `e` ON `persona`.`id_persona` = `e`.`id_persona`
LEFT JOIN `proveedor` `pr` ON `persona`.`id_persona` = `pr`.`id_persona`
WHERE `persona`.`ci_rif` = \'15732420\'
 LIMIT 1')
 4 SYSTEMPATH\Database\BaseBuilder.php(1649): CodeIgniter\Database\BaseConnection->query('SELECT `persona`.*, `pr`.`id_proveedor` `pn`.`nombre`, `pn`.`apellido`, `pn`.`sexo`, `pj`.`razon_social`, `e`.`estatus` as `estatus_empleado`
FROM `persona`
LEFT JOIN `per_natural` `pn` ON `persona`.`id_persona` = `pn`.`id_persona`
LEFT JOIN `per_juridica` `pj` ON `persona`.`id_persona` = `pj`.`id_persona`
LEFT JOIN `empleado` `e` ON `persona`.`id_persona` = `e`.`id_persona`
LEFT JOIN `proveedor` `pr` ON `persona`.`id_persona` = `pr`.`id_persona`
WHERE `persona`.`ci_rif` = :persona.ci_rif:
 LIMIT 1', [...], false)
 5 SYSTEMPATH\Model.php(330): CodeIgniter\Database\BaseBuilder->get()
 6 SYSTEMPATH\BaseModel.php(717): CodeIgniter\Model->doFirst()
 7 APPPATH\Models\Persona.php(36): CodeIgniter\BaseModel->first()
 8 APPPATH\Controllers\BuscarProvedor.php(18): App\Models\Persona->buscarPorCiRif('15732420')
 9 SYSTEMPATH\CodeIgniter.php(933): App\Controllers\BuscarProvedor->buscarPorCiRif()
10 SYSTEMPATH\CodeIgniter.php(507): CodeIgniter\CodeIgniter->runController(Object(App\Controllers\BuscarProvedor))
11 SYSTEMPATH\CodeIgniter.php(354): CodeIgniter\CodeIgniter->handleRequest(null, Object(Config\Cache), false)
12 SYSTEMPATH\Boot.php(334): CodeIgniter\CodeIgniter->run()
13 SYSTEMPATH\Boot.php(67): CodeIgniter\Boot::runCodeIgniter(Object(CodeIgniter\CodeIgniter))
14 FCPATH\index.php(59): CodeIgniter\Boot::bootWeb(Object(Config\Paths))
ERROR - 2025-12-14 07:21:03 --> mysqli_sql_exception: You have an error in your SQL syntax; check the manual that corresponds to your MySQL server version for the right syntax to use near '.`nombre`, `pn`.`apellido`, `pn`.`sexo`, `pj`.`razon_social`, `e`.`estatus` as `' at line 1 in C:\xampp\htdocs\sistema-administrativo\system\Database\MySQLi\Connection.php:327
Stack trace:
#0 C:\xampp\htdocs\sistema-administrativo\system\Database\MySQLi\Connection.php(327): mysqli->query('SELECT `persona...', 0)
#1 C:\xampp\htdocs\sistema-administrativo\system\Database\BaseConnection.php(738): CodeIgniter\Database\MySQLi\Connection->execute('SELECT `persona...')
#2 C:\xampp\htdocs\sistema-administrativo\system\Database\BaseConnection.php(652): CodeIgniter\Database\BaseConnection->simpleQuery('SELECT `persona...')
#3 C:\xampp\htdocs\sistema-administrativo\system\Database\BaseBuilder.php(1649): CodeIgniter\Database\BaseConnection->query('SELECT `persona...', Array, false)
#4 C:\xampp\htdocs\sistema-administrativo\system\Model.php(330): CodeIgniter\Database\BaseBuilder->get()
#5 C:\xampp\htdocs\sistema-administrativo\system\BaseModel.php(717): CodeIgniter\Model->doFirst()
#6 C:\xampp\htdocs\sistema-administrativo\app\Models\Persona.php(36): CodeIgniter\BaseModel->first()
#7 C:\xampp\htdocs\sistema-administrativo\app\Controllers\BuscarProvedor.php(18): App\Models\Persona->buscarPorCiRif('15732420')
#8 C:\xampp\htdocs\sistema-administrativo\system\CodeIgniter.php(933): App\Controllers\BuscarProvedor->buscarPorCiRif()
#9 C:\xampp\htdocs\sistema-administrativo\system\CodeIgniter.php(507): CodeIgniter\CodeIgniter->runController(Object(App\Controllers\BuscarProvedor))
#10 C:\xampp\htdocs\sistema-administrativo\system\CodeIgniter.php(354): CodeIgniter\CodeIgniter->handleRequest(NULL, Object(Config\Cache), false)
#11 C:\xampp\htdocs\sistema-administrativo\system\Boot.php(334): CodeIgniter\CodeIgniter->run()
#12 C:\xampp\htdocs\sistema-administrativo\system\Boot.php(67): CodeIgniter\Boot::runCodeIgniter(Object(CodeIgniter\CodeIgniter))
#13 C:\xampp\htdocs\sistema-administrativo\index.php(59): CodeIgniter\Boot::bootWeb(Object(Config\Paths))
#14 {main}
CRITICAL - 2025-12-14 07:21:03 --> CodeIgniter\Database\Exceptions\DatabaseException: You have an error in your SQL syntax; check the manual that corresponds to your MySQL server version for the right syntax to use near '.`nombre`, `pn`.`apellido`, `pn`.`sexo`, `pj`.`razon_social`, `e`.`estatus` as `' at line 1
[Method: POST, Route: buscarProvedor]
in SYSTEMPATH\Database\BaseConnection.php on line 692.
 1 SYSTEMPATH\Database\BaseBuilder.php(1649): CodeIgniter\Database\BaseConnection->query('SELECT `persona`.*, `pr`.`id_proveedor` `pn`.`nombre`, `pn`.`apellido`, `pn`.`sexo`, `pj`.`razon_social`, `e`.`estatus` as `estatus_empleado`
FROM `persona`
LEFT JOIN `per_natural` `pn` ON `persona`.`id_persona` = `pn`.`id_persona`
LEFT JOIN `per_juridica` `pj` ON `persona`.`id_persona` = `pj`.`id_persona`
LEFT JOIN `empleado` `e` ON `persona`.`id_persona` = `e`.`id_persona`
LEFT JOIN `proveedor` `pr` ON `persona`.`id_persona` = `pr`.`id_persona`
WHERE `persona`.`ci_rif` = :persona.ci_rif:
 LIMIT 1', [...], false)
 2 SYSTEMPATH\Model.php(330): CodeIgniter\Database\BaseBuilder->get()
 3 SYSTEMPATH\BaseModel.php(717): CodeIgniter\Model->doFirst()
 4 APPPATH\Models\Persona.php(36): CodeIgniter\BaseModel->first()
 5 APPPATH\Controllers\BuscarProvedor.php(18): App\Models\Persona->buscarPorCiRif('15732420')
 6 SYSTEMPATH\CodeIgniter.php(933): App\Controllers\BuscarProvedor->buscarPorCiRif()
 7 SYSTEMPATH\CodeIgniter.php(507): CodeIgniter\CodeIgniter->runController(Object(App\Controllers\BuscarProvedor))
 8 SYSTEMPATH\CodeIgniter.php(354): CodeIgniter\CodeIgniter->handleRequest(null, Object(Config\Cache), false)
 9 SYSTEMPATH\Boot.php(334): CodeIgniter\CodeIgniter->run()
10 SYSTEMPATH\Boot.php(67): CodeIgniter\Boot::runCodeIgniter(Object(CodeIgniter\CodeIgniter))
11 FCPATH\index.php(59): CodeIgniter\Boot::bootWeb(Object(Config\Paths))
CRITICAL - 2025-12-14 07:21:03 --> [Caused by] CodeIgniter\Database\Exceptions\DatabaseException: You have an error in your SQL syntax; check the manual that corresponds to your MySQL server version for the right syntax to use near '.`nombre`, `pn`.`apellido`, `pn`.`sexo`, `pj`.`razon_social`, `e`.`estatus` as `' at line 1
in SYSTEMPATH\Database\MySQLi\Connection.php on line 332.
 1 SYSTEMPATH\Database\BaseConnection.php(738): CodeIgniter\Database\MySQLi\Connection->execute('SELECT `persona`.*, `pr`.`id_proveedor` `pn`.`nombre`, `pn`.`apellido`, `pn`.`sexo`, `pj`.`razon_social`, `e`.`estatus` as `estatus_empleado`
FROM `persona`
LEFT JOIN `per_natural` `pn` ON `persona`.`id_persona` = `pn`.`id_persona`
LEFT JOIN `per_juridica` `pj` ON `persona`.`id_persona` = `pj`.`id_persona`
LEFT JOIN `empleado` `e` ON `persona`.`id_persona` = `e`.`id_persona`
LEFT JOIN `proveedor` `pr` ON `persona`.`id_persona` = `pr`.`id_persona`
WHERE `persona`.`ci_rif` = \'15732420\'
 LIMIT 1')
 2 SYSTEMPATH\Database\BaseConnection.php(652): CodeIgniter\Database\BaseConnection->simpleQuery('SELECT `persona`.*, `pr`.`id_proveedor` `pn`.`nombre`, `pn`.`apellido`, `pn`.`sexo`, `pj`.`razon_social`, `e`.`estatus` as `estatus_empleado`
FROM `persona`
LEFT JOIN `per_natural` `pn` ON `persona`.`id_persona` = `pn`.`id_persona`
LEFT JOIN `per_juridica` `pj` ON `persona`.`id_persona` = `pj`.`id_persona`
LEFT JOIN `empleado` `e` ON `persona`.`id_persona` = `e`.`id_persona`
LEFT JOIN `proveedor` `pr` ON `persona`.`id_persona` = `pr`.`id_persona`
WHERE `persona`.`ci_rif` = \'15732420\'
 LIMIT 1')
 3 SYSTEMPATH\Database\BaseBuilder.php(1649): CodeIgniter\Database\BaseConnection->query('SELECT `persona`.*, `pr`.`id_proveedor` `pn`.`nombre`, `pn`.`apellido`, `pn`.`sexo`, `pj`.`razon_social`, `e`.`estatus` as `estatus_empleado`
FROM `persona`
LEFT JOIN `per_natural` `pn` ON `persona`.`id_persona` = `pn`.`id_persona`
LEFT JOIN `per_juridica` `pj` ON `persona`.`id_persona` = `pj`.`id_persona`
LEFT JOIN `empleado` `e` ON `persona`.`id_persona` = `e`.`id_persona`
LEFT JOIN `proveedor` `pr` ON `persona`.`id_persona` = `pr`.`id_persona`
WHERE `persona`.`ci_rif` = :persona.ci_rif:
 LIMIT 1', [...], false)
 4 SYSTEMPATH\Model.php(330): CodeIgniter\Database\BaseBuilder->get()
 5 SYSTEMPATH\BaseModel.php(717): CodeIgniter\Model->doFirst()
 6 APPPATH\Models\Persona.php(36): CodeIgniter\BaseModel->first()
 7 APPPATH\Controllers\BuscarProvedor.php(18): App\Models\Persona->buscarPorCiRif('15732420')
 8 SYSTEMPATH\CodeIgniter.php(933): App\Controllers\BuscarProvedor->buscarPorCiRif()
 9 SYSTEMPATH\CodeIgniter.php(507): CodeIgniter\CodeIgniter->runController(Object(App\Controllers\BuscarProvedor))
10 SYSTEMPATH\CodeIgniter.php(354): CodeIgniter\CodeIgniter->handleRequest(null, Object(Config\Cache), false)
11 SYSTEMPATH\Boot.php(334): CodeIgniter\CodeIgniter->run()
12 SYSTEMPATH\Boot.php(67): CodeIgniter\Boot::runCodeIgniter(Object(CodeIgniter\CodeIgniter))
13 FCPATH\index.php(59): CodeIgniter\Boot::bootWeb(Object(Config\Paths))
CRITICAL - 2025-12-14 07:21:03 --> [Caused by] mysqli_sql_exception: You have an error in your SQL syntax; check the manual that corresponds to your MySQL server version for the right syntax to use near '.`nombre`, `pn`.`apellido`, `pn`.`sexo`, `pj`.`razon_social`, `e`.`estatus` as `' at line 1
in SYSTEMPATH\Database\MySQLi\Connection.php on line 327.
 1 SYSTEMPATH\Database\MySQLi\Connection.php(327): mysqli->query('SELECT `persona`.*, `pr`.`id_proveedor` `pn`.`nombre`, `pn`.`apellido`, `pn`.`sexo`, `pj`.`razon_social`, `e`.`estatus` as `estatus_empleado`
FROM `persona`
LEFT JOIN `per_natural` `pn` ON `persona`.`id_persona` = `pn`.`id_persona`
LEFT JOIN `per_juridica` `pj` ON `persona`.`id_persona` = `pj`.`id_persona`
LEFT JOIN `empleado` `e` ON `persona`.`id_persona` = `e`.`id_persona`
LEFT JOIN `proveedor` `pr` ON `persona`.`id_persona` = `pr`.`id_persona`
WHERE `persona`.`ci_rif` = \'15732420\'
 LIMIT 1', 0)
 2 SYSTEMPATH\Database\BaseConnection.php(738): CodeIgniter\Database\MySQLi\Connection->execute('SELECT `persona`.*, `pr`.`id_proveedor` `pn`.`nombre`, `pn`.`apellido`, `pn`.`sexo`, `pj`.`razon_social`, `e`.`estatus` as `estatus_empleado`
FROM `persona`
LEFT JOIN `per_natural` `pn` ON `persona`.`id_persona` = `pn`.`id_persona`
LEFT JOIN `per_juridica` `pj` ON `persona`.`id_persona` = `pj`.`id_persona`
LEFT JOIN `empleado` `e` ON `persona`.`id_persona` = `e`.`id_persona`
LEFT JOIN `proveedor` `pr` ON `persona`.`id_persona` = `pr`.`id_persona`
WHERE `persona`.`ci_rif` = \'15732420\'
 LIMIT 1')
 3 SYSTEMPATH\Database\BaseConnection.php(652): CodeIgniter\Database\BaseConnection->simpleQuery('SELECT `persona`.*, `pr`.`id_proveedor` `pn`.`nombre`, `pn`.`apellido`, `pn`.`sexo`, `pj`.`razon_social`, `e`.`estatus` as `estatus_empleado`
FROM `persona`
LEFT JOIN `per_natural` `pn` ON `persona`.`id_persona` = `pn`.`id_persona`
LEFT JOIN `per_juridica` `pj` ON `persona`.`id_persona` = `pj`.`id_persona`
LEFT JOIN `empleado` `e` ON `persona`.`id_persona` = `e`.`id_persona`
LEFT JOIN `proveedor` `pr` ON `persona`.`id_persona` = `pr`.`id_persona`
WHERE `persona`.`ci_rif` = \'15732420\'
 LIMIT 1')
 4 SYSTEMPATH\Database\BaseBuilder.php(1649): CodeIgniter\Database\BaseConnection->query('SELECT `persona`.*, `pr`.`id_proveedor` `pn`.`nombre`, `pn`.`apellido`, `pn`.`sexo`, `pj`.`razon_social`, `e`.`estatus` as `estatus_empleado`
FROM `persona`
LEFT JOIN `per_natural` `pn` ON `persona`.`id_persona` = `pn`.`id_persona`
LEFT JOIN `per_juridica` `pj` ON `persona`.`id_persona` = `pj`.`id_persona`
LEFT JOIN `empleado` `e` ON `persona`.`id_persona` = `e`.`id_persona`
LEFT JOIN `proveedor` `pr` ON `persona`.`id_persona` = `pr`.`id_persona`
WHERE `persona`.`ci_rif` = :persona.ci_rif:
 LIMIT 1', [...], false)
 5 SYSTEMPATH\Model.php(330): CodeIgniter\Database\BaseBuilder->get()
 6 SYSTEMPATH\BaseModel.php(717): CodeIgniter\Model->doFirst()
 7 APPPATH\Models\Persona.php(36): CodeIgniter\BaseModel->first()
 8 APPPATH\Controllers\BuscarProvedor.php(18): App\Models\Persona->buscarPorCiRif('15732420')
 9 SYSTEMPATH\CodeIgniter.php(933): App\Controllers\BuscarProvedor->buscarPorCiRif()
10 SYSTEMPATH\CodeIgniter.php(507): CodeIgniter\CodeIgniter->runController(Object(App\Controllers\BuscarProvedor))
11 SYSTEMPATH\CodeIgniter.php(354): CodeIgniter\CodeIgniter->handleRequest(null, Object(Config\Cache), false)
12 SYSTEMPATH\Boot.php(334): CodeIgniter\CodeIgniter->run()
13 SYSTEMPATH\Boot.php(67): CodeIgniter\Boot::runCodeIgniter(Object(CodeIgniter\CodeIgniter))
14 FCPATH\index.php(59): CodeIgniter\Boot::bootWeb(Object(Config\Paths))
ERROR - 2025-12-14 07:21:34 --> mysqli_sql_exception: You have an error in your SQL syntax; check the manual that corresponds to your MySQL server version for the right syntax to use near '.`nombre`, `pn`.`apellido`, `pn`.`sexo`, `pj`.`razon_social`, `e`.`estatus` as `' at line 1 in C:\xampp\htdocs\sistema-administrativo\system\Database\MySQLi\Connection.php:327
Stack trace:
#0 C:\xampp\htdocs\sistema-administrativo\system\Database\MySQLi\Connection.php(327): mysqli->query('SELECT `persona...', 0)
#1 C:\xampp\htdocs\sistema-administrativo\system\Database\BaseConnection.php(738): CodeIgniter\Database\MySQLi\Connection->execute('SELECT `persona...')
#2 C:\xampp\htdocs\sistema-administrativo\system\Database\BaseConnection.php(652): CodeIgniter\Database\BaseConnection->simpleQuery('SELECT `persona...')
#3 C:\xampp\htdocs\sistema-administrativo\system\Database\BaseBuilder.php(1649): CodeIgniter\Database\BaseConnection->query('SELECT `persona...', Array, false)
#4 C:\xampp\htdocs\sistema-administrativo\system\Model.php(330): CodeIgniter\Database\BaseBuilder->get()
#5 C:\xampp\htdocs\sistema-administrativo\system\BaseModel.php(717): CodeIgniter\Model->doFirst()
#6 C:\xampp\htdocs\sistema-administrativo\app\Models\Persona.php(36): CodeIgniter\BaseModel->first()
#7 C:\xampp\htdocs\sistema-administrativo\app\Controllers\BuscarProvedor.php(18): App\Models\Persona->buscarPorCiRif('15732420')
#8 C:\xampp\htdocs\sistema-administrativo\system\CodeIgniter.php(933): App\Controllers\BuscarProvedor->buscarPorCiRif()
#9 C:\xampp\htdocs\sistema-administrativo\system\CodeIgniter.php(507): CodeIgniter\CodeIgniter->runController(Object(App\Controllers\BuscarProvedor))
#10 C:\xampp\htdocs\sistema-administrativo\system\CodeIgniter.php(354): CodeIgniter\CodeIgniter->handleRequest(NULL, Object(Config\Cache), false)
#11 C:\xampp\htdocs\sistema-administrativo\system\Boot.php(334): CodeIgniter\CodeIgniter->run()
#12 C:\xampp\htdocs\sistema-administrativo\system\Boot.php(67): CodeIgniter\Boot::runCodeIgniter(Object(CodeIgniter\CodeIgniter))
#13 C:\xampp\htdocs\sistema-administrativo\index.php(59): CodeIgniter\Boot::bootWeb(Object(Config\Paths))
#14 {main}
CRITICAL - 2025-12-14 07:21:34 --> CodeIgniter\Database\Exceptions\DatabaseException: You have an error in your SQL syntax; check the manual that corresponds to your MySQL server version for the right syntax to use near '.`nombre`, `pn`.`apellido`, `pn`.`sexo`, `pj`.`razon_social`, `e`.`estatus` as `' at line 1
[Method: POST, Route: buscarProvedor]
in SYSTEMPATH\Database\BaseConnection.php on line 692.
 1 SYSTEMPATH\Database\BaseBuilder.php(1649): CodeIgniter\Database\BaseConnection->query('SELECT `persona`.*, `pr`.`id_proveedor` `pn`.`nombre`, `pn`.`apellido`, `pn`.`sexo`, `pj`.`razon_social`, `e`.`estatus` as `estatus_empleado`
FROM `persona`
LEFT JOIN `per_natural` `pn` ON `persona`.`id_persona` = `pn`.`id_persona`
LEFT JOIN `per_juridica` `pj` ON `persona`.`id_persona` = `pj`.`id_persona`
LEFT JOIN `empleado` `e` ON `persona`.`id_persona` = `e`.`id_persona`
LEFT JOIN `proveedor` `pr` ON `persona`.`id_persona` = `pr`.`id_persona`
WHERE `persona`.`ci_rif` = :persona.ci_rif:
 LIMIT 1', [...], false)
 2 SYSTEMPATH\Model.php(330): CodeIgniter\Database\BaseBuilder->get()
 3 SYSTEMPATH\BaseModel.php(717): CodeIgniter\Model->doFirst()
 4 APPPATH\Models\Persona.php(36): CodeIgniter\BaseModel->first()
 5 APPPATH\Controllers\BuscarProvedor.php(18): App\Models\Persona->buscarPorCiRif('15732420')
 6 SYSTEMPATH\CodeIgniter.php(933): App\Controllers\BuscarProvedor->buscarPorCiRif()
 7 SYSTEMPATH\CodeIgniter.php(507): CodeIgniter\CodeIgniter->runController(Object(App\Controllers\BuscarProvedor))
 8 SYSTEMPATH\CodeIgniter.php(354): CodeIgniter\CodeIgniter->handleRequest(null, Object(Config\Cache), false)
 9 SYSTEMPATH\Boot.php(334): CodeIgniter\CodeIgniter->run()
10 SYSTEMPATH\Boot.php(67): CodeIgniter\Boot::runCodeIgniter(Object(CodeIgniter\CodeIgniter))
11 FCPATH\index.php(59): CodeIgniter\Boot::bootWeb(Object(Config\Paths))
CRITICAL - 2025-12-14 07:21:34 --> [Caused by] CodeIgniter\Database\Exceptions\DatabaseException: You have an error in your SQL syntax; check the manual that corresponds to your MySQL server version for the right syntax to use near '.`nombre`, `pn`.`apellido`, `pn`.`sexo`, `pj`.`razon_social`, `e`.`estatus` as `' at line 1
in SYSTEMPATH\Database\MySQLi\Connection.php on line 332.
 1 SYSTEMPATH\Database\BaseConnection.php(738): CodeIgniter\Database\MySQLi\Connection->execute('SELECT `persona`.*, `pr`.`id_proveedor` `pn`.`nombre`, `pn`.`apellido`, `pn`.`sexo`, `pj`.`razon_social`, `e`.`estatus` as `estatus_empleado`
FROM `persona`
LEFT JOIN `per_natural` `pn` ON `persona`.`id_persona` = `pn`.`id_persona`
LEFT JOIN `per_juridica` `pj` ON `persona`.`id_persona` = `pj`.`id_persona`
LEFT JOIN `empleado` `e` ON `persona`.`id_persona` = `e`.`id_persona`
LEFT JOIN `proveedor` `pr` ON `persona`.`id_persona` = `pr`.`id_persona`
WHERE `persona`.`ci_rif` = \'15732420\'
 LIMIT 1')
 2 SYSTEMPATH\Database\BaseConnection.php(652): CodeIgniter\Database\BaseConnection->simpleQuery('SELECT `persona`.*, `pr`.`id_proveedor` `pn`.`nombre`, `pn`.`apellido`, `pn`.`sexo`, `pj`.`razon_social`, `e`.`estatus` as `estatus_empleado`
FROM `persona`
LEFT JOIN `per_natural` `pn` ON `persona`.`id_persona` = `pn`.`id_persona`
LEFT JOIN `per_juridica` `pj` ON `persona`.`id_persona` = `pj`.`id_persona`
LEFT JOIN `empleado` `e` ON `persona`.`id_persona` = `e`.`id_persona`
LEFT JOIN `proveedor` `pr` ON `persona`.`id_persona` = `pr`.`id_persona`
WHERE `persona`.`ci_rif` = \'15732420\'
 LIMIT 1')
 3 SYSTEMPATH\Database\BaseBuilder.php(1649): CodeIgniter\Database\BaseConnection->query('SELECT `persona`.*, `pr`.`id_proveedor` `pn`.`nombre`, `pn`.`apellido`, `pn`.`sexo`, `pj`.`razon_social`, `e`.`estatus` as `estatus_empleado`
FROM `persona`
LEFT JOIN `per_natural` `pn` ON `persona`.`id_persona` = `pn`.`id_persona`
LEFT JOIN `per_juridica` `pj` ON `persona`.`id_persona` = `pj`.`id_persona`
LEFT JOIN `empleado` `e` ON `persona`.`id_persona` = `e`.`id_persona`
LEFT JOIN `proveedor` `pr` ON `persona`.`id_persona` = `pr`.`id_persona`
WHERE `persona`.`ci_rif` = :persona.ci_rif:
 LIMIT 1', [...], false)
 4 SYSTEMPATH\Model.php(330): CodeIgniter\Database\BaseBuilder->get()
 5 SYSTEMPATH\BaseModel.php(717): CodeIgniter\Model->doFirst()
 6 APPPATH\Models\Persona.php(36): CodeIgniter\BaseModel->first()
 7 APPPATH\Controllers\BuscarProvedor.php(18): App\Models\Persona->buscarPorCiRif('15732420')
 8 SYSTEMPATH\CodeIgniter.php(933): App\Controllers\BuscarProvedor->buscarPorCiRif()
 9 SYSTEMPATH\CodeIgniter.php(507): CodeIgniter\CodeIgniter->runController(Object(App\Controllers\BuscarProvedor))
10 SYSTEMPATH\CodeIgniter.php(354): CodeIgniter\CodeIgniter->handleRequest(null, Object(Config\Cache), false)
11 SYSTEMPATH\Boot.php(334): CodeIgniter\CodeIgniter->run()
12 SYSTEMPATH\Boot.php(67): CodeIgniter\Boot::runCodeIgniter(Object(CodeIgniter\CodeIgniter))
13 FCPATH\index.php(59): CodeIgniter\Boot::bootWeb(Object(Config\Paths))
CRITICAL - 2025-12-14 07:21:34 --> [Caused by] mysqli_sql_exception: You have an error in your SQL syntax; check the manual that corresponds to your MySQL server version for the right syntax to use near '.`nombre`, `pn`.`apellido`, `pn`.`sexo`, `pj`.`razon_social`, `e`.`estatus` as `' at line 1
in SYSTEMPATH\Database\MySQLi\Connection.php on line 327.
 1 SYSTEMPATH\Database\MySQLi\Connection.php(327): mysqli->query('SELECT `persona`.*, `pr`.`id_proveedor` `pn`.`nombre`, `pn`.`apellido`, `pn`.`sexo`, `pj`.`razon_social`, `e`.`estatus` as `estatus_empleado`
FROM `persona`
LEFT JOIN `per_natural` `pn` ON `persona`.`id_persona` = `pn`.`id_persona`
LEFT JOIN `per_juridica` `pj` ON `persona`.`id_persona` = `pj`.`id_persona`
LEFT JOIN `empleado` `e` ON `persona`.`id_persona` = `e`.`id_persona`
LEFT JOIN `proveedor` `pr` ON `persona`.`id_persona` = `pr`.`id_persona`
WHERE `persona`.`ci_rif` = \'15732420\'
 LIMIT 1', 0)
 2 SYSTEMPATH\Database\BaseConnection.php(738): CodeIgniter\Database\MySQLi\Connection->execute('SELECT `persona`.*, `pr`.`id_proveedor` `pn`.`nombre`, `pn`.`apellido`, `pn`.`sexo`, `pj`.`razon_social`, `e`.`estatus` as `estatus_empleado`
FROM `persona`
LEFT JOIN `per_natural` `pn` ON `persona`.`id_persona` = `pn`.`id_persona`
LEFT JOIN `per_juridica` `pj` ON `persona`.`id_persona` = `pj`.`id_persona`
LEFT JOIN `empleado` `e` ON `persona`.`id_persona` = `e`.`id_persona`
LEFT JOIN `proveedor` `pr` ON `persona`.`id_persona` = `pr`.`id_persona`
WHERE `persona`.`ci_rif` = \'15732420\'
 LIMIT 1')
 3 SYSTEMPATH\Database\BaseConnection.php(652): CodeIgniter\Database\BaseConnection->simpleQuery('SELECT `persona`.*, `pr`.`id_proveedor` `pn`.`nombre`, `pn`.`apellido`, `pn`.`sexo`, `pj`.`razon_social`, `e`.`estatus` as `estatus_empleado`
FROM `persona`
LEFT JOIN `per_natural` `pn` ON `persona`.`id_persona` = `pn`.`id_persona`
LEFT JOIN `per_juridica` `pj` ON `persona`.`id_persona` = `pj`.`id_persona`
LEFT JOIN `empleado` `e` ON `persona`.`id_persona` = `e`.`id_persona`
LEFT JOIN `proveedor` `pr` ON `persona`.`id_persona` = `pr`.`id_persona`
WHERE `persona`.`ci_rif` = \'15732420\'
 LIMIT 1')
 4 SYSTEMPATH\Database\BaseBuilder.php(1649): CodeIgniter\Database\BaseConnection->query('SELECT `persona`.*, `pr`.`id_proveedor` `pn`.`nombre`, `pn`.`apellido`, `pn`.`sexo`, `pj`.`razon_social`, `e`.`estatus` as `estatus_empleado`
FROM `persona`
LEFT JOIN `per_natural` `pn` ON `persona`.`id_persona` = `pn`.`id_persona`
LEFT JOIN `per_juridica` `pj` ON `persona`.`id_persona` = `pj`.`id_persona`
LEFT JOIN `empleado` `e` ON `persona`.`id_persona` = `e`.`id_persona`
LEFT JOIN `proveedor` `pr` ON `persona`.`id_persona` = `pr`.`id_persona`
WHERE `persona`.`ci_rif` = :persona.ci_rif:
 LIMIT 1', [...], false)
 5 SYSTEMPATH\Model.php(330): CodeIgniter\Database\BaseBuilder->get()
 6 SYSTEMPATH\BaseModel.php(717): CodeIgniter\Model->doFirst()
 7 APPPATH\Models\Persona.php(36): CodeIgniter\BaseModel->first()
 8 APPPATH\Controllers\BuscarProvedor.php(18): App\Models\Persona->buscarPorCiRif('15732420')
 9 SYSTEMPATH\CodeIgniter.php(933): App\Controllers\BuscarProvedor->buscarPorCiRif()
10 SYSTEMPATH\CodeIgniter.php(507): CodeIgniter\CodeIgniter->runController(Object(App\Controllers\BuscarProvedor))
11 SYSTEMPATH\CodeIgniter.php(354): CodeIgniter\CodeIgniter->handleRequest(null, Object(Config\Cache), false)
12 SYSTEMPATH\Boot.php(334): CodeIgniter\CodeIgniter->run()
13 SYSTEMPATH\Boot.php(67): CodeIgniter\Boot::runCodeIgniter(Object(CodeIgniter\CodeIgniter))
14 FCPATH\index.php(59): CodeIgniter\Boot::bootWeb(Object(Config\Paths))
ERROR - 2025-12-14 08:43:47 --> mysqli_sql_exception: Cannot delete or update a parent row: a foreign key constraint fails (`sistema_adminstrativo`.`detalle_venta`, CONSTRAINT `id_ producto` FOREIGN KEY (`id_producto`) REFERENCES `producto` (`id_producto`)) in C:\xampp\htdocs\sistema-administrativo\system\Database\MySQLi\Connection.php:327
Stack trace:
#0 C:\xampp\htdocs\sistema-administrativo\system\Database\MySQLi\Connection.php(327): mysqli->query('DELETE FROM `pr...', 0)
#1 C:\xampp\htdocs\sistema-administrativo\system\Database\BaseConnection.php(738): CodeIgniter\Database\MySQLi\Connection->execute('DELETE FROM `pr...')
#2 C:\xampp\htdocs\sistema-administrativo\system\Database\BaseConnection.php(652): CodeIgniter\Database\BaseConnection->simpleQuery('DELETE FROM `pr...')
#3 C:\xampp\htdocs\sistema-administrativo\system\Database\BaseBuilder.php(2848): CodeIgniter\Database\BaseConnection->query('DELETE FROM `pr...', Array, false)
#4 C:\xampp\htdocs\sistema-administrativo\app\Models\Producto.php(59): CodeIgniter\Database\BaseBuilder->delete()
#5 C:\xampp\htdocs\sistema-administrativo\app\Controllers\ListarProducto.php(53): App\Models\Producto->eliminarProducto('JOSE24')
#6 C:\xampp\htdocs\sistema-administrativo\system\CodeIgniter.php(933): App\Controllers\ListarProducto->eliminarProducto('JOSE24')
#7 C:\xampp\htdocs\sistema-administrativo\system\CodeIgniter.php(507): CodeIgniter\CodeIgniter->runController(Object(App\Controllers\ListarProducto))
#8 C:\xampp\htdocs\sistema-administrativo\system\CodeIgniter.php(354): CodeIgniter\CodeIgniter->handleRequest(NULL, Object(Config\Cache), false)
#9 C:\xampp\htdocs\sistema-administrativo\system\Boot.php(334): CodeIgniter\CodeIgniter->run()
#10 C:\xampp\htdocs\sistema-administrativo\system\Boot.php(67): CodeIgniter\Boot::runCodeIgniter(Object(CodeIgniter\CodeIgniter))
#11 C:\xampp\htdocs\sistema-administrativo\index.php(59): CodeIgniter\Boot::bootWeb(Object(Config\Paths))
#12 {main}
CRITICAL - 2025-12-14 08:43:47 --> CodeIgniter\Database\Exceptions\DatabaseException: Cannot delete or update a parent row: a foreign key constraint fails (`sistema_adminstrativo`.`detalle_venta`, CONSTRAINT `id_ producto` FOREIGN KEY (`id_producto`) REFERENCES `producto` (`id_producto`))
[Method: DELETE, Route: eliminarProducto/JOSE24]
in SYSTEMPATH\Database\BaseConnection.php on line 692.
 1 SYSTEMPATH\Database\BaseBuilder.php(2848): CodeIgniter\Database\BaseConnection->query('DELETE FROM `producto`
WHERE `id_producto` = :id_producto:', [...], false)
 2 APPPATH\Models\Producto.php(59): CodeIgniter\Database\BaseBuilder->delete()
 3 APPPATH\Controllers\ListarProducto.php(53): App\Models\Producto->eliminarProducto('JOSE24')
 4 SYSTEMPATH\CodeIgniter.php(933): App\Controllers\ListarProducto->eliminarProducto('JOSE24')
 5 SYSTEMPATH\CodeIgniter.php(507): CodeIgniter\CodeIgniter->runController(Object(App\Controllers\ListarProducto))
 6 SYSTEMPATH\CodeIgniter.php(354): CodeIgniter\CodeIgniter->handleRequest(null, Object(Config\Cache), false)
 7 SYSTEMPATH\Boot.php(334): CodeIgniter\CodeIgniter->run()
 8 SYSTEMPATH\Boot.php(67): CodeIgniter\Boot::runCodeIgniter(Object(CodeIgniter\CodeIgniter))
 9 FCPATH\index.php(59): CodeIgniter\Boot::bootWeb(Object(Config\Paths))
CRITICAL - 2025-12-14 08:43:47 --> [Caused by] CodeIgniter\Database\Exceptions\DatabaseException: Cannot delete or update a parent row: a foreign key constraint fails (`sistema_adminstrativo`.`detalle_venta`, CONSTRAINT `id_ producto` FOREIGN KEY (`id_producto`) REFERENCES `producto` (`id_producto`))
in SYSTEMPATH\Database\MySQLi\Connection.php on line 332.
 1 SYSTEMPATH\Database\BaseConnection.php(738): CodeIgniter\Database\MySQLi\Connection->execute('DELETE FROM `producto`
WHERE `id_producto` = \'JOSE24\'')
 2 SYSTEMPATH\Database\BaseConnection.php(652): CodeIgniter\Database\BaseConnection->simpleQuery('DELETE FROM `producto`
WHERE `id_producto` = \'JOSE24\'')
 3 SYSTEMPATH\Database\BaseBuilder.php(2848): CodeIgniter\Database\BaseConnection->query('DELETE FROM `producto`
WHERE `id_producto` = :id_producto:', [...], false)
 4 APPPATH\Models\Producto.php(59): CodeIgniter\Database\BaseBuilder->delete()
 5 APPPATH\Controllers\ListarProducto.php(53): App\Models\Producto->eliminarProducto('JOSE24')
 6 SYSTEMPATH\CodeIgniter.php(933): App\Controllers\ListarProducto->eliminarProducto('JOSE24')
 7 SYSTEMPATH\CodeIgniter.php(507): CodeIgniter\CodeIgniter->runController(Object(App\Controllers\ListarProducto))
 8 SYSTEMPATH\CodeIgniter.php(354): CodeIgniter\CodeIgniter->handleRequest(null, Object(Config\Cache), false)
 9 SYSTEMPATH\Boot.php(334): CodeIgniter\CodeIgniter->run()
10 SYSTEMPATH\Boot.php(67): CodeIgniter\Boot::runCodeIgniter(Object(CodeIgniter\CodeIgniter))
11 FCPATH\index.php(59): CodeIgniter\Boot::bootWeb(Object(Config\Paths))
CRITICAL - 2025-12-14 08:43:47 --> [Caused by] mysqli_sql_exception: Cannot delete or update a parent row: a foreign key constraint fails (`sistema_adminstrativo`.`detalle_venta`, CONSTRAINT `id_ producto` FOREIGN KEY (`id_producto`) REFERENCES `producto` (`id_producto`))
in SYSTEMPATH\Database\MySQLi\Connection.php on line 327.
 1 SYSTEMPATH\Database\MySQLi\Connection.php(327): mysqli->query('DELETE FROM `producto`
WHERE `id_producto` = \'JOSE24\'', 0)
 2 SYSTEMPATH\Database\BaseConnection.php(738): CodeIgniter\Database\MySQLi\Connection->execute('DELETE FROM `producto`
WHERE `id_producto` = \'JOSE24\'')
 3 SYSTEMPATH\Database\BaseConnection.php(652): CodeIgniter\Database\BaseConnection->simpleQuery('DELETE FROM `producto`
WHERE `id_producto` = \'JOSE24\'')
 4 SYSTEMPATH\Database\BaseBuilder.php(2848): CodeIgniter\Database\BaseConnection->query('DELETE FROM `producto`
WHERE `id_producto` = :id_producto:', [...], false)
 5 APPPATH\Models\Producto.php(59): CodeIgniter\Database\BaseBuilder->delete()
 6 APPPATH\Controllers\ListarProducto.php(53): App\Models\Producto->eliminarProducto('JOSE24')
 7 SYSTEMPATH\CodeIgniter.php(933): App\Controllers\ListarProducto->eliminarProducto('JOSE24')
 8 SYSTEMPATH\CodeIgniter.php(507): CodeIgniter\CodeIgniter->runController(Object(App\Controllers\ListarProducto))
 9 SYSTEMPATH\CodeIgniter.php(354): CodeIgniter\CodeIgniter->handleRequest(null, Object(Config\Cache), false)
10 SYSTEMPATH\Boot.php(334): CodeIgniter\CodeIgniter->run()
11 SYSTEMPATH\Boot.php(67): CodeIgniter\Boot::runCodeIgniter(Object(CodeIgniter\CodeIgniter))
12 FCPATH\index.php(59): CodeIgniter\Boot::bootWeb(Object(Config\Paths))
ERROR - 2025-12-14 08:49:24 --> mysqli_sql_exception: Cannot delete or update a parent row: a foreign key constraint fails (`sistema_adminstrativo`.`detalle_venta`, CONSTRAINT `id_ producto` FOREIGN KEY (`id_producto`) REFERENCES `producto` (`id_producto`)) in C:\xampp\htdocs\sistema-administrativo\system\Database\MySQLi\Connection.php:327
Stack trace:
#0 C:\xampp\htdocs\sistema-administrativo\system\Database\MySQLi\Connection.php(327): mysqli->query('DELETE FROM `pr...', 0)
#1 C:\xampp\htdocs\sistema-administrativo\system\Database\BaseConnection.php(738): CodeIgniter\Database\MySQLi\Connection->execute('DELETE FROM `pr...')
#2 C:\xampp\htdocs\sistema-administrativo\system\Database\BaseConnection.php(652): CodeIgniter\Database\BaseConnection->simpleQuery('DELETE FROM `pr...')
#3 C:\xampp\htdocs\sistema-administrativo\system\Database\BaseBuilder.php(2848): CodeIgniter\Database\BaseConnection->query('DELETE FROM `pr...', Array, false)
#4 C:\xampp\htdocs\sistema-administrativo\app\Models\Producto.php(59): CodeIgniter\Database\BaseBuilder->delete()
#5 C:\xampp\htdocs\sistema-administrativo\app\Controllers\ListarProducto.php(54): App\Models\Producto->eliminarProducto('JOSE24')
#6 C:\xampp\htdocs\sistema-administrativo\system\CodeIgniter.php(933): App\Controllers\ListarProducto->eliminarProducto()
#7 C:\xampp\htdocs\sistema-administrativo\system\CodeIgniter.php(507): CodeIgniter\CodeIgniter->runController(Object(App\Controllers\ListarProducto))
#8 C:\xampp\htdocs\sistema-administrativo\system\CodeIgniter.php(354): CodeIgniter\CodeIgniter->handleRequest(NULL, Object(Config\Cache), false)
#9 C:\xampp\htdocs\sistema-administrativo\system\Boot.php(334): CodeIgniter\CodeIgniter->run()
#10 C:\xampp\htdocs\sistema-administrativo\system\Boot.php(67): CodeIgniter\Boot::runCodeIgniter(Object(CodeIgniter\CodeIgniter))
#11 C:\xampp\htdocs\sistema-administrativo\index.php(59): CodeIgniter\Boot::bootWeb(Object(Config\Paths))
#12 {main}
CRITICAL - 2025-12-14 08:49:24 --> CodeIgniter\Database\Exceptions\DatabaseException: Cannot delete or update a parent row: a foreign key constraint fails (`sistema_adminstrativo`.`detalle_venta`, CONSTRAINT `id_ producto` FOREIGN KEY (`id_producto`) REFERENCES `producto` (`id_producto`))
[Method: POST, Route: eliminarProducto]
in SYSTEMPATH\Database\BaseConnection.php on line 692.
 1 SYSTEMPATH\Database\BaseBuilder.php(2848): CodeIgniter\Database\BaseConnection->query('DELETE FROM `producto`
WHERE `id_producto` = :id_producto:', [...], false)
 2 APPPATH\Models\Producto.php(59): CodeIgniter\Database\BaseBuilder->delete()
 3 APPPATH\Controllers\ListarProducto.php(54): App\Models\Producto->eliminarProducto('JOSE24')
 4 SYSTEMPATH\CodeIgniter.php(933): App\Controllers\ListarProducto->eliminarProducto()
 5 SYSTEMPATH\CodeIgniter.php(507): CodeIgniter\CodeIgniter->runController(Object(App\Controllers\ListarProducto))
 6 SYSTEMPATH\CodeIgniter.php(354): CodeIgniter\CodeIgniter->handleRequest(null, Object(Config\Cache), false)
 7 SYSTEMPATH\Boot.php(334): CodeIgniter\CodeIgniter->run()
 8 SYSTEMPATH\Boot.php(67): CodeIgniter\Boot::runCodeIgniter(Object(CodeIgniter\CodeIgniter))
 9 FCPATH\index.php(59): CodeIgniter\Boot::bootWeb(Object(Config\Paths))
CRITICAL - 2025-12-14 08:49:24 --> [Caused by] CodeIgniter\Database\Exceptions\DatabaseException: Cannot delete or update a parent row: a foreign key constraint fails (`sistema_adminstrativo`.`detalle_venta`, CONSTRAINT `id_ producto` FOREIGN KEY (`id_producto`) REFERENCES `producto` (`id_producto`))
in SYSTEMPATH\Database\MySQLi\Connection.php on line 332.
 1 SYSTEMPATH\Database\BaseConnection.php(738): CodeIgniter\Database\MySQLi\Connection->execute('DELETE FROM `producto`
WHERE `id_producto` = \'JOSE24\'')
 2 SYSTEMPATH\Database\BaseConnection.php(652): CodeIgniter\Database\BaseConnection->simpleQuery('DELETE FROM `producto`
WHERE `id_producto` = \'JOSE24\'')
 3 SYSTEMPATH\Database\BaseBuilder.php(2848): CodeIgniter\Database\BaseConnection->query('DELETE FROM `producto`
WHERE `id_producto` = :id_producto:', [...], false)
 4 APPPATH\Models\Producto.php(59): CodeIgniter\Database\BaseBuilder->delete()
 5 APPPATH\Controllers\ListarProducto.php(54): App\Models\Producto->eliminarProducto('JOSE24')
 6 SYSTEMPATH\CodeIgniter.php(933): App\Controllers\ListarProducto->eliminarProducto()
 7 SYSTEMPATH\CodeIgniter.php(507): CodeIgniter\CodeIgniter->runController(Object(App\Controllers\ListarProducto))
 8 SYSTEMPATH\CodeIgniter.php(354): CodeIgniter\CodeIgniter->handleRequest(null, Object(Config\Cache), false)
 9 SYSTEMPATH\Boot.php(334): CodeIgniter\CodeIgniter->run()
10 SYSTEMPATH\Boot.php(67): CodeIgniter\Boot::runCodeIgniter(Object(CodeIgniter\CodeIgniter))
11 FCPATH\index.php(59): CodeIgniter\Boot::bootWeb(Object(Config\Paths))
CRITICAL - 2025-12-14 08:49:24 --> [Caused by] mysqli_sql_exception: Cannot delete or update a parent row: a foreign key constraint fails (`sistema_adminstrativo`.`detalle_venta`, CONSTRAINT `id_ producto` FOREIGN KEY (`id_producto`) REFERENCES `producto` (`id_producto`))
in SYSTEMPATH\Database\MySQLi\Connection.php on line 327.
 1 SYSTEMPATH\Database\MySQLi\Connection.php(327): mysqli->query('DELETE FROM `producto`
WHERE `id_producto` = \'JOSE24\'', 0)
 2 SYSTEMPATH\Database\BaseConnection.php(738): CodeIgniter\Database\MySQLi\Connection->execute('DELETE FROM `producto`
WHERE `id_producto` = \'JOSE24\'')
 3 SYSTEMPATH\Database\BaseConnection.php(652): CodeIgniter\Database\BaseConnection->simpleQuery('DELETE FROM `producto`
WHERE `id_producto` = \'JOSE24\'')
 4 SYSTEMPATH\Database\BaseBuilder.php(2848): CodeIgniter\Database\BaseConnection->query('DELETE FROM `producto`
WHERE `id_producto` = :id_producto:', [...], false)
 5 APPPATH\Models\Producto.php(59): CodeIgniter\Database\BaseBuilder->delete()
 6 APPPATH\Controllers\ListarProducto.php(54): App\Models\Producto->eliminarProducto('JOSE24')
 7 SYSTEMPATH\CodeIgniter.php(933): App\Controllers\ListarProducto->eliminarProducto()
 8 SYSTEMPATH\CodeIgniter.php(507): CodeIgniter\CodeIgniter->runController(Object(App\Controllers\ListarProducto))
 9 SYSTEMPATH\CodeIgniter.php(354): CodeIgniter\CodeIgniter->handleRequest(null, Object(Config\Cache), false)
10 SYSTEMPATH\Boot.php(334): CodeIgniter\CodeIgniter->run()
11 SYSTEMPATH\Boot.php(67): CodeIgniter\Boot::runCodeIgniter(Object(CodeIgniter\CodeIgniter))
12 FCPATH\index.php(59): CodeIgniter\Boot::bootWeb(Object(Config\Paths))
CRITICAL - 2025-12-14 08:55:10 --> ErrorException: Undefined property: stdClass::$id_tono
[Method: POST, Route: actualizarProducto/JOSE24]
in APPPATH\Controllers\ListarProducto.php on line 38.
 1 APPPATH\Controllers\ListarProducto.php(38): CodeIgniter\Debug\Exceptions->errorHandler(2, 'Undefined property: stdClass::$id_tono', 'C:\\xampp\\htdocs\\sistema-administrativo\\app\\Controllers\\ListarProducto.php', 38)
 2 SYSTEMPATH\CodeIgniter.php(933): App\Controllers\ListarProducto->actualizarProducto('JOSE24')
 3 SYSTEMPATH\CodeIgniter.php(507): CodeIgniter\CodeIgniter->runController(Object(App\Controllers\ListarProducto))
 4 SYSTEMPATH\CodeIgniter.php(354): CodeIgniter\CodeIgniter->handleRequest(null, Object(Config\Cache), false)
 5 SYSTEMPATH\Boot.php(334): CodeIgniter\CodeIgniter->run()
 6 SYSTEMPATH\Boot.php(67): CodeIgniter\Boot::runCodeIgniter(Object(CodeIgniter\CodeIgniter))
 7 FCPATH\index.php(59): CodeIgniter\Boot::bootWeb(Object(Config\Paths))
CRITICAL - 2025-12-14 08:55:11 --> ErrorException: Undefined property: stdClass::$id_tono
[Method: POST, Route: actualizarProducto/JOSE24]
in APPPATH\Controllers\ListarProducto.php on line 38.
 1 APPPATH\Controllers\ListarProducto.php(38): CodeIgniter\Debug\Exceptions->errorHandler(2, 'Undefined property: stdClass::$id_tono', 'C:\\xampp\\htdocs\\sistema-administrativo\\app\\Controllers\\ListarProducto.php', 38)
 2 SYSTEMPATH\CodeIgniter.php(933): App\Controllers\ListarProducto->actualizarProducto('JOSE24')
 3 SYSTEMPATH\CodeIgniter.php(507): CodeIgniter\CodeIgniter->runController(Object(App\Controllers\ListarProducto))
 4 SYSTEMPATH\CodeIgniter.php(354): CodeIgniter\CodeIgniter->handleRequest(null, Object(Config\Cache), false)
 5 SYSTEMPATH\Boot.php(334): CodeIgniter\CodeIgniter->run()
 6 SYSTEMPATH\Boot.php(67): CodeIgniter\Boot::runCodeIgniter(Object(CodeIgniter\CodeIgniter))
 7 FCPATH\index.php(59): CodeIgniter\Boot::bootWeb(Object(Config\Paths))
CRITICAL - 2025-12-14 08:55:11 --> ErrorException: Undefined property: stdClass::$id_tono
[Method: POST, Route: actualizarProducto/JOSE24]
in APPPATH\Controllers\ListarProducto.php on line 38.
 1 APPPATH\Controllers\ListarProducto.php(38): CodeIgniter\Debug\Exceptions->errorHandler(2, 'Undefined property: stdClass::$id_tono', 'C:\\xampp\\htdocs\\sistema-administrativo\\app\\Controllers\\ListarProducto.php', 38)
 2 SYSTEMPATH\CodeIgniter.php(933): App\Controllers\ListarProducto->actualizarProducto('JOSE24')
 3 SYSTEMPATH\CodeIgniter.php(507): CodeIgniter\CodeIgniter->runController(Object(App\Controllers\ListarProducto))
 4 SYSTEMPATH\CodeIgniter.php(354): CodeIgniter\CodeIgniter->handleRequest(null, Object(Config\Cache), false)
 5 SYSTEMPATH\Boot.php(334): CodeIgniter\CodeIgniter->run()
 6 SYSTEMPATH\Boot.php(67): CodeIgniter\Boot::runCodeIgniter(Object(CodeIgniter\CodeIgniter))
 7 FCPATH\index.php(59): CodeIgniter\Boot::bootWeb(Object(Config\Paths))
CRITICAL - 2025-12-14 08:55:11 --> ErrorException: Undefined property: stdClass::$id_tono
[Method: POST, Route: actualizarProducto/JOSE24]
in APPPATH\Controllers\ListarProducto.php on line 38.
 1 APPPATH\Controllers\ListarProducto.php(38): CodeIgniter\Debug\Exceptions->errorHandler(2, 'Undefined property: stdClass::$id_tono', 'C:\\xampp\\htdocs\\sistema-administrativo\\app\\Controllers\\ListarProducto.php', 38)
 2 SYSTEMPATH\CodeIgniter.php(933): App\Controllers\ListarProducto->actualizarProducto('JOSE24')
 3 SYSTEMPATH\CodeIgniter.php(507): CodeIgniter\CodeIgniter->runController(Object(App\Controllers\ListarProducto))
 4 SYSTEMPATH\CodeIgniter.php(354): CodeIgniter\CodeIgniter->handleRequest(null, Object(Config\Cache), false)
 5 SYSTEMPATH\Boot.php(334): CodeIgniter\CodeIgniter->run()
 6 SYSTEMPATH\Boot.php(67): CodeIgniter\Boot::runCodeIgniter(Object(CodeIgniter\CodeIgniter))
 7 FCPATH\index.php(59): CodeIgniter\Boot::bootWeb(Object(Config\Paths))
ERROR - 2025-12-14 09:02:50 --> mysqli_sql_exception: Cannot delete or update a parent row: a foreign key constraint fails (`sistema_adminstrativo`.`detalle_venta`, CONSTRAINT `id_ producto` FOREIGN KEY (`id_producto`) REFERENCES `producto` (`id_producto`)) in C:\xampp\htdocs\sistema-administrativo\system\Database\MySQLi\Connection.php:327
Stack trace:
#0 C:\xampp\htdocs\sistema-administrativo\system\Database\MySQLi\Connection.php(327): mysqli->query('DELETE FROM `pr...', 0)
#1 C:\xampp\htdocs\sistema-administrativo\system\Database\BaseConnection.php(738): CodeIgniter\Database\MySQLi\Connection->execute('DELETE FROM `pr...')
#2 C:\xampp\htdocs\sistema-administrativo\system\Database\BaseConnection.php(652): CodeIgniter\Database\BaseConnection->simpleQuery('DELETE FROM `pr...')
#3 C:\xampp\htdocs\sistema-administrativo\system\Database\BaseBuilder.php(2848): CodeIgniter\Database\BaseConnection->query('DELETE FROM `pr...', Array, false)
#4 C:\xampp\htdocs\sistema-administrativo\app\Models\Producto.php(59): CodeIgniter\Database\BaseBuilder->delete()
#5 C:\xampp\htdocs\sistema-administrativo\app\Controllers\ListarProducto.php(52): App\Models\Producto->eliminarProducto('JOSE24')
#6 C:\xampp\htdocs\sistema-administrativo\system\CodeIgniter.php(933): App\Controllers\ListarProducto->eliminarProducto('JOSE24')
#7 C:\xampp\htdocs\sistema-administrativo\system\CodeIgniter.php(507): CodeIgniter\CodeIgniter->runController(Object(App\Controllers\ListarProducto))
#8 C:\xampp\htdocs\sistema-administrativo\system\CodeIgniter.php(354): CodeIgniter\CodeIgniter->handleRequest(NULL, Object(Config\Cache), false)
#9 C:\xampp\htdocs\sistema-administrativo\system\Boot.php(334): CodeIgniter\CodeIgniter->run()
#10 C:\xampp\htdocs\sistema-administrativo\system\Boot.php(67): CodeIgniter\Boot::runCodeIgniter(Object(CodeIgniter\CodeIgniter))
#11 C:\xampp\htdocs\sistema-administrativo\index.php(59): CodeIgniter\Boot::bootWeb(Object(Config\Paths))
#12 {main}
CRITICAL - 2025-12-14 09:02:50 --> CodeIgniter\Database\Exceptions\DatabaseException: Cannot delete or update a parent row: a foreign key constraint fails (`sistema_adminstrativo`.`detalle_venta`, CONSTRAINT `id_ producto` FOREIGN KEY (`id_producto`) REFERENCES `producto` (`id_producto`))
[Method: POST, Route: eliminarProducto/JOSE24]
in SYSTEMPATH\Database\BaseConnection.php on line 692.
 1 SYSTEMPATH\Database\BaseBuilder.php(2848): CodeIgniter\Database\BaseConnection->query('DELETE FROM `producto`
WHERE `id_producto` = :id_producto:', [...], false)
 2 APPPATH\Models\Producto.php(59): CodeIgniter\Database\BaseBuilder->delete()
 3 APPPATH\Controllers\ListarProducto.php(52): App\Models\Producto->eliminarProducto('JOSE24')
 4 SYSTEMPATH\CodeIgniter.php(933): App\Controllers\ListarProducto->eliminarProducto('JOSE24')
 5 SYSTEMPATH\CodeIgniter.php(507): CodeIgniter\CodeIgniter->runController(Object(App\Controllers\ListarProducto))
 6 SYSTEMPATH\CodeIgniter.php(354): CodeIgniter\CodeIgniter->handleRequest(null, Object(Config\Cache), false)
 7 SYSTEMPATH\Boot.php(334): CodeIgniter\CodeIgniter->run()
 8 SYSTEMPATH\Boot.php(67): CodeIgniter\Boot::runCodeIgniter(Object(CodeIgniter\CodeIgniter))
 9 FCPATH\index.php(59): CodeIgniter\Boot::bootWeb(Object(Config\Paths))
CRITICAL - 2025-12-14 09:02:50 --> [Caused by] CodeIgniter\Database\Exceptions\DatabaseException: Cannot delete or update a parent row: a foreign key constraint fails (`sistema_adminstrativo`.`detalle_venta`, CONSTRAINT `id_ producto` FOREIGN KEY (`id_producto`) REFERENCES `producto` (`id_producto`))
in SYSTEMPATH\Database\MySQLi\Connection.php on line 332.
 1 SYSTEMPATH\Database\BaseConnection.php(738): CodeIgniter\Database\MySQLi\Connection->execute('DELETE FROM `producto`
WHERE `id_producto` = \'JOSE24\'')
 2 SYSTEMPATH\Database\BaseConnection.php(652): CodeIgniter\Database\BaseConnection->simpleQuery('DELETE FROM `producto`
WHERE `id_producto` = \'JOSE24\'')
 3 SYSTEMPATH\Database\BaseBuilder.php(2848): CodeIgniter\Database\BaseConnection->query('DELETE FROM `producto`
WHERE `id_producto` = :id_producto:', [...], false)
 4 APPPATH\Models\Producto.php(59): CodeIgniter\Database\BaseBuilder->delete()
 5 APPPATH\Controllers\ListarProducto.php(52): App\Models\Producto->eliminarProducto('JOSE24')
 6 SYSTEMPATH\CodeIgniter.php(933): App\Controllers\ListarProducto->eliminarProducto('JOSE24')
 7 SYSTEMPATH\CodeIgniter.php(507): CodeIgniter\CodeIgniter->runController(Object(App\Controllers\ListarProducto))
 8 SYSTEMPATH\CodeIgniter.php(354): CodeIgniter\CodeIgniter->handleRequest(null, Object(Config\Cache), false)
 9 SYSTEMPATH\Boot.php(334): CodeIgniter\CodeIgniter->run()
10 SYSTEMPATH\Boot.php(67): CodeIgniter\Boot::runCodeIgniter(Object(CodeIgniter\CodeIgniter))
11 FCPATH\index.php(59): CodeIgniter\Boot::bootWeb(Object(Config\Paths))
CRITICAL - 2025-12-14 09:02:50 --> [Caused by] mysqli_sql_exception: Cannot delete or update a parent row: a foreign key constraint fails (`sistema_adminstrativo`.`detalle_venta`, CONSTRAINT `id_ producto` FOREIGN KEY (`id_producto`) REFERENCES `producto` (`id_producto`))
in SYSTEMPATH\Database\MySQLi\Connection.php on line 327.
 1 SYSTEMPATH\Database\MySQLi\Connection.php(327): mysqli->query('DELETE FROM `producto`
WHERE `id_producto` = \'JOSE24\'', 0)
 2 SYSTEMPATH\Database\BaseConnection.php(738): CodeIgniter\Database\MySQLi\Connection->execute('DELETE FROM `producto`
WHERE `id_producto` = \'JOSE24\'')
 3 SYSTEMPATH\Database\BaseConnection.php(652): CodeIgniter\Database\BaseConnection->simpleQuery('DELETE FROM `producto`
WHERE `id_producto` = \'JOSE24\'')
 4 SYSTEMPATH\Database\BaseBuilder.php(2848): CodeIgniter\Database\BaseConnection->query('DELETE FROM `producto`
WHERE `id_producto` = :id_producto:', [...], false)
 5 APPPATH\Models\Producto.php(59): CodeIgniter\Database\BaseBuilder->delete()
 6 APPPATH\Controllers\ListarProducto.php(52): App\Models\Producto->eliminarProducto('JOSE24')
 7 SYSTEMPATH\CodeIgniter.php(933): App\Controllers\ListarProducto->eliminarProducto('JOSE24')
 8 SYSTEMPATH\CodeIgniter.php(507): CodeIgniter\CodeIgniter->runController(Object(App\Controllers\ListarProducto))
 9 SYSTEMPATH\CodeIgniter.php(354): CodeIgniter\CodeIgniter->handleRequest(null, Object(Config\Cache), false)
10 SYSTEMPATH\Boot.php(334): CodeIgniter\CodeIgniter->run()
11 SYSTEMPATH\Boot.php(67): CodeIgniter\Boot::runCodeIgniter(Object(CodeIgniter\CodeIgniter))
12 FCPATH\index.php(59): CodeIgniter\Boot::bootWeb(Object(Config\Paths))
ERROR - 2025-12-14 09:02:55 --> mysqli_sql_exception: Cannot delete or update a parent row: a foreign key constraint fails (`sistema_adminstrativo`.`detalle_venta`, CONSTRAINT `id_ producto` FOREIGN KEY (`id_producto`) REFERENCES `producto` (`id_producto`)) in C:\xampp\htdocs\sistema-administrativo\system\Database\MySQLi\Connection.php:327
Stack trace:
#0 C:\xampp\htdocs\sistema-administrativo\system\Database\MySQLi\Connection.php(327): mysqli->query('DELETE FROM `pr...', 0)
#1 C:\xampp\htdocs\sistema-administrativo\system\Database\BaseConnection.php(738): CodeIgniter\Database\MySQLi\Connection->execute('DELETE FROM `pr...')
#2 C:\xampp\htdocs\sistema-administrativo\system\Database\BaseConnection.php(652): CodeIgniter\Database\BaseConnection->simpleQuery('DELETE FROM `pr...')
#3 C:\xampp\htdocs\sistema-administrativo\system\Database\BaseBuilder.php(2848): CodeIgniter\Database\BaseConnection->query('DELETE FROM `pr...', Array, false)
#4 C:\xampp\htdocs\sistema-administrativo\app\Models\Producto.php(59): CodeIgniter\Database\BaseBuilder->delete()
#5 C:\xampp\htdocs\sistema-administrativo\app\Controllers\ListarProducto.php(52): App\Models\Producto->eliminarProducto('JOSE24')
#6 C:\xampp\htdocs\sistema-administrativo\system\CodeIgniter.php(933): App\Controllers\ListarProducto->eliminarProducto('JOSE24')
#7 C:\xampp\htdocs\sistema-administrativo\system\CodeIgniter.php(507): CodeIgniter\CodeIgniter->runController(Object(App\Controllers\ListarProducto))
#8 C:\xampp\htdocs\sistema-administrativo\system\CodeIgniter.php(354): CodeIgniter\CodeIgniter->handleRequest(NULL, Object(Config\Cache), false)
#9 C:\xampp\htdocs\sistema-administrativo\system\Boot.php(334): CodeIgniter\CodeIgniter->run()
#10 C:\xampp\htdocs\sistema-administrativo\system\Boot.php(67): CodeIgniter\Boot::runCodeIgniter(Object(CodeIgniter\CodeIgniter))
#11 C:\xampp\htdocs\sistema-administrativo\index.php(59): CodeIgniter\Boot::bootWeb(Object(Config\Paths))
#12 {main}
CRITICAL - 2025-12-14 09:02:55 --> CodeIgniter\Database\Exceptions\DatabaseException: Cannot delete or update a parent row: a foreign key constraint fails (`sistema_adminstrativo`.`detalle_venta`, CONSTRAINT `id_ producto` FOREIGN KEY (`id_producto`) REFERENCES `producto` (`id_producto`))
[Method: POST, Route: eliminarProducto/JOSE24]
in SYSTEMPATH\Database\BaseConnection.php on line 692.
 1 SYSTEMPATH\Database\BaseBuilder.php(2848): CodeIgniter\Database\BaseConnection->query('DELETE FROM `producto`
WHERE `id_producto` = :id_producto:', [...], false)
 2 APPPATH\Models\Producto.php(59): CodeIgniter\Database\BaseBuilder->delete()
 3 APPPATH\Controllers\ListarProducto.php(52): App\Models\Producto->eliminarProducto('JOSE24')
 4 SYSTEMPATH\CodeIgniter.php(933): App\Controllers\ListarProducto->eliminarProducto('JOSE24')
 5 SYSTEMPATH\CodeIgniter.php(507): CodeIgniter\CodeIgniter->runController(Object(App\Controllers\ListarProducto))
 6 SYSTEMPATH\CodeIgniter.php(354): CodeIgniter\CodeIgniter->handleRequest(null, Object(Config\Cache), false)
 7 SYSTEMPATH\Boot.php(334): CodeIgniter\CodeIgniter->run()
 8 SYSTEMPATH\Boot.php(67): CodeIgniter\Boot::runCodeIgniter(Object(CodeIgniter\CodeIgniter))
 9 FCPATH\index.php(59): CodeIgniter\Boot::bootWeb(Object(Config\Paths))
CRITICAL - 2025-12-14 09:02:55 --> [Caused by] CodeIgniter\Database\Exceptions\DatabaseException: Cannot delete or update a parent row: a foreign key constraint fails (`sistema_adminstrativo`.`detalle_venta`, CONSTRAINT `id_ producto` FOREIGN KEY (`id_producto`) REFERENCES `producto` (`id_producto`))
in SYSTEMPATH\Database\MySQLi\Connection.php on line 332.
 1 SYSTEMPATH\Database\BaseConnection.php(738): CodeIgniter\Database\MySQLi\Connection->execute('DELETE FROM `producto`
WHERE `id_producto` = \'JOSE24\'')
 2 SYSTEMPATH\Database\BaseConnection.php(652): CodeIgniter\Database\BaseConnection->simpleQuery('DELETE FROM `producto`
WHERE `id_producto` = \'JOSE24\'')
 3 SYSTEMPATH\Database\BaseBuilder.php(2848): CodeIgniter\Database\BaseConnection->query('DELETE FROM `producto`
WHERE `id_producto` = :id_producto:', [...], false)
 4 APPPATH\Models\Producto.php(59): CodeIgniter\Database\BaseBuilder->delete()
 5 APPPATH\Controllers\ListarProducto.php(52): App\Models\Producto->eliminarProducto('JOSE24')
 6 SYSTEMPATH\CodeIgniter.php(933): App\Controllers\ListarProducto->eliminarProducto('JOSE24')
 7 SYSTEMPATH\CodeIgniter.php(507): CodeIgniter\CodeIgniter->runController(Object(App\Controllers\ListarProducto))
 8 SYSTEMPATH\CodeIgniter.php(354): CodeIgniter\CodeIgniter->handleRequest(null, Object(Config\Cache), false)
 9 SYSTEMPATH\Boot.php(334): CodeIgniter\CodeIgniter->run()
10 SYSTEMPATH\Boot.php(67): CodeIgniter\Boot::runCodeIgniter(Object(CodeIgniter\CodeIgniter))
11 FCPATH\index.php(59): CodeIgniter\Boot::bootWeb(Object(Config\Paths))
CRITICAL - 2025-12-14 09:02:55 --> [Caused by] mysqli_sql_exception: Cannot delete or update a parent row: a foreign key constraint fails (`sistema_adminstrativo`.`detalle_venta`, CONSTRAINT `id_ producto` FOREIGN KEY (`id_producto`) REFERENCES `producto` (`id_producto`))
in SYSTEMPATH\Database\MySQLi\Connection.php on line 327.
 1 SYSTEMPATH\Database\MySQLi\Connection.php(327): mysqli->query('DELETE FROM `producto`
WHERE `id_producto` = \'JOSE24\'', 0)
 2 SYSTEMPATH\Database\BaseConnection.php(738): CodeIgniter\Database\MySQLi\Connection->execute('DELETE FROM `producto`
WHERE `id_producto` = \'JOSE24\'')
 3 SYSTEMPATH\Database\BaseConnection.php(652): CodeIgniter\Database\BaseConnection->simpleQuery('DELETE FROM `producto`
WHERE `id_producto` = \'JOSE24\'')
 4 SYSTEMPATH\Database\BaseBuilder.php(2848): CodeIgniter\Database\BaseConnection->query('DELETE FROM `producto`
WHERE `id_producto` = :id_producto:', [...], false)
 5 APPPATH\Models\Producto.php(59): CodeIgniter\Database\BaseBuilder->delete()
 6 APPPATH\Controllers\ListarProducto.php(52): App\Models\Producto->eliminarProducto('JOSE24')
 7 SYSTEMPATH\CodeIgniter.php(933): App\Controllers\ListarProducto->eliminarProducto('JOSE24')
 8 SYSTEMPATH\CodeIgniter.php(507): CodeIgniter\CodeIgniter->runController(Object(App\Controllers\ListarProducto))
 9 SYSTEMPATH\CodeIgniter.php(354): CodeIgniter\CodeIgniter->handleRequest(null, Object(Config\Cache), false)
10 SYSTEMPATH\Boot.php(334): CodeIgniter\CodeIgniter->run()
11 SYSTEMPATH\Boot.php(67): CodeIgniter\Boot::runCodeIgniter(Object(CodeIgniter\CodeIgniter))
12 FCPATH\index.php(59): CodeIgniter\Boot::bootWeb(Object(Config\Paths))
ERROR - 2025-12-14 09:06:30 --> mysqli_sql_exception: Cannot delete or update a parent row: a foreign key constraint fails (`sistema_adminstrativo`.`detalle_venta`, CONSTRAINT `id_ producto` FOREIGN KEY (`id_producto`) REFERENCES `producto` (`id_producto`)) in C:\xampp\htdocs\sistema-administrativo\system\Database\MySQLi\Connection.php:327
Stack trace:
#0 C:\xampp\htdocs\sistema-administrativo\system\Database\MySQLi\Connection.php(327): mysqli->query('DELETE FROM `pr...', 0)
#1 C:\xampp\htdocs\sistema-administrativo\system\Database\BaseConnection.php(738): CodeIgniter\Database\MySQLi\Connection->execute('DELETE FROM `pr...')
#2 C:\xampp\htdocs\sistema-administrativo\system\Database\BaseConnection.php(652): CodeIgniter\Database\BaseConnection->simpleQuery('DELETE FROM `pr...')
#3 C:\xampp\htdocs\sistema-administrativo\system\Database\BaseBuilder.php(2848): CodeIgniter\Database\BaseConnection->query('DELETE FROM `pr...', Array, false)
#4 C:\xampp\htdocs\sistema-administrativo\app\Models\Producto.php(61): CodeIgniter\Database\BaseBuilder->delete()
#5 C:\xampp\htdocs\sistema-administrativo\app\Controllers\ListarProducto.php(52): App\Models\Producto->eliminarProducto('JOSE24')
#6 C:\xampp\htdocs\sistema-administrativo\system\CodeIgniter.php(933): App\Controllers\ListarProducto->eliminarProducto('JOSE24')
#7 C:\xampp\htdocs\sistema-administrativo\system\CodeIgniter.php(507): CodeIgniter\CodeIgniter->runController(Object(App\Controllers\ListarProducto))
#8 C:\xampp\htdocs\sistema-administrativo\system\CodeIgniter.php(354): CodeIgniter\CodeIgniter->handleRequest(NULL, Object(Config\Cache), false)
#9 C:\xampp\htdocs\sistema-administrativo\system\Boot.php(334): CodeIgniter\CodeIgniter->run()
#10 C:\xampp\htdocs\sistema-administrativo\system\Boot.php(67): CodeIgniter\Boot::runCodeIgniter(Object(CodeIgniter\CodeIgniter))
#11 C:\xampp\htdocs\sistema-administrativo\index.php(59): CodeIgniter\Boot::bootWeb(Object(Config\Paths))
#12 {main}
ERROR - 2025-12-14 09:07:47 --> mysqli_sql_exception: Cannot delete or update a parent row: a foreign key constraint fails (`sistema_adminstrativo`.`detalle_venta`, CONSTRAINT `id_ producto` FOREIGN KEY (`id_producto`) REFERENCES `producto` (`id_producto`)) in C:\xampp\htdocs\sistema-administrativo\system\Database\MySQLi\Connection.php:327
Stack trace:
#0 C:\xampp\htdocs\sistema-administrativo\system\Database\MySQLi\Connection.php(327): mysqli->query('DELETE FROM `pr...', 0)
#1 C:\xampp\htdocs\sistema-administrativo\system\Database\BaseConnection.php(738): CodeIgniter\Database\MySQLi\Connection->execute('DELETE FROM `pr...')
#2 C:\xampp\htdocs\sistema-administrativo\system\Database\BaseConnection.php(652): CodeIgniter\Database\BaseConnection->simpleQuery('DELETE FROM `pr...')
#3 C:\xampp\htdocs\sistema-administrativo\system\Database\BaseBuilder.php(2848): CodeIgniter\Database\BaseConnection->query('DELETE FROM `pr...', Array, false)
#4 C:\xampp\htdocs\sistema-administrativo\app\Models\Producto.php(61): CodeIgniter\Database\BaseBuilder->delete()
#5 C:\xampp\htdocs\sistema-administrativo\app\Controllers\ListarProducto.php(52): App\Models\Producto->eliminarProducto('JOSE24')
#6 C:\xampp\htdocs\sistema-administrativo\system\CodeIgniter.php(933): App\Controllers\ListarProducto->eliminarProducto('JOSE24')
#7 C:\xampp\htdocs\sistema-administrativo\system\CodeIgniter.php(507): CodeIgniter\CodeIgniter->runController(Object(App\Controllers\ListarProducto))
#8 C:\xampp\htdocs\sistema-administrativo\system\CodeIgniter.php(354): CodeIgniter\CodeIgniter->handleRequest(NULL, Object(Config\Cache), false)
#9 C:\xampp\htdocs\sistema-administrativo\system\Boot.php(334): CodeIgniter\CodeIgniter->run()
#10 C:\xampp\htdocs\sistema-administrativo\system\Boot.php(67): CodeIgniter\Boot::runCodeIgniter(Object(CodeIgniter\CodeIgniter))
#11 C:\xampp\htdocs\sistema-administrativo\index.php(59): CodeIgniter\Boot::bootWeb(Object(Config\Paths))
#12 {main}
ERROR - 2025-12-14 09:09:03 --> mysqli_sql_exception: Cannot delete or update a parent row: a foreign key constraint fails (`sistema_adminstrativo`.`detalle_venta`, CONSTRAINT `id_ producto` FOREIGN KEY (`id_producto`) REFERENCES `producto` (`id_producto`)) in C:\xampp\htdocs\sistema-administrativo\system\Database\MySQLi\Connection.php:327
Stack trace:
#0 C:\xampp\htdocs\sistema-administrativo\system\Database\MySQLi\Connection.php(327): mysqli->query('DELETE FROM `pr...', 0)
#1 C:\xampp\htdocs\sistema-administrativo\system\Database\BaseConnection.php(738): CodeIgniter\Database\MySQLi\Connection->execute('DELETE FROM `pr...')
#2 C:\xampp\htdocs\sistema-administrativo\system\Database\BaseConnection.php(652): CodeIgniter\Database\BaseConnection->simpleQuery('DELETE FROM `pr...')
#3 C:\xampp\htdocs\sistema-administrativo\system\Database\BaseBuilder.php(2848): CodeIgniter\Database\BaseConnection->query('DELETE FROM `pr...', Array, false)
#4 C:\xampp\htdocs\sistema-administrativo\app\Models\Producto.php(61): CodeIgniter\Database\BaseBuilder->delete()
#5 C:\xampp\htdocs\sistema-administrativo\app\Controllers\ListarProducto.php(52): App\Models\Producto->eliminarProducto('JOSE24')
#6 C:\xampp\htdocs\sistema-administrativo\system\CodeIgniter.php(933): App\Controllers\ListarProducto->eliminarProducto('JOSE24')
#7 C:\xampp\htdocs\sistema-administrativo\system\CodeIgniter.php(507): CodeIgniter\CodeIgniter->runController(Object(App\Controllers\ListarProducto))
#8 C:\xampp\htdocs\sistema-administrativo\system\CodeIgniter.php(354): CodeIgniter\CodeIgniter->handleRequest(NULL, Object(Config\Cache), false)
#9 C:\xampp\htdocs\sistema-administrativo\system\Boot.php(334): CodeIgniter\CodeIgniter->run()
#10 C:\xampp\htdocs\sistema-administrativo\system\Boot.php(67): CodeIgniter\Boot::runCodeIgniter(Object(CodeIgniter\CodeIgniter))
#11 C:\xampp\htdocs\sistema-administrativo\index.php(59): CodeIgniter\Boot::bootWeb(Object(Config\Paths))
#12 {main}
ERROR - 2025-12-14 09:09:16 --> mysqli_sql_exception: Cannot delete or update a parent row: a foreign key constraint fails (`sistema_adminstrativo`.`detalle_venta`, CONSTRAINT `id_ producto` FOREIGN KEY (`id_producto`) REFERENCES `producto` (`id_producto`)) in C:\xampp\htdocs\sistema-administrativo\system\Database\MySQLi\Connection.php:327
Stack trace:
#0 C:\xampp\htdocs\sistema-administrativo\system\Database\MySQLi\Connection.php(327): mysqli->query('DELETE FROM `pr...', 0)
#1 C:\xampp\htdocs\sistema-administrativo\system\Database\BaseConnection.php(738): CodeIgniter\Database\MySQLi\Connection->execute('DELETE FROM `pr...')
#2 C:\xampp\htdocs\sistema-administrativo\system\Database\BaseConnection.php(652): CodeIgniter\Database\BaseConnection->simpleQuery('DELETE FROM `pr...')
#3 C:\xampp\htdocs\sistema-administrativo\system\Database\BaseBuilder.php(2848): CodeIgniter\Database\BaseConnection->query('DELETE FROM `pr...', Array, false)
#4 C:\xampp\htdocs\sistema-administrativo\app\Models\Producto.php(61): CodeIgniter\Database\BaseBuilder->delete()
#5 C:\xampp\htdocs\sistema-administrativo\app\Controllers\ListarProducto.php(52): App\Models\Producto->eliminarProducto('JOSE24')
#6 C:\xampp\htdocs\sistema-administrativo\system\CodeIgniter.php(933): App\Controllers\ListarProducto->eliminarProducto('JOSE24')
#7 C:\xampp\htdocs\sistema-administrativo\system\CodeIgniter.php(507): CodeIgniter\CodeIgniter->runController(Object(App\Controllers\ListarProducto))
#8 C:\xampp\htdocs\sistema-administrativo\system\CodeIgniter.php(354): CodeIgniter\CodeIgniter->handleRequest(NULL, Object(Config\Cache), false)
#9 C:\xampp\htdocs\sistema-administrativo\system\Boot.php(334): CodeIgniter\CodeIgniter->run()
#10 C:\xampp\htdocs\sistema-administrativo\system\Boot.php(67): CodeIgniter\Boot::runCodeIgniter(Object(CodeIgniter\CodeIgniter))
#11 C:\xampp\htdocs\sistema-administrativo\index.php(59): CodeIgniter\Boot::bootWeb(Object(Config\Paths))
#12 {main}
ERROR - 2025-12-14 09:14:11 --> mysqli_sql_exception: Cannot delete or update a parent row: a foreign key constraint fails (`sistema_adminstrativo`.`detalle_venta`, CONSTRAINT `id_ producto` FOREIGN KEY (`id_producto`) REFERENCES `producto` (`id_producto`)) in C:\xampp\htdocs\sistema-administrativo\system\Database\MySQLi\Connection.php:327
Stack trace:
#0 C:\xampp\htdocs\sistema-administrativo\system\Database\MySQLi\Connection.php(327): mysqli->query('DELETE FROM `pr...', 0)
#1 C:\xampp\htdocs\sistema-administrativo\system\Database\BaseConnection.php(738): CodeIgniter\Database\MySQLi\Connection->execute('DELETE FROM `pr...')
#2 C:\xampp\htdocs\sistema-administrativo\system\Database\BaseConnection.php(652): CodeIgniter\Database\BaseConnection->simpleQuery('DELETE FROM `pr...')
#3 C:\xampp\htdocs\sistema-administrativo\system\Database\BaseBuilder.php(2848): CodeIgniter\Database\BaseConnection->query('DELETE FROM `pr...', Array, false)
#4 C:\xampp\htdocs\sistema-administrativo\app\Models\Producto.php(61): CodeIgniter\Database\BaseBuilder->delete()
#5 C:\xampp\htdocs\sistema-administrativo\app\Controllers\ListarProducto.php(52): App\Models\Producto->eliminarProducto('JOSE24')
#6 C:\xampp\htdocs\sistema-administrativo\system\CodeIgniter.php(933): App\Controllers\ListarProducto->eliminarProducto('JOSE24')
#7 C:\xampp\htdocs\sistema-administrativo\system\CodeIgniter.php(507): CodeIgniter\CodeIgniter->runController(Object(App\Controllers\ListarProducto))
#8 C:\xampp\htdocs\sistema-administrativo\system\CodeIgniter.php(354): CodeIgniter\CodeIgniter->handleRequest(NULL, Object(Config\Cache), false)
#9 C:\xampp\htdocs\sistema-administrativo\system\Boot.php(334): CodeIgniter\CodeIgniter->run()
#10 C:\xampp\htdocs\sistema-administrativo\system\Boot.php(67): CodeIgniter\Boot::runCodeIgniter(Object(CodeIgniter\CodeIgniter))
#11 C:\xampp\htdocs\sistema-administrativo\index.php(59): CodeIgniter\Boot::bootWeb(Object(Config\Paths))
#12 {main}
ERROR - 2025-12-14 09:14:11 --> Error al eliminar producto ID JOSE24: Cannot delete or update a parent row: a foreign key constraint fails (`sistema_adminstrativo`.`detalle_venta`, CONSTRAINT `id_ producto` FOREIGN KEY (`id_producto`) REFERENCES `producto` (`id_producto`))
ERROR - 2025-12-14 09:15:55 --> mysqli_sql_exception: Table 'sistema_adminstrativo.venta_detalle' doesn't exist in C:\xampp\htdocs\sistema-administrativo\system\Database\MySQLi\Connection.php:327
Stack trace:
#0 C:\xampp\htdocs\sistema-administrativo\system\Database\MySQLi\Connection.php(327): mysqli->query('SELECT COUNT(*)...', 0)
#1 C:\xampp\htdocs\sistema-administrativo\system\Database\BaseConnection.php(738): CodeIgniter\Database\MySQLi\Connection->execute('SELECT COUNT(*)...')
#2 C:\xampp\htdocs\sistema-administrativo\system\Database\BaseConnection.php(652): CodeIgniter\Database\BaseConnection->simpleQuery('SELECT COUNT(*)...')
#3 C:\xampp\htdocs\sistema-administrativo\system\Database\BaseBuilder.php(1733): CodeIgniter\Database\BaseConnection->query('SELECT COUNT(*)...', Array, false)
#4 C:\xampp\htdocs\sistema-administrativo\app\Models\Producto.php(52): CodeIgniter\Database\BaseBuilder->countAllResults()
#5 C:\xampp\htdocs\sistema-administrativo\app\Controllers\ListarProducto.php(52): App\Models\Producto->eliminarProducto('JOSE24')
#6 C:\xampp\htdocs\sistema-administrativo\system\CodeIgniter.php(933): App\Controllers\ListarProducto->eliminarProducto('JOSE24')
#7 C:\xampp\htdocs\sistema-administrativo\system\CodeIgniter.php(507): CodeIgniter\CodeIgniter->runController(Object(App\Controllers\ListarProducto))
#8 C:\xampp\htdocs\sistema-administrativo\system\CodeIgniter.php(354): CodeIgniter\CodeIgniter->handleRequest(NULL, Object(Config\Cache), false)
#9 C:\xampp\htdocs\sistema-administrativo\system\Boot.php(334): CodeIgniter\CodeIgniter->run()
#10 C:\xampp\htdocs\sistema-administrativo\system\Boot.php(67): CodeIgniter\Boot::runCodeIgniter(Object(CodeIgniter\CodeIgniter))
#11 C:\xampp\htdocs\sistema-administrativo\index.php(59): CodeIgniter\Boot::bootWeb(Object(Config\Paths))
#12 {main}
CRITICAL - 2025-12-14 09:15:55 --> CodeIgniter\Database\Exceptions\DatabaseException: Table 'sistema_adminstrativo.venta_detalle' doesn't exist
[Method: POST, Route: eliminarProducto/JOSE24]
in SYSTEMPATH\Database\BaseConnection.php on line 692.
 1 SYSTEMPATH\Database\BaseBuilder.php(1733): CodeIgniter\Database\BaseConnection->query('SELECT COUNT(*) AS `numrows`
FROM `venta_detalle`
WHERE `id_producto` = :id_producto:', [...], false)
 2 APPPATH\Models\Producto.php(52): CodeIgniter\Database\BaseBuilder->countAllResults()
 3 APPPATH\Controllers\ListarProducto.php(52): App\Models\Producto->eliminarProducto('JOSE24')
 4 SYSTEMPATH\CodeIgniter.php(933): App\Controllers\ListarProducto->eliminarProducto('JOSE24')
 5 SYSTEMPATH\CodeIgniter.php(507): CodeIgniter\CodeIgniter->runController(Object(App\Controllers\ListarProducto))
 6 SYSTEMPATH\CodeIgniter.php(354): CodeIgniter\CodeIgniter->handleRequest(null, Object(Config\Cache), false)
 7 SYSTEMPATH\Boot.php(334): CodeIgniter\CodeIgniter->run()
 8 SYSTEMPATH\Boot.php(67): CodeIgniter\Boot::runCodeIgniter(Object(CodeIgniter\CodeIgniter))
 9 FCPATH\index.php(59): CodeIgniter\Boot::bootWeb(Object(Config\Paths))
CRITICAL - 2025-12-14 09:15:55 --> [Caused by] CodeIgniter\Database\Exceptions\DatabaseException: Table 'sistema_adminstrativo.venta_detalle' doesn't exist
in SYSTEMPATH\Database\MySQLi\Connection.php on line 332.
 1 SYSTEMPATH\Database\BaseConnection.php(738): CodeIgniter\Database\MySQLi\Connection->execute('SELECT COUNT(*) AS `numrows`
FROM `venta_detalle`
WHERE `id_producto` = \'JOSE24\'')
 2 SYSTEMPATH\Database\BaseConnection.php(652): CodeIgniter\Database\BaseConnection->simpleQuery('SELECT COUNT(*) AS `numrows`
FROM `venta_detalle`
WHERE `id_producto` = \'JOSE24\'')
 3 SYSTEMPATH\Database\BaseBuilder.php(1733): CodeIgniter\Database\BaseConnection->query('SELECT COUNT(*) AS `numrows`
FROM `venta_detalle`
WHERE `id_producto` = :id_producto:', [...], false)
 4 APPPATH\Models\Producto.php(52): CodeIgniter\Database\BaseBuilder->countAllResults()
 5 APPPATH\Controllers\ListarProducto.php(52): App\Models\Producto->eliminarProducto('JOSE24')
 6 SYSTEMPATH\CodeIgniter.php(933): App\Controllers\ListarProducto->eliminarProducto('JOSE24')
 7 SYSTEMPATH\CodeIgniter.php(507): CodeIgniter\CodeIgniter->runController(Object(App\Controllers\ListarProducto))
 8 SYSTEMPATH\CodeIgniter.php(354): CodeIgniter\CodeIgniter->handleRequest(null, Object(Config\Cache), false)
 9 SYSTEMPATH\Boot.php(334): CodeIgniter\CodeIgniter->run()
10 SYSTEMPATH\Boot.php(67): CodeIgniter\Boot::runCodeIgniter(Object(CodeIgniter\CodeIgniter))
11 FCPATH\index.php(59): CodeIgniter\Boot::bootWeb(Object(Config\Paths))
CRITICAL - 2025-12-14 09:15:55 --> [Caused by] mysqli_sql_exception: Table 'sistema_adminstrativo.venta_detalle' doesn't exist
in SYSTEMPATH\Database\MySQLi\Connection.php on line 327.
 1 SYSTEMPATH\Database\MySQLi\Connection.php(327): mysqli->query('SELECT COUNT(*) AS `numrows`
FROM `venta_detalle`
WHERE `id_producto` = \'JOSE24\'', 0)
 2 SYSTEMPATH\Database\BaseConnection.php(738): CodeIgniter\Database\MySQLi\Connection->execute('SELECT COUNT(*) AS `numrows`
FROM `venta_detalle`
WHERE `id_producto` = \'JOSE24\'')
 3 SYSTEMPATH\Database\BaseConnection.php(652): CodeIgniter\Database\BaseConnection->simpleQuery('SELECT COUNT(*) AS `numrows`
FROM `venta_detalle`
WHERE `id_producto` = \'JOSE24\'')
 4 SYSTEMPATH\Database\BaseBuilder.php(1733): CodeIgniter\Database\BaseConnection->query('SELECT COUNT(*) AS `numrows`
FROM `venta_detalle`
WHERE `id_producto` = :id_producto:', [...], false)
 5 APPPATH\Models\Producto.php(52): CodeIgniter\Database\BaseBuilder->countAllResults()
 6 APPPATH\Controllers\ListarProducto.php(52): App\Models\Producto->eliminarProducto('JOSE24')
 7 SYSTEMPATH\CodeIgniter.php(933): App\Controllers\ListarProducto->eliminarProducto('JOSE24')
 8 SYSTEMPATH\CodeIgniter.php(507): CodeIgniter\CodeIgniter->runController(Object(App\Controllers\ListarProducto))
 9 SYSTEMPATH\CodeIgniter.php(354): CodeIgniter\CodeIgniter->handleRequest(null, Object(Config\Cache), false)
10 SYSTEMPATH\Boot.php(334): CodeIgniter\CodeIgniter->run()
11 SYSTEMPATH\Boot.php(67): CodeIgniter\Boot::runCodeIgniter(Object(CodeIgniter\CodeIgniter))
12 FCPATH\index.php(59): CodeIgniter\Boot::bootWeb(Object(Config\Paths))
ERROR - 2025-12-14 09:16:42 --> mysqli_sql_exception: Cannot delete or update a parent row: a foreign key constraint fails (`sistema_adminstrativo`.`detalle_venta`, CONSTRAINT `id_ producto` FOREIGN KEY (`id_producto`) REFERENCES `producto` (`id_producto`)) in C:\xampp\htdocs\sistema-administrativo\system\Database\MySQLi\Connection.php:327
Stack trace:
#0 C:\xampp\htdocs\sistema-administrativo\system\Database\MySQLi\Connection.php(327): mysqli->query('DELETE FROM `pr...', 0)
#1 C:\xampp\htdocs\sistema-administrativo\system\Database\BaseConnection.php(738): CodeIgniter\Database\MySQLi\Connection->execute('DELETE FROM `pr...')
#2 C:\xampp\htdocs\sistema-administrativo\system\Database\BaseConnection.php(652): CodeIgniter\Database\BaseConnection->simpleQuery('DELETE FROM `pr...')
#3 C:\xampp\htdocs\sistema-administrativo\system\Database\BaseBuilder.php(2848): CodeIgniter\Database\BaseConnection->query('DELETE FROM `pr...', Array, false)
#4 C:\xampp\htdocs\sistema-administrativo\app\Models\Producto.php(52): CodeIgniter\Database\BaseBuilder->delete()
#5 C:\xampp\htdocs\sistema-administrativo\app\Controllers\ListarProducto.php(52): App\Models\Producto->eliminarProducto('JOSE24')
#6 C:\xampp\htdocs\sistema-administrativo\system\CodeIgniter.php(933): App\Controllers\ListarProducto->eliminarProducto('JOSE24')
#7 C:\xampp\htdocs\sistema-administrativo\system\CodeIgniter.php(507): CodeIgniter\CodeIgniter->runController(Object(App\Controllers\ListarProducto))
#8 C:\xampp\htdocs\sistema-administrativo\system\CodeIgniter.php(354): CodeIgniter\CodeIgniter->handleRequest(NULL, Object(Config\Cache), false)
#9 C:\xampp\htdocs\sistema-administrativo\system\Boot.php(334): CodeIgniter\CodeIgniter->run()
#10 C:\xampp\htdocs\sistema-administrativo\system\Boot.php(67): CodeIgniter\Boot::runCodeIgniter(Object(CodeIgniter\CodeIgniter))
#11 C:\xampp\htdocs\sistema-administrativo\index.php(59): CodeIgniter\Boot::bootWeb(Object(Config\Paths))
#12 {main}
CRITICAL - 2025-12-14 09:16:42 --> CodeIgniter\Database\Exceptions\DatabaseException: Cannot delete or update a parent row: a foreign key constraint fails (`sistema_adminstrativo`.`detalle_venta`, CONSTRAINT `id_ producto` FOREIGN KEY (`id_producto`) REFERENCES `producto` (`id_producto`))
[Method: POST, Route: eliminarProducto/JOSE24]
in SYSTEMPATH\Database\BaseConnection.php on line 692.
 1 SYSTEMPATH\Database\BaseBuilder.php(2848): CodeIgniter\Database\BaseConnection->query('DELETE FROM `producto`
WHERE `id_producto` = :id_producto:', [...], false)
 2 APPPATH\Models\Producto.php(52): CodeIgniter\Database\BaseBuilder->delete()
 3 APPPATH\Controllers\ListarProducto.php(52): App\Models\Producto->eliminarProducto('JOSE24')
 4 SYSTEMPATH\CodeIgniter.php(933): App\Controllers\ListarProducto->eliminarProducto('JOSE24')
 5 SYSTEMPATH\CodeIgniter.php(507): CodeIgniter\CodeIgniter->runController(Object(App\Controllers\ListarProducto))
 6 SYSTEMPATH\CodeIgniter.php(354): CodeIgniter\CodeIgniter->handleRequest(null, Object(Config\Cache), false)
 7 SYSTEMPATH\Boot.php(334): CodeIgniter\CodeIgniter->run()
 8 SYSTEMPATH\Boot.php(67): CodeIgniter\Boot::runCodeIgniter(Object(CodeIgniter\CodeIgniter))
 9 FCPATH\index.php(59): CodeIgniter\Boot::bootWeb(Object(Config\Paths))
CRITICAL - 2025-12-14 09:16:42 --> [Caused by] CodeIgniter\Database\Exceptions\DatabaseException: Cannot delete or update a parent row: a foreign key constraint fails (`sistema_adminstrativo`.`detalle_venta`, CONSTRAINT `id_ producto` FOREIGN KEY (`id_producto`) REFERENCES `producto` (`id_producto`))
in SYSTEMPATH\Database\MySQLi\Connection.php on line 332.
 1 SYSTEMPATH\Database\BaseConnection.php(738): CodeIgniter\Database\MySQLi\Connection->execute('DELETE FROM `producto`
WHERE `id_producto` = \'JOSE24\'')
 2 SYSTEMPATH\Database\BaseConnection.php(652): CodeIgniter\Database\BaseConnection->simpleQuery('DELETE FROM `producto`
WHERE `id_producto` = \'JOSE24\'')
 3 SYSTEMPATH\Database\BaseBuilder.php(2848): CodeIgniter\Database\BaseConnection->query('DELETE FROM `producto`
WHERE `id_producto` = :id_producto:', [...], false)
 4 APPPATH\Models\Producto.php(52): CodeIgniter\Database\BaseBuilder->delete()
 5 APPPATH\Controllers\ListarProducto.php(52): App\Models\Producto->eliminarProducto('JOSE24')
 6 SYSTEMPATH\CodeIgniter.php(933): App\Controllers\ListarProducto->eliminarProducto('JOSE24')
 7 SYSTEMPATH\CodeIgniter.php(507): CodeIgniter\CodeIgniter->runController(Object(App\Controllers\ListarProducto))
 8 SYSTEMPATH\CodeIgniter.php(354): CodeIgniter\CodeIgniter->handleRequest(null, Object(Config\Cache), false)
 9 SYSTEMPATH\Boot.php(334): CodeIgniter\CodeIgniter->run()
10 SYSTEMPATH\Boot.php(67): CodeIgniter\Boot::runCodeIgniter(Object(CodeIgniter\CodeIgniter))
11 FCPATH\index.php(59): CodeIgniter\Boot::bootWeb(Object(Config\Paths))
CRITICAL - 2025-12-14 09:16:42 --> [Caused by] mysqli_sql_exception: Cannot delete or update a parent row: a foreign key constraint fails (`sistema_adminstrativo`.`detalle_venta`, CONSTRAINT `id_ producto` FOREIGN KEY (`id_producto`) REFERENCES `producto` (`id_producto`))
in SYSTEMPATH\Database\MySQLi\Connection.php on line 327.
 1 SYSTEMPATH\Database\MySQLi\Connection.php(327): mysqli->query('DELETE FROM `producto`
WHERE `id_producto` = \'JOSE24\'', 0)
 2 SYSTEMPATH\Database\BaseConnection.php(738): CodeIgniter\Database\MySQLi\Connection->execute('DELETE FROM `producto`
WHERE `id_producto` = \'JOSE24\'')
 3 SYSTEMPATH\Database\BaseConnection.php(652): CodeIgniter\Database\BaseConnection->simpleQuery('DELETE FROM `producto`
WHERE `id_producto` = \'JOSE24\'')
 4 SYSTEMPATH\Database\BaseBuilder.php(2848): CodeIgniter\Database\BaseConnection->query('DELETE FROM `producto`
WHERE `id_producto` = :id_producto:', [...], false)
 5 APPPATH\Models\Producto.php(52): CodeIgniter\Database\BaseBuilder->delete()
 6 APPPATH\Controllers\ListarProducto.php(52): App\Models\Producto->eliminarProducto('JOSE24')
 7 SYSTEMPATH\CodeIgniter.php(933): App\Controllers\ListarProducto->eliminarProducto('JOSE24')
 8 SYSTEMPATH\CodeIgniter.php(507): CodeIgniter\CodeIgniter->runController(Object(App\Controllers\ListarProducto))
 9 SYSTEMPATH\CodeIgniter.php(354): CodeIgniter\CodeIgniter->handleRequest(null, Object(Config\Cache), false)
10 SYSTEMPATH\Boot.php(334): CodeIgniter\CodeIgniter->run()
11 SYSTEMPATH\Boot.php(67): CodeIgniter\Boot::runCodeIgniter(Object(CodeIgniter\CodeIgniter))
12 FCPATH\index.php(59): CodeIgniter\Boot::bootWeb(Object(Config\Paths))
ERROR - 2025-12-14 09:23:38 --> mysqli_sql_exception: Cannot delete or update a parent row: a foreign key constraint fails (`sistema_adminstrativo`.`detalle_venta`, CONSTRAINT `id_ producto` FOREIGN KEY (`id_producto`) REFERENCES `producto` (`id_producto`)) in C:\xampp\htdocs\sistema-administrativo\system\Database\MySQLi\Connection.php:327
Stack trace:
#0 C:\xampp\htdocs\sistema-administrativo\system\Database\MySQLi\Connection.php(327): mysqli->query('DELETE FROM `pr...', 0)
#1 C:\xampp\htdocs\sistema-administrativo\system\Database\BaseConnection.php(738): CodeIgniter\Database\MySQLi\Connection->execute('DELETE FROM `pr...')
#2 C:\xampp\htdocs\sistema-administrativo\system\Database\BaseConnection.php(652): CodeIgniter\Database\BaseConnection->simpleQuery('DELETE FROM `pr...')
#3 C:\xampp\htdocs\sistema-administrativo\system\Database\BaseBuilder.php(2848): CodeIgniter\Database\BaseConnection->query('DELETE FROM `pr...', Array, false)
#4 C:\xampp\htdocs\sistema-administrativo\app\Models\Producto.php(61): CodeIgniter\Database\BaseBuilder->delete()
#5 C:\xampp\htdocs\sistema-administrativo\app\Controllers\ListarProducto.php(52): App\Models\Producto->eliminarProducto('JOSE24')
#6 C:\xampp\htdocs\sistema-administrativo\system\CodeIgniter.php(933): App\Controllers\ListarProducto->eliminarProducto('JOSE24')
#7 C:\xampp\htdocs\sistema-administrativo\system\CodeIgniter.php(507): CodeIgniter\CodeIgniter->runController(Object(App\Controllers\ListarProducto))
#8 C:\xampp\htdocs\sistema-administrativo\system\CodeIgniter.php(354): CodeIgniter\CodeIgniter->handleRequest(NULL, Object(Config\Cache), false)
#9 C:\xampp\htdocs\sistema-administrativo\system\Boot.php(334): CodeIgniter\CodeIgniter->run()
#10 C:\xampp\htdocs\sistema-administrativo\system\Boot.php(67): CodeIgniter\Boot::runCodeIgniter(Object(CodeIgniter\CodeIgniter))
#11 C:\xampp\htdocs\sistema-administrativo\index.php(59): CodeIgniter\Boot::bootWeb(Object(Config\Paths))
#12 {main}
