CRITICAL - 2025-12-02 04:39:55 --> CodeIgniter\View\Exceptions\ViewException: Invalid file: "reporteCompras.php"
[Method: GET, Route: reporteCompras]
in SYSTEMPATH\Exceptions\FrameworkException.php on line 39.
 1 SYSTEMPATH\View\View.php(212): CodeIgniter\Exceptions\FrameworkException::forInvalidFile('reporteCompras.php')
 2 SYSTEMPATH\Common.php(1173): CodeIgniter\View\View->render('reporteCompras', [], true)
 3 APPPATH\Controllers\MostrarVistas.php(40): view('reporteCompras')
 4 SYSTEMPATH\CodeIgniter.php(933): App\Controllers\MostrarVistas->mostrarReporteCompras()
 5 SYSTEMPATH\CodeIgniter.php(507): CodeIgniter\CodeIgniter->runController(Object(App\Controllers\MostrarVistas))
 6 SYSTEMPATH\CodeIgniter.php(354): CodeIgniter\CodeIgniter->handleRequest(null, Object(Config\Cache), false)
 7 SYSTEMPATH\Boot.php(334): CodeIgniter\CodeIgniter->run()
 8 SYSTEMPATH\Boot.php(67): CodeIgniter\Boot::runCodeIgniter(Object(CodeIgniter\CodeIgniter))
 9 FCPATH\index.php(59): CodeIgniter\Boot::bootWeb(Object(Config\Paths))
CRITICAL - 2025-12-02 04:39:57 --> CodeIgniter\View\Exceptions\ViewException: Invalid file: "reporteCompras.php"
[Method: GET, Route: reporteCompras]
in SYSTEMPATH\Exceptions\FrameworkException.php on line 39.
 1 SYSTEMPATH\View\View.php(212): CodeIgniter\Exceptions\FrameworkException::forInvalidFile('reporteCompras.php')
 2 SYSTEMPATH\Common.php(1173): CodeIgniter\View\View->render('reporteCompras', [], true)
 3 APPPATH\Controllers\MostrarVistas.php(40): view('reporteCompras')
 4 SYSTEMPATH\CodeIgniter.php(933): App\Controllers\MostrarVistas->mostrarReporteCompras()
 5 SYSTEMPATH\CodeIgniter.php(507): CodeIgniter\CodeIgniter->runController(Object(App\Controllers\MostrarVistas))
 6 SYSTEMPATH\CodeIgniter.php(354): CodeIgniter\CodeIgniter->handleRequest(null, Object(Config\Cache), false)
 7 SYSTEMPATH\Boot.php(334): CodeIgniter\CodeIgniter->run()
 8 SYSTEMPATH\Boot.php(67): CodeIgniter\Boot::runCodeIgniter(Object(CodeIgniter\CodeIgniter))
 9 FCPATH\index.php(59): CodeIgniter\Boot::bootWeb(Object(Config\Paths))
CRITICAL - 2025-12-02 04:39:58 --> CodeIgniter\View\Exceptions\ViewException: Invalid file: "reporteCompras.php"
[Method: GET, Route: reporteCompras]
in SYSTEMPATH\Exceptions\FrameworkException.php on line 39.
 1 SYSTEMPATH\View\View.php(212): CodeIgniter\Exceptions\FrameworkException::forInvalidFile('reporteCompras.php')
 2 SYSTEMPATH\Common.php(1173): CodeIgniter\View\View->render('reporteCompras', [], true)
 3 APPPATH\Controllers\MostrarVistas.php(40): view('reporteCompras')
 4 SYSTEMPATH\CodeIgniter.php(933): App\Controllers\MostrarVistas->mostrarReporteCompras()
 5 SYSTEMPATH\CodeIgniter.php(507): CodeIgniter\CodeIgniter->runController(Object(App\Controllers\MostrarVistas))
 6 SYSTEMPATH\CodeIgniter.php(354): CodeIgniter\CodeIgniter->handleRequest(null, Object(Config\Cache), false)
 7 SYSTEMPATH\Boot.php(334): CodeIgniter\CodeIgniter->run()
 8 SYSTEMPATH\Boot.php(67): CodeIgniter\Boot::runCodeIgniter(Object(CodeIgniter\CodeIgniter))
 9 FCPATH\index.php(59): CodeIgniter\Boot::bootWeb(Object(Config\Paths))
CRITICAL - 2025-12-02 04:42:28 --> CodeIgniter\View\Exceptions\ViewException: Invalid file: "reporteCompras.php"
[Method: GET, Route: reporteCompras]
in SYSTEMPATH\Exceptions\FrameworkException.php on line 39.
 1 SYSTEMPATH\View\View.php(212): CodeIgniter\Exceptions\FrameworkException::forInvalidFile('reporteCompras.php')
 2 SYSTEMPATH\Common.php(1173): CodeIgniter\View\View->render('reporteCompras', [], true)
 3 APPPATH\Controllers\MostrarVistas.php(40): view('reporteCompras')
 4 SYSTEMPATH\CodeIgniter.php(933): App\Controllers\MostrarVistas->mostrarReporteCompras()
 5 SYSTEMPATH\CodeIgniter.php(507): CodeIgniter\CodeIgniter->runController(Object(App\Controllers\MostrarVistas))
 6 SYSTEMPATH\CodeIgniter.php(354): CodeIgniter\CodeIgniter->handleRequest(null, Object(Config\Cache), false)
 7 SYSTEMPATH\Boot.php(334): CodeIgniter\CodeIgniter->run()
 8 SYSTEMPATH\Boot.php(67): CodeIgniter\Boot::runCodeIgniter(Object(CodeIgniter\CodeIgniter))
 9 FCPATH\index.php(59): CodeIgniter\Boot::bootWeb(Object(Config\Paths))
CRITICAL - 2025-12-02 05:32:50 --> ErrorException: Attempt to read property "contrasena" on array
[Method: POST, Route: validarDatos]
in APPPATH\Controllers\Login.php on line 22.
 1 APPPATH\Controllers\Login.php(22): CodeIgniter\Debug\Exceptions->errorHandler(2, 'Attempt to read property "contrasena" on array', 'C:\\xampp\\htdocs\\sistema-administrativo\\app\\Controllers\\Login.php', 22)
 2 SYSTEMPATH\CodeIgniter.php(933): App\Controllers\Login->validarDatos()
 3 SYSTEMPATH\CodeIgniter.php(507): CodeIgniter\CodeIgniter->runController(Object(App\Controllers\Login))
 4 SYSTEMPATH\CodeIgniter.php(354): CodeIgniter\CodeIgniter->handleRequest(null, Object(Config\Cache), false)
 5 SYSTEMPATH\Boot.php(334): CodeIgniter\CodeIgniter->run()
 6 SYSTEMPATH\Boot.php(67): CodeIgniter\Boot::runCodeIgniter(Object(CodeIgniter\CodeIgniter))
 7 FCPATH\index.php(59): CodeIgniter\Boot::bootWeb(Object(Config\Paths))
CRITICAL - 2025-12-02 05:32:57 --> ErrorException: Attempt to read property "contrasena" on array
[Method: POST, Route: validarDatos]
in APPPATH\Controllers\Login.php on line 22.
 1 APPPATH\Controllers\Login.php(22): CodeIgniter\Debug\Exceptions->errorHandler(2, 'Attempt to read property "contrasena" on array', 'C:\\xampp\\htdocs\\sistema-administrativo\\app\\Controllers\\Login.php', 22)
 2 SYSTEMPATH\CodeIgniter.php(933): App\Controllers\Login->validarDatos()
 3 SYSTEMPATH\CodeIgniter.php(507): CodeIgniter\CodeIgniter->runController(Object(App\Controllers\Login))
 4 SYSTEMPATH\CodeIgniter.php(354): CodeIgniter\CodeIgniter->handleRequest(null, Object(Config\Cache), false)
 5 SYSTEMPATH\Boot.php(334): CodeIgniter\CodeIgniter->run()
 6 SYSTEMPATH\Boot.php(67): CodeIgniter\Boot::runCodeIgniter(Object(CodeIgniter\CodeIgniter))
 7 FCPATH\index.php(59): CodeIgniter\Boot::bootWeb(Object(Config\Paths))
CRITICAL - 2025-12-02 05:47:41 --> CodeIgniter\Filters\Exceptions\FilterException: "ValidarSesion" filter must have a matching alias defined.
[Method: GET, Route: home]
in SYSTEMPATH\Filters\Filters.php on line 842.
 1 SYSTEMPATH\Filters\Filters.php(842): CodeIgniter\Filters\Exceptions\FilterException::forNoAlias('ValidarSesion')
 2 SYSTEMPATH\Filters\Filters.php(487): CodeIgniter\Filters\Filters->processAliasesToClass('before')
 3 SYSTEMPATH\Filters\Filters.php(218): CodeIgniter\Filters\Filters->initialize('home')
 4 SYSTEMPATH\CodeIgniter.php(479): CodeIgniter\Filters\Filters->run('home', 'before')
 5 SYSTEMPATH\CodeIgniter.php(354): CodeIgniter\CodeIgniter->handleRequest(null, Object(Config\Cache), false)
 6 SYSTEMPATH\Boot.php(334): CodeIgniter\CodeIgniter->run()
 7 SYSTEMPATH\Boot.php(67): CodeIgniter\Boot::runCodeIgniter(Object(CodeIgniter\CodeIgniter))
 8 FCPATH\index.php(59): CodeIgniter\Boot::bootWeb(Object(Config\Paths))
CRITICAL - 2025-12-02 05:48:11 --> CodeIgniter\Filters\Exceptions\FilterException: "ValidarSesion" filter must have a matching alias defined.
[Method: GET, Route: usuario]
in SYSTEMPATH\Filters\Filters.php on line 842.
 1 SYSTEMPATH\Filters\Filters.php(842): CodeIgniter\Filters\Exceptions\FilterException::forNoAlias('ValidarSesion')
 2 SYSTEMPATH\Filters\Filters.php(487): CodeIgniter\Filters\Filters->processAliasesToClass('before')
 3 SYSTEMPATH\Filters\Filters.php(218): CodeIgniter\Filters\Filters->initialize('usuario')
 4 SYSTEMPATH\CodeIgniter.php(479): CodeIgniter\Filters\Filters->run('usuario', 'before')
 5 SYSTEMPATH\CodeIgniter.php(354): CodeIgniter\CodeIgniter->handleRequest(null, Object(Config\Cache), false)
 6 SYSTEMPATH\Boot.php(334): CodeIgniter\CodeIgniter->run()
 7 SYSTEMPATH\Boot.php(67): CodeIgniter\Boot::runCodeIgniter(Object(CodeIgniter\CodeIgniter))
 8 FCPATH\index.php(59): CodeIgniter\Boot::bootWeb(Object(Config\Paths))
CRITICAL - 2025-12-02 05:48:19 --> CodeIgniter\Filters\Exceptions\FilterException: "ValidarSesion" filter must have a matching alias defined.
[Method: GET, Route: home]
in SYSTEMPATH\Filters\Filters.php on line 842.
 1 SYSTEMPATH\Filters\Filters.php(842): CodeIgniter\Filters\Exceptions\FilterException::forNoAlias('ValidarSesion')
 2 SYSTEMPATH\Filters\Filters.php(487): CodeIgniter\Filters\Filters->processAliasesToClass('before')
 3 SYSTEMPATH\Filters\Filters.php(218): CodeIgniter\Filters\Filters->initialize('home')
 4 SYSTEMPATH\CodeIgniter.php(479): CodeIgniter\Filters\Filters->run('home', 'before')
 5 SYSTEMPATH\CodeIgniter.php(354): CodeIgniter\CodeIgniter->handleRequest(null, Object(Config\Cache), false)
 6 SYSTEMPATH\Boot.php(334): CodeIgniter\CodeIgniter->run()
 7 SYSTEMPATH\Boot.php(67): CodeIgniter\Boot::runCodeIgniter(Object(CodeIgniter\CodeIgniter))
 8 FCPATH\index.php(59): CodeIgniter\Boot::bootWeb(Object(Config\Paths))
CRITICAL - 2025-12-02 05:49:55 --> CodeIgniter\Filters\Exceptions\FilterException: "ValidarSesion" filter must have a matching alias defined.
[Method: GET, Route: home]
in SYSTEMPATH\Filters\Filters.php on line 842.
 1 SYSTEMPATH\Filters\Filters.php(842): CodeIgniter\Filters\Exceptions\FilterException::forNoAlias('ValidarSesion')
 2 SYSTEMPATH\Filters\Filters.php(487): CodeIgniter\Filters\Filters->processAliasesToClass('before')
 3 SYSTEMPATH\Filters\Filters.php(218): CodeIgniter\Filters\Filters->initialize('home')
 4 SYSTEMPATH\CodeIgniter.php(479): CodeIgniter\Filters\Filters->run('home', 'before')
 5 SYSTEMPATH\CodeIgniter.php(354): CodeIgniter\CodeIgniter->handleRequest(null, Object(Config\Cache), false)
 6 SYSTEMPATH\Boot.php(334): CodeIgniter\CodeIgniter->run()
 7 SYSTEMPATH\Boot.php(67): CodeIgniter\Boot::runCodeIgniter(Object(CodeIgniter\CodeIgniter))
 8 FCPATH\index.php(59): CodeIgniter\Boot::bootWeb(Object(Config\Paths))
CRITICAL - 2025-12-02 05:50:00 --> CodeIgniter\Filters\Exceptions\FilterException: "ValidarSesion" filter must have a matching alias defined.
[Method: GET, Route: home]
in SYSTEMPATH\Filters\Filters.php on line 842.
 1 SYSTEMPATH\Filters\Filters.php(842): CodeIgniter\Filters\Exceptions\FilterException::forNoAlias('ValidarSesion')
 2 SYSTEMPATH\Filters\Filters.php(487): CodeIgniter\Filters\Filters->processAliasesToClass('before')
 3 SYSTEMPATH\Filters\Filters.php(218): CodeIgniter\Filters\Filters->initialize('home')
 4 SYSTEMPATH\CodeIgniter.php(479): CodeIgniter\Filters\Filters->run('home', 'before')
 5 SYSTEMPATH\CodeIgniter.php(354): CodeIgniter\CodeIgniter->handleRequest(null, Object(Config\Cache), false)
 6 SYSTEMPATH\Boot.php(334): CodeIgniter\CodeIgniter->run()
 7 SYSTEMPATH\Boot.php(67): CodeIgniter\Boot::runCodeIgniter(Object(CodeIgniter\CodeIgniter))
 8 FCPATH\index.php(59): CodeIgniter\Boot::bootWeb(Object(Config\Paths))
CRITICAL - 2025-12-02 05:50:02 --> CodeIgniter\Filters\Exceptions\FilterException: "ValidarSesion" filter must have a matching alias defined.
[Method: GET, Route: home]
in SYSTEMPATH\Filters\Filters.php on line 842.
 1 SYSTEMPATH\Filters\Filters.php(842): CodeIgniter\Filters\Exceptions\FilterException::forNoAlias('ValidarSesion')
 2 SYSTEMPATH\Filters\Filters.php(487): CodeIgniter\Filters\Filters->processAliasesToClass('before')
 3 SYSTEMPATH\Filters\Filters.php(218): CodeIgniter\Filters\Filters->initialize('home')
 4 SYSTEMPATH\CodeIgniter.php(479): CodeIgniter\Filters\Filters->run('home', 'before')
 5 SYSTEMPATH\CodeIgniter.php(354): CodeIgniter\CodeIgniter->handleRequest(null, Object(Config\Cache), false)
 6 SYSTEMPATH\Boot.php(334): CodeIgniter\CodeIgniter->run()
 7 SYSTEMPATH\Boot.php(67): CodeIgniter\Boot::runCodeIgniter(Object(CodeIgniter\CodeIgniter))
 8 FCPATH\index.php(59): CodeIgniter\Boot::bootWeb(Object(Config\Paths))
CRITICAL - 2025-12-02 05:50:02 --> CodeIgniter\Filters\Exceptions\FilterException: "ValidarSesion" filter must have a matching alias defined.
[Method: GET, Route: home]
in SYSTEMPATH\Filters\Filters.php on line 842.
 1 SYSTEMPATH\Filters\Filters.php(842): CodeIgniter\Filters\Exceptions\FilterException::forNoAlias('ValidarSesion')
 2 SYSTEMPATH\Filters\Filters.php(487): CodeIgniter\Filters\Filters->processAliasesToClass('before')
 3 SYSTEMPATH\Filters\Filters.php(218): CodeIgniter\Filters\Filters->initialize('home')
 4 SYSTEMPATH\CodeIgniter.php(479): CodeIgniter\Filters\Filters->run('home', 'before')
 5 SYSTEMPATH\CodeIgniter.php(354): CodeIgniter\CodeIgniter->handleRequest(null, Object(Config\Cache), false)
 6 SYSTEMPATH\Boot.php(334): CodeIgniter\CodeIgniter->run()
 7 SYSTEMPATH\Boot.php(67): CodeIgniter\Boot::runCodeIgniter(Object(CodeIgniter\CodeIgniter))
 8 FCPATH\index.php(59): CodeIgniter\Boot::bootWeb(Object(Config\Paths))
CRITICAL - 2025-12-02 05:50:06 --> CodeIgniter\Filters\Exceptions\FilterException: "ValidarSesion" filter must have a matching alias defined.
[Method: GET, Route: home]
in SYSTEMPATH\Filters\Filters.php on line 842.
 1 SYSTEMPATH\Filters\Filters.php(842): CodeIgniter\Filters\Exceptions\FilterException::forNoAlias('ValidarSesion')
 2 SYSTEMPATH\Filters\Filters.php(487): CodeIgniter\Filters\Filters->processAliasesToClass('before')
 3 SYSTEMPATH\Filters\Filters.php(218): CodeIgniter\Filters\Filters->initialize('home')
 4 SYSTEMPATH\CodeIgniter.php(479): CodeIgniter\Filters\Filters->run('home', 'before')
 5 SYSTEMPATH\CodeIgniter.php(354): CodeIgniter\CodeIgniter->handleRequest(null, Object(Config\Cache), false)
 6 SYSTEMPATH\Boot.php(334): CodeIgniter\CodeIgniter->run()
 7 SYSTEMPATH\Boot.php(67): CodeIgniter\Boot::runCodeIgniter(Object(CodeIgniter\CodeIgniter))
 8 FCPATH\index.php(59): CodeIgniter\Boot::bootWeb(Object(Config\Paths))
CRITICAL - 2025-12-02 05:50:06 --> CodeIgniter\Filters\Exceptions\FilterException: "ValidarSesion" filter must have a matching alias defined.
[Method: GET, Route: home]
in SYSTEMPATH\Filters\Filters.php on line 842.
 1 SYSTEMPATH\Filters\Filters.php(842): CodeIgniter\Filters\Exceptions\FilterException::forNoAlias('ValidarSesion')
 2 SYSTEMPATH\Filters\Filters.php(487): CodeIgniter\Filters\Filters->processAliasesToClass('before')
 3 SYSTEMPATH\Filters\Filters.php(218): CodeIgniter\Filters\Filters->initialize('home')
 4 SYSTEMPATH\CodeIgniter.php(479): CodeIgniter\Filters\Filters->run('home', 'before')
 5 SYSTEMPATH\CodeIgniter.php(354): CodeIgniter\CodeIgniter->handleRequest(null, Object(Config\Cache), false)
 6 SYSTEMPATH\Boot.php(334): CodeIgniter\CodeIgniter->run()
 7 SYSTEMPATH\Boot.php(67): CodeIgniter\Boot::runCodeIgniter(Object(CodeIgniter\CodeIgniter))
 8 FCPATH\index.php(59): CodeIgniter\Boot::bootWeb(Object(Config\Paths))
CRITICAL - 2025-12-02 05:50:07 --> CodeIgniter\Filters\Exceptions\FilterException: "ValidarSesion" filter must have a matching alias defined.
[Method: GET, Route: home]
in SYSTEMPATH\Filters\Filters.php on line 842.
 1 SYSTEMPATH\Filters\Filters.php(842): CodeIgniter\Filters\Exceptions\FilterException::forNoAlias('ValidarSesion')
 2 SYSTEMPATH\Filters\Filters.php(487): CodeIgniter\Filters\Filters->processAliasesToClass('before')
 3 SYSTEMPATH\Filters\Filters.php(218): CodeIgniter\Filters\Filters->initialize('home')
 4 SYSTEMPATH\CodeIgniter.php(479): CodeIgniter\Filters\Filters->run('home', 'before')
 5 SYSTEMPATH\CodeIgniter.php(354): CodeIgniter\CodeIgniter->handleRequest(null, Object(Config\Cache), false)
 6 SYSTEMPATH\Boot.php(334): CodeIgniter\CodeIgniter->run()
 7 SYSTEMPATH\Boot.php(67): CodeIgniter\Boot::runCodeIgniter(Object(CodeIgniter\CodeIgniter))
 8 FCPATH\index.php(59): CodeIgniter\Boot::bootWeb(Object(Config\Paths))
CRITICAL - 2025-12-02 05:50:07 --> CodeIgniter\Filters\Exceptions\FilterException: "ValidarSesion" filter must have a matching alias defined.
[Method: GET, Route: home]
in SYSTEMPATH\Filters\Filters.php on line 842.
 1 SYSTEMPATH\Filters\Filters.php(842): CodeIgniter\Filters\Exceptions\FilterException::forNoAlias('ValidarSesion')
 2 SYSTEMPATH\Filters\Filters.php(487): CodeIgniter\Filters\Filters->processAliasesToClass('before')
 3 SYSTEMPATH\Filters\Filters.php(218): CodeIgniter\Filters\Filters->initialize('home')
 4 SYSTEMPATH\CodeIgniter.php(479): CodeIgniter\Filters\Filters->run('home', 'before')
 5 SYSTEMPATH\CodeIgniter.php(354): CodeIgniter\CodeIgniter->handleRequest(null, Object(Config\Cache), false)
 6 SYSTEMPATH\Boot.php(334): CodeIgniter\CodeIgniter->run()
 7 SYSTEMPATH\Boot.php(67): CodeIgniter\Boot::runCodeIgniter(Object(CodeIgniter\CodeIgniter))
 8 FCPATH\index.php(59): CodeIgniter\Boot::bootWeb(Object(Config\Paths))
CRITICAL - 2025-12-02 05:51:16 --> CodeIgniter\Filters\Exceptions\FilterException: "ValidarSesion" filter must have a matching alias defined.
[Method: GET, Route: home]
in SYSTEMPATH\Filters\Filters.php on line 842.
 1 SYSTEMPATH\Filters\Filters.php(842): CodeIgniter\Filters\Exceptions\FilterException::forNoAlias('ValidarSesion')
 2 SYSTEMPATH\Filters\Filters.php(487): CodeIgniter\Filters\Filters->processAliasesToClass('before')
 3 SYSTEMPATH\Filters\Filters.php(218): CodeIgniter\Filters\Filters->initialize('home')
 4 SYSTEMPATH\CodeIgniter.php(479): CodeIgniter\Filters\Filters->run('home', 'before')
 5 SYSTEMPATH\CodeIgniter.php(354): CodeIgniter\CodeIgniter->handleRequest(null, Object(Config\Cache), false)
 6 SYSTEMPATH\Boot.php(334): CodeIgniter\CodeIgniter->run()
 7 SYSTEMPATH\Boot.php(67): CodeIgniter\Boot::runCodeIgniter(Object(CodeIgniter\CodeIgniter))
 8 FCPATH\index.php(59): CodeIgniter\Boot::bootWeb(Object(Config\Paths))
DEBUG - 2025-12-02 05:53:28 --> Session: Class initialized using 'CodeIgniter\Session\Handlers\FileHandler' driver.
DEBUG - 2025-12-02 05:53:29 --> Session: Class initialized using 'CodeIgniter\Session\Handlers\FileHandler' driver.
DEBUG - 2025-12-02 05:53:31 --> Session: Class initialized using 'CodeIgniter\Session\Handlers\FileHandler' driver.
DEBUG - 2025-12-02 05:53:31 --> Session: Class initialized using 'CodeIgniter\Session\Handlers\FileHandler' driver.
DEBUG - 2025-12-02 05:53:31 --> Session: Class initialized using 'CodeIgniter\Session\Handlers\FileHandler' driver.
DEBUG - 2025-12-02 05:53:31 --> Session: Class initialized using 'CodeIgniter\Session\Handlers\FileHandler' driver.
DEBUG - 2025-12-02 05:53:45 --> Session: Class initialized using 'CodeIgniter\Session\Handlers\FileHandler' driver.
DEBUG - 2025-12-02 05:54:13 --> Session: Class initialized using 'CodeIgniter\Session\Handlers\FileHandler' driver.
DEBUG - 2025-12-02 05:55:05 --> Session: Class initialized using 'CodeIgniter\Session\Handlers\FileHandler' driver.
DEBUG - 2025-12-02 05:55:06 --> Session: Class initialized using 'CodeIgniter\Session\Handlers\FileHandler' driver.
DEBUG - 2025-12-02 06:07:59 --> Session: Class initialized using 'CodeIgniter\Session\Handlers\FileHandler' driver.
DEBUG - 2025-12-02 06:08:07 --> Session: Class initialized using 'CodeIgniter\Session\Handlers\FileHandler' driver.
DEBUG - 2025-12-02 06:08:08 --> Session: Class initialized using 'CodeIgniter\Session\Handlers\FileHandler' driver.
DEBUG - 2025-12-02 06:08:16 --> Session: Class initialized using 'CodeIgniter\Session\Handlers\FileHandler' driver.
DEBUG - 2025-12-02 06:13:37 --> Session: Class initialized using 'CodeIgniter\Session\Handlers\FileHandler' driver.
DEBUG - 2025-12-02 06:13:42 --> Session: Class initialized using 'CodeIgniter\Session\Handlers\FileHandler' driver.
DEBUG - 2025-12-02 06:21:30 --> Session: Class initialized using 'CodeIgniter\Session\Handlers\FileHandler' driver.
DEBUG - 2025-12-02 06:21:35 --> Session: Class initialized using 'CodeIgniter\Session\Handlers\FileHandler' driver.
DEBUG - 2025-12-02 06:21:43 --> Session: Class initialized using 'CodeIgniter\Session\Handlers\FileHandler' driver.
DEBUG - 2025-12-02 06:21:44 --> Session: Class initialized using 'CodeIgniter\Session\Handlers\FileHandler' driver.
DEBUG - 2025-12-02 06:21:47 --> Session: Class initialized using 'CodeIgniter\Session\Handlers\FileHandler' driver.
DEBUG - 2025-12-02 06:21:47 --> Session: Class initialized using 'CodeIgniter\Session\Handlers\FileHandler' driver.
DEBUG - 2025-12-02 06:21:47 --> Session: Class initialized using 'CodeIgniter\Session\Handlers\FileHandler' driver.
DEBUG - 2025-12-02 06:21:48 --> Session: Class initialized using 'CodeIgniter\Session\Handlers\FileHandler' driver.
DEBUG - 2025-12-02 06:21:48 --> Session: Class initialized using 'CodeIgniter\Session\Handlers\FileHandler' driver.
DEBUG - 2025-12-02 06:22:02 --> Session: Class initialized using 'CodeIgniter\Session\Handlers\FileHandler' driver.
DEBUG - 2025-12-02 06:28:13 --> Session: Class initialized using 'CodeIgniter\Session\Handlers\FileHandler' driver.
DEBUG - 2025-12-02 06:28:14 --> Session: Class initialized using 'CodeIgniter\Session\Handlers\FileHandler' driver.
DEBUG - 2025-12-02 06:28:38 --> Session: Class initialized using 'CodeIgniter\Session\Handlers\FileHandler' driver.
DEBUG - 2025-12-02 06:28:47 --> Session: Class initialized using 'CodeIgniter\Session\Handlers\FileHandler' driver.
DEBUG - 2025-12-02 06:28:48 --> Session: Class initialized using 'CodeIgniter\Session\Handlers\FileHandler' driver.
DEBUG - 2025-12-02 09:54:04 --> Session: Class initialized using 'CodeIgniter\Session\Handlers\FileHandler' driver.
CRITICAL - 2025-12-02 18:48:47 --> CodeIgniter\Exceptions\BadMethodCallException: Call to undefined method App\Models\Usuario::insertarMiUsuario
[Method: POST, Route: crearUsuario]
in SYSTEMPATH\Model.php on line 930.
 1 APPPATH\Controllers\CrearUsuario.php(64): CodeIgniter\Model->__call('insertarMiUsuario', [...])
 2 SYSTEMPATH\CodeIgniter.php(933): App\Controllers\CrearUsuario->CrearUnUsuario()
 3 SYSTEMPATH\CodeIgniter.php(507): CodeIgniter\CodeIgniter->runController(Object(App\Controllers\CrearUsuario))
 4 SYSTEMPATH\CodeIgniter.php(354): CodeIgniter\CodeIgniter->handleRequest(null, Object(Config\Cache), false)
 5 SYSTEMPATH\Boot.php(334): CodeIgniter\CodeIgniter->run()
 6 SYSTEMPATH\Boot.php(67): CodeIgniter\Boot::runCodeIgniter(Object(CodeIgniter\CodeIgniter))
 7 FCPATH\index.php(59): CodeIgniter\Boot::bootWeb(Object(Config\Paths))
CRITICAL - 2025-12-02 18:49:49 --> CodeIgniter\Exceptions\BadMethodCallException: Call to undefined method App\Models\Usuario::insertarMiUsuario
[Method: POST, Route: crearUsuario]
in SYSTEMPATH\Model.php on line 930.
 1 APPPATH\Controllers\CrearUsuario.php(64): CodeIgniter\Model->__call('insertarMiUsuario', [...])
 2 SYSTEMPATH\CodeIgniter.php(933): App\Controllers\CrearUsuario->CrearUnUsuario()
 3 SYSTEMPATH\CodeIgniter.php(507): CodeIgniter\CodeIgniter->runController(Object(App\Controllers\CrearUsuario))
 4 SYSTEMPATH\CodeIgniter.php(354): CodeIgniter\CodeIgniter->handleRequest(null, Object(Config\Cache), false)
 5 SYSTEMPATH\Boot.php(334): CodeIgniter\CodeIgniter->run()
 6 SYSTEMPATH\Boot.php(67): CodeIgniter\Boot::runCodeIgniter(Object(CodeIgniter\CodeIgniter))
 7 FCPATH\index.php(59): CodeIgniter\Boot::bootWeb(Object(Config\Paths))
CRITICAL - 2025-12-02 18:49:49 --> CodeIgniter\Exceptions\BadMethodCallException: Call to undefined method App\Models\Usuario::insertarMiUsuario
[Method: POST, Route: crearUsuario]
in SYSTEMPATH\Model.php on line 930.
 1 APPPATH\Controllers\CrearUsuario.php(64): CodeIgniter\Model->__call('insertarMiUsuario', [...])
 2 SYSTEMPATH\CodeIgniter.php(933): App\Controllers\CrearUsuario->CrearUnUsuario()
 3 SYSTEMPATH\CodeIgniter.php(507): CodeIgniter\CodeIgniter->runController(Object(App\Controllers\CrearUsuario))
 4 SYSTEMPATH\CodeIgniter.php(354): CodeIgniter\CodeIgniter->handleRequest(null, Object(Config\Cache), false)
 5 SYSTEMPATH\Boot.php(334): CodeIgniter\CodeIgniter->run()
 6 SYSTEMPATH\Boot.php(67): CodeIgniter\Boot::runCodeIgniter(Object(CodeIgniter\CodeIgniter))
 7 FCPATH\index.php(59): CodeIgniter\Boot::bootWeb(Object(Config\Paths))
CRITICAL - 2025-12-02 18:50:25 --> CodeIgniter\Exceptions\BadMethodCallException: Call to undefined method App\Models\Usuario::insertarMiUsuario
[Method: POST, Route: crearUsuario]
in SYSTEMPATH\Model.php on line 930.
 1 APPPATH\Controllers\CrearUsuario.php(64): CodeIgniter\Model->__call('insertarMiUsuario', [...])
 2 SYSTEMPATH\CodeIgniter.php(933): App\Controllers\CrearUsuario->CrearUnUsuario()
 3 SYSTEMPATH\CodeIgniter.php(507): CodeIgniter\CodeIgniter->runController(Object(App\Controllers\CrearUsuario))
 4 SYSTEMPATH\CodeIgniter.php(354): CodeIgniter\CodeIgniter->handleRequest(null, Object(Config\Cache), false)
 5 SYSTEMPATH\Boot.php(334): CodeIgniter\CodeIgniter->run()
 6 SYSTEMPATH\Boot.php(67): CodeIgniter\Boot::runCodeIgniter(Object(CodeIgniter\CodeIgniter))
 7 FCPATH\index.php(59): CodeIgniter\Boot::bootWeb(Object(Config\Paths))
CRITICAL - 2025-12-02 18:54:02 --> CodeIgniter\Exceptions\BadMethodCallException: Call to undefined method App\Models\Usuario::insertarMiUsuario
[Method: POST, Route: crearUsuario]
in SYSTEMPATH\Model.php on line 930.
 1 APPPATH\Controllers\CrearUsuario.php(64): CodeIgniter\Model->__call('insertarMiUsuario', [...])
 2 SYSTEMPATH\CodeIgniter.php(933): App\Controllers\CrearUsuario->CrearUnUsuario()
 3 SYSTEMPATH\CodeIgniter.php(507): CodeIgniter\CodeIgniter->runController(Object(App\Controllers\CrearUsuario))
 4 SYSTEMPATH\CodeIgniter.php(354): CodeIgniter\CodeIgniter->handleRequest(null, Object(Config\Cache), false)
 5 SYSTEMPATH\Boot.php(334): CodeIgniter\CodeIgniter->run()
 6 SYSTEMPATH\Boot.php(67): CodeIgniter\Boot::runCodeIgniter(Object(CodeIgniter\CodeIgniter))
 7 FCPATH\index.php(59): CodeIgniter\Boot::bootWeb(Object(Config\Paths))
CRITICAL - 2025-12-02 18:56:00 --> CodeIgniter\Exceptions\BadMethodCallException: Call to undefined method App\Models\Usuario::insertarMiUsuario
[Method: POST, Route: crearUsuario]
in SYSTEMPATH\Model.php on line 930.
 1 APPPATH\Controllers\CrearUsuario.php(70): CodeIgniter\Model->__call('insertarMiUsuario', [...])
 2 SYSTEMPATH\CodeIgniter.php(933): App\Controllers\CrearUsuario->CrearUnUsuario()
 3 SYSTEMPATH\CodeIgniter.php(507): CodeIgniter\CodeIgniter->runController(Object(App\Controllers\CrearUsuario))
 4 SYSTEMPATH\CodeIgniter.php(354): CodeIgniter\CodeIgniter->handleRequest(null, Object(Config\Cache), false)
 5 SYSTEMPATH\Boot.php(334): CodeIgniter\CodeIgniter->run()
 6 SYSTEMPATH\Boot.php(67): CodeIgniter\Boot::runCodeIgniter(Object(CodeIgniter\CodeIgniter))
 7 FCPATH\index.php(59): CodeIgniter\Boot::bootWeb(Object(Config\Paths))
ERROR - 2025-12-02 20:40:40 --> mysqli_sql_exception: Cannot add or update a child row: a foreign key constraint fails (`sistema_adminstrativo`.`funcion_empleado`, CONSTRAINT `id_empleado` FOREIGN KEY (`id_empleado`) REFERENCES `empleado` (`id_empleado`)) in C:\xampp\htdocs\sistema-administrativo\system\Database\MySQLi\Connection.php:327
Stack trace:
#0 C:\xampp\htdocs\sistema-administrativo\system\Database\MySQLi\Connection.php(327): mysqli->query('INSERT INTO `fu...', 0)
#1 C:\xampp\htdocs\sistema-administrativo\system\Database\BaseConnection.php(738): CodeIgniter\Database\MySQLi\Connection->execute('INSERT INTO `fu...')
#2 C:\xampp\htdocs\sistema-administrativo\system\Database\BaseConnection.php(652): CodeIgniter\Database\BaseConnection->simpleQuery('INSERT INTO `fu...')
#3 C:\xampp\htdocs\sistema-administrativo\system\Database\BaseBuilder.php(2345): CodeIgniter\Database\BaseConnection->query('INSERT INTO `fu...', Array, false)
#4 C:\xampp\htdocs\sistema-administrativo\app\Models\FuncionEmpleado.php(20): CodeIgniter\Database\BaseBuilder->insert(Array)
#5 C:\xampp\htdocs\sistema-administrativo\app\Controllers\CrearCosturero.php(68): App\Models\FuncionEmpleado->insertarFuncionEmpleao(Array)
#6 C:\xampp\htdocs\sistema-administrativo\system\CodeIgniter.php(933): App\Controllers\CrearCosturero->CrearUnCosturero()
#7 C:\xampp\htdocs\sistema-administrativo\system\CodeIgniter.php(507): CodeIgniter\CodeIgniter->runController(Object(App\Controllers\CrearCosturero))
#8 C:\xampp\htdocs\sistema-administrativo\system\CodeIgniter.php(354): CodeIgniter\CodeIgniter->handleRequest(NULL, Object(Config\Cache), false)
#9 C:\xampp\htdocs\sistema-administrativo\system\Boot.php(334): CodeIgniter\CodeIgniter->run()
#10 C:\xampp\htdocs\sistema-administrativo\system\Boot.php(67): CodeIgniter\Boot::runCodeIgniter(Object(CodeIgniter\CodeIgniter))
#11 C:\xampp\htdocs\sistema-administrativo\index.php(59): CodeIgniter\Boot::bootWeb(Object(Config\Paths))
#12 {main}
