CRITICAL - 2025-11-06 05:24:43 --> ParseError: syntax error, unexpected identifier "contenido"
[Method: GET, Route: produccion]
in APPPATH\Views\plantilla\layout.php on line 59.
 1 SYSTEMPATH\View\View.php(227): CodeIgniter\View\View->CodeIgniter\View\{closure}()
 2 SYSTEMPATH\View\View.php(240): CodeIgniter\View\View->render('plantilla/layout', [], true)
 3 SYSTEMPATH\Common.php(1173): CodeIgniter\View\View->render('produccion', [], true)
 4 APPPATH\Controllers\MostrarVistas.php(18): view('produccion')
 5 SYSTEMPATH\CodeIgniter.php(933): App\Controllers\MostrarVistas->mostrarProduccion()
 6 SYSTEMPATH\CodeIgniter.php(507): CodeIgniter\CodeIgniter->runController(Object(App\Controllers\MostrarVistas))
 7 SYSTEMPATH\CodeIgniter.php(354): CodeIgniter\CodeIgniter->handleRequest(null, Object(Config\Cache), false)
 8 SYSTEMPATH\Boot.php(334): CodeIgniter\CodeIgniter->run()
 9 SYSTEMPATH\Boot.php(67): CodeIgniter\Boot::runCodeIgniter(Object(CodeIgniter\CodeIgniter))
10 FCPATH\index.php(59): CodeIgniter\Boot::bootWeb(Object(Config\Paths))
CRITICAL - 2025-11-06 05:24:45 --> ParseError: syntax error, unexpected identifier "contenido"
[Method: GET, Route: produccion]
in APPPATH\Views\plantilla\layout.php on line 59.
 1 SYSTEMPATH\View\View.php(227): CodeIgniter\View\View->CodeIgniter\View\{closure}()
 2 SYSTEMPATH\View\View.php(240): CodeIgniter\View\View->render('plantilla/layout', [], true)
 3 SYSTEMPATH\Common.php(1173): CodeIgniter\View\View->render('produccion', [], true)
 4 APPPATH\Controllers\MostrarVistas.php(18): view('produccion')
 5 SYSTEMPATH\CodeIgniter.php(933): App\Controllers\MostrarVistas->mostrarProduccion()
 6 SYSTEMPATH\CodeIgniter.php(507): CodeIgniter\CodeIgniter->runController(Object(App\Controllers\MostrarVistas))
 7 SYSTEMPATH\CodeIgniter.php(354): CodeIgniter\CodeIgniter->handleRequest(null, Object(Config\Cache), false)
 8 SYSTEMPATH\Boot.php(334): CodeIgniter\CodeIgniter->run()
 9 SYSTEMPATH\Boot.php(67): CodeIgniter\Boot::runCodeIgniter(Object(CodeIgniter\CodeIgniter))
10 FCPATH\index.php(59): CodeIgniter\Boot::bootWeb(Object(Config\Paths))
CRITICAL - 2025-11-06 05:24:47 --> ParseError: syntax error, unexpected identifier "contenido"
[Method: GET, Route: reportes]
in APPPATH\Views\plantilla\layout.php on line 59.
 1 SYSTEMPATH\View\View.php(227): CodeIgniter\View\View->CodeIgniter\View\{closure}()
 2 SYSTEMPATH\View\View.php(240): CodeIgniter\View\View->render('plantilla/layout', [], true)
 3 SYSTEMPATH\Common.php(1173): CodeIgniter\View\View->render('reportes', [], true)
 4 APPPATH\Controllers\MostrarVistas.php(26): view('reportes')
 5 SYSTEMPATH\CodeIgniter.php(933): App\Controllers\MostrarVistas->mostrarReportes()
 6 SYSTEMPATH\CodeIgniter.php(507): CodeIgniter\CodeIgniter->runController(Object(App\Controllers\MostrarVistas))
 7 SYSTEMPATH\CodeIgniter.php(354): CodeIgniter\CodeIgniter->handleRequest(null, Object(Config\Cache), false)
 8 SYSTEMPATH\Boot.php(334): CodeIgniter\CodeIgniter->run()
 9 SYSTEMPATH\Boot.php(67): CodeIgniter\Boot::runCodeIgniter(Object(CodeIgniter\CodeIgniter))
10 FCPATH\index.php(59): CodeIgniter\Boot::bootWeb(Object(Config\Paths))
CRITICAL - 2025-11-06 05:24:48 --> ParseError: syntax error, unexpected identifier "contenido"
[Method: GET, Route: reportes]
in APPPATH\Views\plantilla\layout.php on line 59.
 1 SYSTEMPATH\View\View.php(227): CodeIgniter\View\View->CodeIgniter\View\{closure}()
 2 SYSTEMPATH\View\View.php(240): CodeIgniter\View\View->render('plantilla/layout', [], true)
 3 SYSTEMPATH\Common.php(1173): CodeIgniter\View\View->render('reportes', [], true)
 4 APPPATH\Controllers\MostrarVistas.php(26): view('reportes')
 5 SYSTEMPATH\CodeIgniter.php(933): App\Controllers\MostrarVistas->mostrarReportes()
 6 SYSTEMPATH\CodeIgniter.php(507): CodeIgniter\CodeIgniter->runController(Object(App\Controllers\MostrarVistas))
 7 SYSTEMPATH\CodeIgniter.php(354): CodeIgniter\CodeIgniter->handleRequest(null, Object(Config\Cache), false)
 8 SYSTEMPATH\Boot.php(334): CodeIgniter\CodeIgniter->run()
 9 SYSTEMPATH\Boot.php(67): CodeIgniter\Boot::runCodeIgniter(Object(CodeIgniter\CodeIgniter))
10 FCPATH\index.php(59): CodeIgniter\Boot::bootWeb(Object(Config\Paths))
CRITICAL - 2025-11-06 05:24:48 --> ParseError: syntax error, unexpected identifier "contenido"
[Method: GET, Route: reportes]
in APPPATH\Views\plantilla\layout.php on line 59.
 1 SYSTEMPATH\View\View.php(227): CodeIgniter\View\View->CodeIgniter\View\{closure}()
 2 SYSTEMPATH\View\View.php(240): CodeIgniter\View\View->render('plantilla/layout', [], true)
 3 SYSTEMPATH\Common.php(1173): CodeIgniter\View\View->render('reportes', [], true)
 4 APPPATH\Controllers\MostrarVistas.php(26): view('reportes')
 5 SYSTEMPATH\CodeIgniter.php(933): App\Controllers\MostrarVistas->mostrarReportes()
 6 SYSTEMPATH\CodeIgniter.php(507): CodeIgniter\CodeIgniter->runController(Object(App\Controllers\MostrarVistas))
 7 SYSTEMPATH\CodeIgniter.php(354): CodeIgniter\CodeIgniter->handleRequest(null, Object(Config\Cache), false)
 8 SYSTEMPATH\Boot.php(334): CodeIgniter\CodeIgniter->run()
 9 SYSTEMPATH\Boot.php(67): CodeIgniter\Boot::runCodeIgniter(Object(CodeIgniter\CodeIgniter))
10 FCPATH\index.php(59): CodeIgniter\Boot::bootWeb(Object(Config\Paths))
CRITICAL - 2025-11-06 05:24:48 --> ParseError: syntax error, unexpected identifier "contenido"
[Method: GET, Route: reportes]
in APPPATH\Views\plantilla\layout.php on line 59.
 1 SYSTEMPATH\View\View.php(227): CodeIgniter\View\View->CodeIgniter\View\{closure}()
 2 SYSTEMPATH\View\View.php(240): CodeIgniter\View\View->render('plantilla/layout', [], true)
 3 SYSTEMPATH\Common.php(1173): CodeIgniter\View\View->render('reportes', [], true)
 4 APPPATH\Controllers\MostrarVistas.php(26): view('reportes')
 5 SYSTEMPATH\CodeIgniter.php(933): App\Controllers\MostrarVistas->mostrarReportes()
 6 SYSTEMPATH\CodeIgniter.php(507): CodeIgniter\CodeIgniter->runController(Object(App\Controllers\MostrarVistas))
 7 SYSTEMPATH\CodeIgniter.php(354): CodeIgniter\CodeIgniter->handleRequest(null, Object(Config\Cache), false)
 8 SYSTEMPATH\Boot.php(334): CodeIgniter\CodeIgniter->run()
 9 SYSTEMPATH\Boot.php(67): CodeIgniter\Boot::runCodeIgniter(Object(CodeIgniter\CodeIgniter))
10 FCPATH\index.php(59): CodeIgniter\Boot::bootWeb(Object(Config\Paths))
CRITICAL - 2025-11-06 05:24:48 --> ParseError: syntax error, unexpected identifier "contenido"
[Method: GET, Route: reportes]
in APPPATH\Views\plantilla\layout.php on line 59.
 1 SYSTEMPATH\View\View.php(227): CodeIgniter\View\View->CodeIgniter\View\{closure}()
 2 SYSTEMPATH\View\View.php(240): CodeIgniter\View\View->render('plantilla/layout', [], true)
 3 SYSTEMPATH\Common.php(1173): CodeIgniter\View\View->render('reportes', [], true)
 4 APPPATH\Controllers\MostrarVistas.php(26): view('reportes')
 5 SYSTEMPATH\CodeIgniter.php(933): App\Controllers\MostrarVistas->mostrarReportes()
 6 SYSTEMPATH\CodeIgniter.php(507): CodeIgniter\CodeIgniter->runController(Object(App\Controllers\MostrarVistas))
 7 SYSTEMPATH\CodeIgniter.php(354): CodeIgniter\CodeIgniter->handleRequest(null, Object(Config\Cache), false)
 8 SYSTEMPATH\Boot.php(334): CodeIgniter\CodeIgniter->run()
 9 SYSTEMPATH\Boot.php(67): CodeIgniter\Boot::runCodeIgniter(Object(CodeIgniter\CodeIgniter))
10 FCPATH\index.php(59): CodeIgniter\Boot::bootWeb(Object(Config\Paths))
