ERROR - 2025-12-15 07:34:39 --> mysqli_sql_exception: Unknown column 'p.id_talla' in 'on clause' in C:\xampp\htdocs\sistema-administrativo\system\Database\MySQLi\Connection.php:327
Stack trace:
#0 C:\xampp\htdocs\sistema-administrativo\system\Database\MySQLi\Connection.php(327): mysqli->query('SELECT `i`.*, C...', 0)
#1 C:\xampp\htdocs\sistema-administrativo\system\Database\BaseConnection.php(738): CodeIgniter\Database\MySQLi\Connection->execute('SELECT `i`.*, C...')
#2 C:\xampp\htdocs\sistema-administrativo\system\Database\BaseConnection.php(652): CodeIgniter\Database\BaseConnection->simpleQuery('SELECT `i`.*, C...')
#3 C:\xampp\htdocs\sistema-administrativo\system\Database\BaseBuilder.php(1649): CodeIgniter\Database\BaseConnection->query('SELECT `i`.*, C...', Array, false)
#4 C:\xampp\htdocs\sistema-administrativo\app\Models\Inventario.php(42): CodeIgniter\Database\BaseBuilder->get()
#5 C:\xampp\htdocs\sistema-administrativo\app\Controllers\CrearLoteInventario.php(82): App\Models\Inventario->obtenerProductos()
#6 C:\xampp\htdocs\sistema-administrativo\system\CodeIgniter.php(933): App\Controllers\CrearLoteInventario->obtenerLotes()
#7 C:\xampp\htdocs\sistema-administrativo\system\CodeIgniter.php(507): CodeIgniter\CodeIgniter->runController(Object(App\Controllers\CrearLoteInventario))
#8 C:\xampp\htdocs\sistema-administrativo\system\CodeIgniter.php(354): CodeIgniter\CodeIgniter->handleRequest(NULL, Object(Config\Cache), false)
#9 C:\xampp\htdocs\sistema-administrativo\system\Boot.php(334): CodeIgniter\CodeIgniter->run()
#10 C:\xampp\htdocs\sistema-administrativo\system\Boot.php(67): CodeIgniter\Boot::runCodeIgniter(Object(CodeIgniter\CodeIgniter))
#11 C:\xampp\htdocs\sistema-administrativo\index.php(59): CodeIgniter\Boot::bootWeb(Object(Config\Paths))
#12 {main}
ERROR - 2025-12-15 07:34:39 --> [CrearLoteInventario] Error en obtenerLotes: Unknown column 'p.id_talla' in 'on clause'
ERROR - 2025-12-15 07:36:48 --> mysqli_sql_exception: Unknown column 'p.id_talla' in 'on clause' in C:\xampp\htdocs\sistema-administrativo\system\Database\MySQLi\Connection.php:327
Stack trace:
#0 C:\xampp\htdocs\sistema-administrativo\system\Database\MySQLi\Connection.php(327): mysqli->query('SELECT `i`.*, C...', 0)
#1 C:\xampp\htdocs\sistema-administrativo\system\Database\BaseConnection.php(738): CodeIgniter\Database\MySQLi\Connection->execute('SELECT `i`.*, C...')
#2 C:\xampp\htdocs\sistema-administrativo\system\Database\BaseConnection.php(652): CodeIgniter\Database\BaseConnection->simpleQuery('SELECT `i`.*, C...')
#3 C:\xampp\htdocs\sistema-administrativo\system\Database\BaseBuilder.php(1649): CodeIgniter\Database\BaseConnection->query('SELECT `i`.*, C...', Array, false)
#4 C:\xampp\htdocs\sistema-administrativo\app\Models\Inventario.php(42): CodeIgniter\Database\BaseBuilder->get()
#5 C:\xampp\htdocs\sistema-administrativo\app\Controllers\CrearLoteInventario.php(82): App\Models\Inventario->obtenerProductos()
#6 C:\xampp\htdocs\sistema-administrativo\system\CodeIgniter.php(933): App\Controllers\CrearLoteInventario->obtenerLotes()
#7 C:\xampp\htdocs\sistema-administrativo\system\CodeIgniter.php(507): CodeIgniter\CodeIgniter->runController(Object(App\Controllers\CrearLoteInventario))
#8 C:\xampp\htdocs\sistema-administrativo\system\CodeIgniter.php(354): CodeIgniter\CodeIgniter->handleRequest(NULL, Object(Config\Cache), false)
#9 C:\xampp\htdocs\sistema-administrativo\system\Boot.php(334): CodeIgniter\CodeIgniter->run()
#10 C:\xampp\htdocs\sistema-administrativo\system\Boot.php(67): CodeIgniter\Boot::runCodeIgniter(Object(CodeIgniter\CodeIgniter))
#11 C:\xampp\htdocs\sistema-administrativo\index.php(59): CodeIgniter\Boot::bootWeb(Object(Config\Paths))
#12 {main}
ERROR - 2025-12-15 07:36:48 --> [CrearLoteInventario] Error en obtenerLotes: Unknown column 'p.id_talla' in 'on clause'
ERROR - 2025-12-15 07:37:41 --> mysqli_sql_exception: Duplicate entry 'P001' for key 'inventario.PRIMARY' in C:\xampp\htdocs\sistema-administrativo\system\Database\MySQLi\Connection.php:327
Stack trace:
#0 C:\xampp\htdocs\sistema-administrativo\system\Database\MySQLi\Connection.php(327): mysqli->query('INSERT INTO `in...', 0)
#1 C:\xampp\htdocs\sistema-administrativo\system\Database\BaseConnection.php(738): CodeIgniter\Database\MySQLi\Connection->execute('INSERT INTO `in...')
#2 C:\xampp\htdocs\sistema-administrativo\system\Database\BaseConnection.php(652): CodeIgniter\Database\BaseConnection->simpleQuery('INSERT INTO `in...')
#3 C:\xampp\htdocs\sistema-administrativo\system\Database\BaseBuilder.php(2345): CodeIgniter\Database\BaseConnection->query('INSERT INTO `in...', Array, false)
#4 C:\xampp\htdocs\sistema-administrativo\system\Model.php(394): CodeIgniter\Database\BaseBuilder->insert()
#5 C:\xampp\htdocs\sistema-administrativo\system\BaseModel.php(843): CodeIgniter\Model->doInsert(Array)
#6 C:\xampp\htdocs\sistema-administrativo\system\Model.php(800): CodeIgniter\BaseModel->insert(Array, true)
#7 C:\xampp\htdocs\sistema-administrativo\app\Controllers\CrearLoteInventario.php(52): CodeIgniter\Model->insert(Array)
#8 C:\xampp\htdocs\sistema-administrativo\system\CodeIgniter.php(933): App\Controllers\CrearLoteInventario->createLote()
#9 C:\xampp\htdocs\sistema-administrativo\system\CodeIgniter.php(507): CodeIgniter\CodeIgniter->runController(Object(App\Controllers\CrearLoteInventario))
#10 C:\xampp\htdocs\sistema-administrativo\system\CodeIgniter.php(354): CodeIgniter\CodeIgniter->handleRequest(NULL, Object(Config\Cache), false)
#11 C:\xampp\htdocs\sistema-administrativo\system\Boot.php(334): CodeIgniter\CodeIgniter->run()
#12 C:\xampp\htdocs\sistema-administrativo\system\Boot.php(67): CodeIgniter\Boot::runCodeIgniter(Object(CodeIgniter\CodeIgniter))
#13 C:\xampp\htdocs\sistema-administrativo\index.php(59): CodeIgniter\Boot::bootWeb(Object(Config\Paths))
#14 {main}
ERROR - 2025-12-15 07:37:41 --> [CrearLoteInventario] Error en createLote: Duplicate entry 'P001' for key 'inventario.PRIMARY'
ERROR - 2025-12-15 07:57:48 --> mysqli_sql_exception: Duplicate entry 'v002' for key 'inventario.PRIMARY' in C:\xampp\htdocs\sistema-administrativo\system\Database\MySQLi\Connection.php:327
Stack trace:
#0 C:\xampp\htdocs\sistema-administrativo\system\Database\MySQLi\Connection.php(327): mysqli->query('INSERT INTO `in...', 0)
#1 C:\xampp\htdocs\sistema-administrativo\system\Database\BaseConnection.php(738): CodeIgniter\Database\MySQLi\Connection->execute('INSERT INTO `in...')
#2 C:\xampp\htdocs\sistema-administrativo\system\Database\BaseConnection.php(652): CodeIgniter\Database\BaseConnection->simpleQuery('INSERT INTO `in...')
#3 C:\xampp\htdocs\sistema-administrativo\system\Database\BaseBuilder.php(2345): CodeIgniter\Database\BaseConnection->query('INSERT INTO `in...', Array, false)
#4 C:\xampp\htdocs\sistema-administrativo\system\Model.php(394): CodeIgniter\Database\BaseBuilder->insert()
#5 C:\xampp\htdocs\sistema-administrativo\system\BaseModel.php(843): CodeIgniter\Model->doInsert(Array)
#6 C:\xampp\htdocs\sistema-administrativo\system\Model.php(800): CodeIgniter\BaseModel->insert(Array, true)
#7 C:\xampp\htdocs\sistema-administrativo\app\Controllers\CrearLoteInventario.php(58): CodeIgniter\Model->insert(Array)
#8 C:\xampp\htdocs\sistema-administrativo\system\CodeIgniter.php(933): App\Controllers\CrearLoteInventario->createLote()
#9 C:\xampp\htdocs\sistema-administrativo\system\CodeIgniter.php(507): CodeIgniter\CodeIgniter->runController(Object(App\Controllers\CrearLoteInventario))
#10 C:\xampp\htdocs\sistema-administrativo\system\CodeIgniter.php(354): CodeIgniter\CodeIgniter->handleRequest(NULL, Object(Config\Cache), false)
#11 C:\xampp\htdocs\sistema-administrativo\system\Boot.php(334): CodeIgniter\CodeIgniter->run()
#12 C:\xampp\htdocs\sistema-administrativo\system\Boot.php(67): CodeIgniter\Boot::runCodeIgniter(Object(CodeIgniter\CodeIgniter))
#13 C:\xampp\htdocs\sistema-administrativo\index.php(59): CodeIgniter\Boot::bootWeb(Object(Config\Paths))
#14 {main}
ERROR - 2025-12-15 07:57:48 --> [CrearLoteInventario] Error en createLote: Duplicate entry 'v002' for key 'inventario.PRIMARY'
CRITICAL - 2025-12-15 09:39:26 --> ParseError: syntax error, unexpected token "public"
[Method: POST, Route: crearVenta/buscarCliente]
in APPPATH\Controllers\CrearVenta.php on line 96.
 1 SYSTEMPATH\Autoloader\Autoloader.php(295): CodeIgniter\Autoloader\Autoloader->includeFile('C:\\xampp\\htdocs\\sistema-administrativo\\app\\Controllers\\CrearVenta.php')
 2 SYSTEMPATH\Autoloader\Autoloader.php(271): CodeIgniter\Autoloader\Autoloader->loadInNamespace('App\\Controllers\\CrearVenta')
 3 [internal function]: CodeIgniter\Autoloader\Autoloader->loadClass('App\\Controllers\\CrearVenta')
 4 SYSTEMPATH\CodeIgniter.php(885): class_exists('\\App\\Controllers\\CrearVenta', true)
 5 SYSTEMPATH\CodeIgniter.php(494): CodeIgniter\CodeIgniter->startController()
 6 SYSTEMPATH\CodeIgniter.php(354): CodeIgniter\CodeIgniter->handleRequest(null, Object(Config\Cache), false)
 7 SYSTEMPATH\Boot.php(334): CodeIgniter\CodeIgniter->run()
 8 SYSTEMPATH\Boot.php(67): CodeIgniter\Boot::runCodeIgniter(Object(CodeIgniter\CodeIgniter))
 9 FCPATH\index.php(59): CodeIgniter\Boot::bootWeb(Object(Config\Paths))
CRITICAL - 2025-12-15 09:40:25 --> ParseError: syntax error, unexpected token "public"
[Method: POST, Route: crearVenta/crearCliente]
in APPPATH\Controllers\CrearVenta.php on line 96.
 1 SYSTEMPATH\Autoloader\Autoloader.php(295): CodeIgniter\Autoloader\Autoloader->includeFile('C:\\xampp\\htdocs\\sistema-administrativo\\app\\Controllers\\CrearVenta.php')
 2 SYSTEMPATH\Autoloader\Autoloader.php(271): CodeIgniter\Autoloader\Autoloader->loadInNamespace('App\\Controllers\\CrearVenta')
 3 [internal function]: CodeIgniter\Autoloader\Autoloader->loadClass('App\\Controllers\\CrearVenta')
 4 SYSTEMPATH\CodeIgniter.php(885): class_exists('\\App\\Controllers\\CrearVenta', true)
 5 SYSTEMPATH\CodeIgniter.php(494): CodeIgniter\CodeIgniter->startController()
 6 SYSTEMPATH\CodeIgniter.php(354): CodeIgniter\CodeIgniter->handleRequest(null, Object(Config\Cache), false)
 7 SYSTEMPATH\Boot.php(334): CodeIgniter\CodeIgniter->run()
 8 SYSTEMPATH\Boot.php(67): CodeIgniter\Boot::runCodeIgniter(Object(CodeIgniter\CodeIgniter))
 9 FCPATH\index.php(59): CodeIgniter\Boot::bootWeb(Object(Config\Paths))
CRITICAL - 2025-12-15 09:40:28 --> ParseError: syntax error, unexpected token "public"
[Method: POST, Route: crearVenta/crearCliente]
in APPPATH\Controllers\CrearVenta.php on line 96.
 1 SYSTEMPATH\Autoloader\Autoloader.php(295): CodeIgniter\Autoloader\Autoloader->includeFile('C:\\xampp\\htdocs\\sistema-administrativo\\app\\Controllers\\CrearVenta.php')
 2 SYSTEMPATH\Autoloader\Autoloader.php(271): CodeIgniter\Autoloader\Autoloader->loadInNamespace('App\\Controllers\\CrearVenta')
 3 [internal function]: CodeIgniter\Autoloader\Autoloader->loadClass('App\\Controllers\\CrearVenta')
 4 SYSTEMPATH\CodeIgniter.php(885): class_exists('\\App\\Controllers\\CrearVenta', true)
 5 SYSTEMPATH\CodeIgniter.php(494): CodeIgniter\CodeIgniter->startController()
 6 SYSTEMPATH\CodeIgniter.php(354): CodeIgniter\CodeIgniter->handleRequest(null, Object(Config\Cache), false)
 7 SYSTEMPATH\Boot.php(334): CodeIgniter\CodeIgniter->run()
 8 SYSTEMPATH\Boot.php(67): CodeIgniter\Boot::runCodeIgniter(Object(CodeIgniter\CodeIgniter))
 9 FCPATH\index.php(59): CodeIgniter\Boot::bootWeb(Object(Config\Paths))
CRITICAL - 2025-12-15 09:40:30 --> ParseError: syntax error, unexpected token "public"
[Method: POST, Route: crearVenta/crearCliente]
in APPPATH\Controllers\CrearVenta.php on line 96.
 1 SYSTEMPATH\Autoloader\Autoloader.php(295): CodeIgniter\Autoloader\Autoloader->includeFile('C:\\xampp\\htdocs\\sistema-administrativo\\app\\Controllers\\CrearVenta.php')
 2 SYSTEMPATH\Autoloader\Autoloader.php(271): CodeIgniter\Autoloader\Autoloader->loadInNamespace('App\\Controllers\\CrearVenta')
 3 [internal function]: CodeIgniter\Autoloader\Autoloader->loadClass('App\\Controllers\\CrearVenta')
 4 SYSTEMPATH\CodeIgniter.php(885): class_exists('\\App\\Controllers\\CrearVenta', true)
 5 SYSTEMPATH\CodeIgniter.php(494): CodeIgniter\CodeIgniter->startController()
 6 SYSTEMPATH\CodeIgniter.php(354): CodeIgniter\CodeIgniter->handleRequest(null, Object(Config\Cache), false)
 7 SYSTEMPATH\Boot.php(334): CodeIgniter\CodeIgniter->run()
 8 SYSTEMPATH\Boot.php(67): CodeIgniter\Boot::runCodeIgniter(Object(CodeIgniter\CodeIgniter))
 9 FCPATH\index.php(59): CodeIgniter\Boot::bootWeb(Object(Config\Paths))
ERROR - 2025-12-15 10:17:47 --> mysqli_sql_exception: Unknown column 'p.id_tono' in 'on clause' in C:\xampp\htdocs\sistema-administrativo\system\Database\MySQLi\Connection.php:327
Stack trace:
#0 C:\xampp\htdocs\sistema-administrativo\system\Database\MySQLi\Connection.php(327): mysqli->query('SELECT CONCAT(p...', 0)
#1 C:\xampp\htdocs\sistema-administrativo\system\Database\BaseConnection.php(738): CodeIgniter\Database\MySQLi\Connection->execute('SELECT CONCAT(p...')
#2 C:\xampp\htdocs\sistema-administrativo\system\Database\BaseConnection.php(652): CodeIgniter\Database\BaseConnection->simpleQuery('SELECT CONCAT(p...')
#3 C:\xampp\htdocs\sistema-administrativo\system\Database\BaseBuilder.php(1649): CodeIgniter\Database\BaseConnection->query('SELECT CONCAT(p...', Array, false)
#4 C:\xampp\htdocs\sistema-administrativo\app\Models\reportemodel.php(53): CodeIgniter\Database\BaseBuilder->get()
#5 C:\xampp\htdocs\sistema-administrativo\app\Controllers\reportes.php(36): App\Models\ReporteModel->getInventarioActual()
#6 C:\xampp\htdocs\sistema-administrativo\system\CodeIgniter.php(933): App\Controllers\Reportes->inventarioActual()
#7 C:\xampp\htdocs\sistema-administrativo\system\CodeIgniter.php(507): CodeIgniter\CodeIgniter->runController(Object(App\Controllers\Reportes))
#8 C:\xampp\htdocs\sistema-administrativo\system\CodeIgniter.php(354): CodeIgniter\CodeIgniter->handleRequest(NULL, Object(Config\Cache), false)
#9 C:\xampp\htdocs\sistema-administrativo\system\Boot.php(334): CodeIgniter\CodeIgniter->run()
#10 C:\xampp\htdocs\sistema-administrativo\system\Boot.php(67): CodeIgniter\Boot::runCodeIgniter(Object(CodeIgniter\CodeIgniter))
#11 C:\xampp\htdocs\sistema-administrativo\index.php(59): CodeIgniter\Boot::bootWeb(Object(Config\Paths))
#12 {main}
ERROR - 2025-12-15 10:17:47 --> [Reportes] Error en inventarioActual: Unknown column 'p.id_tono' in 'on clause'
ERROR - 2025-12-15 10:19:04 --> mysqli_sql_exception: Unknown column 't.talla' in 'field list' in C:\xampp\htdocs\sistema-administrativo\system\Database\MySQLi\Connection.php:327
Stack trace:
#0 C:\xampp\htdocs\sistema-administrativo\system\Database\MySQLi\Connection.php(327): mysqli->query('SELECT `i`.`cod...', 0)
#1 C:\xampp\htdocs\sistema-administrativo\system\Database\BaseConnection.php(738): CodeIgniter\Database\MySQLi\Connection->execute('SELECT `i`.`cod...')
#2 C:\xampp\htdocs\sistema-administrativo\system\Database\BaseConnection.php(652): CodeIgniter\Database\BaseConnection->simpleQuery('SELECT `i`.`cod...')
#3 C:\xampp\htdocs\sistema-administrativo\system\Database\BaseBuilder.php(1649): CodeIgniter\Database\BaseConnection->query('SELECT `i`.`cod...', Array, false)
#4 C:\xampp\htdocs\sistema-administrativo\app\Controllers\CrearVenta.php(31): CodeIgniter\Database\BaseBuilder->get()
#5 C:\xampp\htdocs\sistema-administrativo\system\CodeIgniter.php(933): App\Controllers\CrearVenta->listarProductosVenta()
#6 C:\xampp\htdocs\sistema-administrativo\system\CodeIgniter.php(507): CodeIgniter\CodeIgniter->runController(Object(App\Controllers\CrearVenta))
#7 C:\xampp\htdocs\sistema-administrativo\system\CodeIgniter.php(354): CodeIgniter\CodeIgniter->handleRequest(NULL, Object(Config\Cache), false)
#8 C:\xampp\htdocs\sistema-administrativo\system\Boot.php(334): CodeIgniter\CodeIgniter->run()
#9 C:\xampp\htdocs\sistema-administrativo\system\Boot.php(67): CodeIgniter\Boot::runCodeIgniter(Object(CodeIgniter\CodeIgniter))
#10 C:\xampp\htdocs\sistema-administrativo\index.php(59): CodeIgniter\Boot::bootWeb(Object(Config\Paths))
#11 {main}
ERROR - 2025-12-15 10:20:10 --> mysqli_sql_exception: Unknown column 't.talla' in 'field list' in C:\xampp\htdocs\sistema-administrativo\system\Database\MySQLi\Connection.php:327
Stack trace:
#0 C:\xampp\htdocs\sistema-administrativo\system\Database\MySQLi\Connection.php(327): mysqli->query('SELECT `i`.`cod...', 0)
#1 C:\xampp\htdocs\sistema-administrativo\system\Database\BaseConnection.php(738): CodeIgniter\Database\MySQLi\Connection->execute('SELECT `i`.`cod...')
#2 C:\xampp\htdocs\sistema-administrativo\system\Database\BaseConnection.php(652): CodeIgniter\Database\BaseConnection->simpleQuery('SELECT `i`.`cod...')
#3 C:\xampp\htdocs\sistema-administrativo\system\Database\BaseBuilder.php(1649): CodeIgniter\Database\BaseConnection->query('SELECT `i`.`cod...', Array, false)
#4 C:\xampp\htdocs\sistema-administrativo\app\Controllers\CrearVenta.php(31): CodeIgniter\Database\BaseBuilder->get()
#5 C:\xampp\htdocs\sistema-administrativo\system\CodeIgniter.php(933): App\Controllers\CrearVenta->listarProductosVenta()
#6 C:\xampp\htdocs\sistema-administrativo\system\CodeIgniter.php(507): CodeIgniter\CodeIgniter->runController(Object(App\Controllers\CrearVenta))
#7 C:\xampp\htdocs\sistema-administrativo\system\CodeIgniter.php(354): CodeIgniter\CodeIgniter->handleRequest(NULL, Object(Config\Cache), false)
#8 C:\xampp\htdocs\sistema-administrativo\system\Boot.php(334): CodeIgniter\CodeIgniter->run()
#9 C:\xampp\htdocs\sistema-administrativo\system\Boot.php(67): CodeIgniter\Boot::runCodeIgniter(Object(CodeIgniter\CodeIgniter))
#10 C:\xampp\htdocs\sistema-administrativo\index.php(59): CodeIgniter\Boot::bootWeb(Object(Config\Paths))
#11 {main}
ERROR - 2025-12-15 10:21:04 --> mysqli_sql_exception: Unknown column 't.talla' in 'field list' in C:\xampp\htdocs\sistema-administrativo\system\Database\MySQLi\Connection.php:327
Stack trace:
#0 C:\xampp\htdocs\sistema-administrativo\system\Database\MySQLi\Connection.php(327): mysqli->query('SELECT `i`.`cod...', 0)
#1 C:\xampp\htdocs\sistema-administrativo\system\Database\BaseConnection.php(738): CodeIgniter\Database\MySQLi\Connection->execute('SELECT `i`.`cod...')
#2 C:\xampp\htdocs\sistema-administrativo\system\Database\BaseConnection.php(652): CodeIgniter\Database\BaseConnection->simpleQuery('SELECT `i`.`cod...')
#3 C:\xampp\htdocs\sistema-administrativo\system\Database\BaseBuilder.php(1649): CodeIgniter\Database\BaseConnection->query('SELECT `i`.`cod...', Array, false)
#4 C:\xampp\htdocs\sistema-administrativo\app\Controllers\CrearVenta.php(31): CodeIgniter\Database\BaseBuilder->get()
#5 C:\xampp\htdocs\sistema-administrativo\system\CodeIgniter.php(933): App\Controllers\CrearVenta->listarProductosVenta()
#6 C:\xampp\htdocs\sistema-administrativo\system\CodeIgniter.php(507): CodeIgniter\CodeIgniter->runController(Object(App\Controllers\CrearVenta))
#7 C:\xampp\htdocs\sistema-administrativo\system\CodeIgniter.php(354): CodeIgniter\CodeIgniter->handleRequest(NULL, Object(Config\Cache), false)
#8 C:\xampp\htdocs\sistema-administrativo\system\Boot.php(334): CodeIgniter\CodeIgniter->run()
#9 C:\xampp\htdocs\sistema-administrativo\system\Boot.php(67): CodeIgniter\Boot::runCodeIgniter(Object(CodeIgniter\CodeIgniter))
#10 C:\xampp\htdocs\sistema-administrativo\index.php(59): CodeIgniter\Boot::bootWeb(Object(Config\Paths))
#11 {main}
ERROR - 2025-12-15 10:23:33 --> mysqli_sql_exception: Unknown column 't.talla' in 'field list' in C:\xampp\htdocs\sistema-administrativo\system\Database\MySQLi\Connection.php:327
Stack trace:
#0 C:\xampp\htdocs\sistema-administrativo\system\Database\MySQLi\Connection.php(327): mysqli->query('SELECT MAX(i.co...', 0)
#1 C:\xampp\htdocs\sistema-administrativo\system\Database\BaseConnection.php(738): CodeIgniter\Database\MySQLi\Connection->execute('SELECT MAX(i.co...')
#2 C:\xampp\htdocs\sistema-administrativo\system\Database\BaseConnection.php(652): CodeIgniter\Database\BaseConnection->simpleQuery('SELECT MAX(i.co...')
#3 C:\xampp\htdocs\sistema-administrativo\system\Database\BaseBuilder.php(1649): CodeIgniter\Database\BaseConnection->query('SELECT MAX(i.co...', Array, false)
#4 C:\xampp\htdocs\sistema-administrativo\app\Controllers\CrearVenta.php(34): CodeIgniter\Database\BaseBuilder->get()
#5 C:\xampp\htdocs\sistema-administrativo\system\CodeIgniter.php(933): App\Controllers\CrearVenta->listarProductosVenta()
#6 C:\xampp\htdocs\sistema-administrativo\system\CodeIgniter.php(507): CodeIgniter\CodeIgniter->runController(Object(App\Controllers\CrearVenta))
#7 C:\xampp\htdocs\sistema-administrativo\system\CodeIgniter.php(354): CodeIgniter\CodeIgniter->handleRequest(NULL, Object(Config\Cache), false)
#8 C:\xampp\htdocs\sistema-administrativo\system\Boot.php(334): CodeIgniter\CodeIgniter->run()
#9 C:\xampp\htdocs\sistema-administrativo\system\Boot.php(67): CodeIgniter\Boot::runCodeIgniter(Object(CodeIgniter\CodeIgniter))
#10 C:\xampp\htdocs\sistema-administrativo\index.php(59): CodeIgniter\Boot::bootWeb(Object(Config\Paths))
#11 {main}
CRITICAL - 2025-12-15 10:24:29 --> ParseError: syntax error, unexpected token "public"
[Method: GET, Route: crearVenta/listarProductos]
in APPPATH\Controllers\CrearVenta.php on line 80.
 1 SYSTEMPATH\Autoloader\Autoloader.php(295): CodeIgniter\Autoloader\Autoloader->includeFile('C:\\xampp\\htdocs\\sistema-administrativo\\app\\Controllers\\CrearVenta.php')
 2 SYSTEMPATH\Autoloader\Autoloader.php(271): CodeIgniter\Autoloader\Autoloader->loadInNamespace('App\\Controllers\\CrearVenta')
 3 [internal function]: CodeIgniter\Autoloader\Autoloader->loadClass('App\\Controllers\\CrearVenta')
 4 SYSTEMPATH\CodeIgniter.php(885): class_exists('\\App\\Controllers\\CrearVenta', true)
 5 SYSTEMPATH\CodeIgniter.php(494): CodeIgniter\CodeIgniter->startController()
 6 SYSTEMPATH\CodeIgniter.php(354): CodeIgniter\CodeIgniter->handleRequest(null, Object(Config\Cache), false)
 7 SYSTEMPATH\Boot.php(334): CodeIgniter\CodeIgniter->run()
 8 SYSTEMPATH\Boot.php(67): CodeIgniter\Boot::runCodeIgniter(Object(CodeIgniter\CodeIgniter))
 9 FCPATH\index.php(59): CodeIgniter\Boot::bootWeb(Object(Config\Paths))
ERROR - 2025-12-15 10:25:15 --> mysqli_sql_exception: Unknown column 't.talla' in 'field list' in C:\xampp\htdocs\sistema-administrativo\system\Database\MySQLi\Connection.php:327
Stack trace:
#0 C:\xampp\htdocs\sistema-administrativo\system\Database\MySQLi\Connection.php(327): mysqli->query('SELECT MAX(i.co...', 0)
#1 C:\xampp\htdocs\sistema-administrativo\system\Database\BaseConnection.php(738): CodeIgniter\Database\MySQLi\Connection->execute('SELECT MAX(i.co...')
#2 C:\xampp\htdocs\sistema-administrativo\system\Database\BaseConnection.php(652): CodeIgniter\Database\BaseConnection->simpleQuery('SELECT MAX(i.co...')
#3 C:\xampp\htdocs\sistema-administrativo\system\Database\BaseBuilder.php(1649): CodeIgniter\Database\BaseConnection->query('SELECT MAX(i.co...', Array, false)
#4 C:\xampp\htdocs\sistema-administrativo\app\Controllers\CrearVenta.php(34): CodeIgniter\Database\BaseBuilder->get()
#5 C:\xampp\htdocs\sistema-administrativo\system\CodeIgniter.php(933): App\Controllers\CrearVenta->listarProductosVenta()
#6 C:\xampp\htdocs\sistema-administrativo\system\CodeIgniter.php(507): CodeIgniter\CodeIgniter->runController(Object(App\Controllers\CrearVenta))
#7 C:\xampp\htdocs\sistema-administrativo\system\CodeIgniter.php(354): CodeIgniter\CodeIgniter->handleRequest(NULL, Object(Config\Cache), false)
#8 C:\xampp\htdocs\sistema-administrativo\system\Boot.php(334): CodeIgniter\CodeIgniter->run()
#9 C:\xampp\htdocs\sistema-administrativo\system\Boot.php(67): CodeIgniter\Boot::runCodeIgniter(Object(CodeIgniter\CodeIgniter))
#10 C:\xampp\htdocs\sistema-administrativo\index.php(59): CodeIgniter\Boot::bootWeb(Object(Config\Paths))
#11 {main}
ERROR - 2025-12-15 10:31:22 --> mysqli_sql_exception: Unknown column 't.talla' in 'field list' in C:\xampp\htdocs\sistema-administrativo\system\Database\MySQLi\Connection.php:327
Stack trace:
#0 C:\xampp\htdocs\sistema-administrativo\system\Database\MySQLi\Connection.php(327): mysqli->query('SELECT MAX(i.co...', 0)
#1 C:\xampp\htdocs\sistema-administrativo\system\Database\BaseConnection.php(738): CodeIgniter\Database\MySQLi\Connection->execute('SELECT MAX(i.co...')
#2 C:\xampp\htdocs\sistema-administrativo\system\Database\BaseConnection.php(652): CodeIgniter\Database\BaseConnection->simpleQuery('SELECT MAX(i.co...')
#3 C:\xampp\htdocs\sistema-administrativo\system\Database\BaseBuilder.php(1649): CodeIgniter\Database\BaseConnection->query('SELECT MAX(i.co...', Array, false)
#4 C:\xampp\htdocs\sistema-administrativo\app\Controllers\CrearVenta.php(34): CodeIgniter\Database\BaseBuilder->get()
#5 C:\xampp\htdocs\sistema-administrativo\system\CodeIgniter.php(933): App\Controllers\CrearVenta->listarProductosVenta()
#6 C:\xampp\htdocs\sistema-administrativo\system\CodeIgniter.php(507): CodeIgniter\CodeIgniter->runController(Object(App\Controllers\CrearVenta))
#7 C:\xampp\htdocs\sistema-administrativo\system\CodeIgniter.php(354): CodeIgniter\CodeIgniter->handleRequest(NULL, Object(Config\Cache), false)
#8 C:\xampp\htdocs\sistema-administrativo\system\Boot.php(334): CodeIgniter\CodeIgniter->run()
#9 C:\xampp\htdocs\sistema-administrativo\system\Boot.php(67): CodeIgniter\Boot::runCodeIgniter(Object(CodeIgniter\CodeIgniter))
#10 C:\xampp\htdocs\sistema-administrativo\index.php(59): CodeIgniter\Boot::bootWeb(Object(Config\Paths))
#11 {main}
ERROR - 2025-12-15 10:31:35 --> mysqli_sql_exception: Unknown column 't.talla' in 'field list' in C:\xampp\htdocs\sistema-administrativo\system\Database\MySQLi\Connection.php:327
Stack trace:
#0 C:\xampp\htdocs\sistema-administrativo\system\Database\MySQLi\Connection.php(327): mysqli->query('SELECT MAX(i.co...', 0)
#1 C:\xampp\htdocs\sistema-administrativo\system\Database\BaseConnection.php(738): CodeIgniter\Database\MySQLi\Connection->execute('SELECT MAX(i.co...')
#2 C:\xampp\htdocs\sistema-administrativo\system\Database\BaseConnection.php(652): CodeIgniter\Database\BaseConnection->simpleQuery('SELECT MAX(i.co...')
#3 C:\xampp\htdocs\sistema-administrativo\system\Database\BaseBuilder.php(1649): CodeIgniter\Database\BaseConnection->query('SELECT MAX(i.co...', Array, false)
#4 C:\xampp\htdocs\sistema-administrativo\app\Controllers\CrearVenta.php(34): CodeIgniter\Database\BaseBuilder->get()
#5 C:\xampp\htdocs\sistema-administrativo\system\CodeIgniter.php(933): App\Controllers\CrearVenta->listarProductosVenta()
#6 C:\xampp\htdocs\sistema-administrativo\system\CodeIgniter.php(507): CodeIgniter\CodeIgniter->runController(Object(App\Controllers\CrearVenta))
#7 C:\xampp\htdocs\sistema-administrativo\system\CodeIgniter.php(354): CodeIgniter\CodeIgniter->handleRequest(NULL, Object(Config\Cache), false)
#8 C:\xampp\htdocs\sistema-administrativo\system\Boot.php(334): CodeIgniter\CodeIgniter->run()
#9 C:\xampp\htdocs\sistema-administrativo\system\Boot.php(67): CodeIgniter\Boot::runCodeIgniter(Object(CodeIgniter\CodeIgniter))
#10 C:\xampp\htdocs\sistema-administrativo\index.php(59): CodeIgniter\Boot::bootWeb(Object(Config\Paths))
#11 {main}
ERROR - 2025-12-15 10:35:06 --> mysqli_sql_exception: Cannot add or update a child row: a foreign key constraint fails (`sistema_adminstrativo`.`venta`, CONSTRAINT `id_cliente` FOREIGN KEY (`id_cliente`) REFERENCES `cliente` (`id_cliente`)) in C:\xampp\htdocs\sistema-administrativo\system\Database\MySQLi\Connection.php:327
Stack trace:
#0 C:\xampp\htdocs\sistema-administrativo\system\Database\MySQLi\Connection.php(327): mysqli->query('INSERT INTO `ve...', 0)
#1 C:\xampp\htdocs\sistema-administrativo\system\Database\BaseConnection.php(738): CodeIgniter\Database\MySQLi\Connection->execute('INSERT INTO `ve...')
#2 C:\xampp\htdocs\sistema-administrativo\system\Database\BaseConnection.php(652): CodeIgniter\Database\BaseConnection->simpleQuery('INSERT INTO `ve...')
#3 C:\xampp\htdocs\sistema-administrativo\system\Database\BaseBuilder.php(2345): CodeIgniter\Database\BaseConnection->query('INSERT INTO `ve...', Array, false)
#4 C:\xampp\htdocs\sistema-administrativo\system\Model.php(394): CodeIgniter\Database\BaseBuilder->insert()
#5 C:\xampp\htdocs\sistema-administrativo\system\BaseModel.php(843): CodeIgniter\Model->doInsert(Array)
#6 C:\xampp\htdocs\sistema-administrativo\system\Model.php(800): CodeIgniter\BaseModel->insert(Array, true)
#7 C:\xampp\htdocs\sistema-administrativo\app\Controllers\CrearVenta.php(100): CodeIgniter\Model->insert(Array)
#8 C:\xampp\htdocs\sistema-administrativo\system\CodeIgniter.php(933): App\Controllers\CrearVenta->generarVenta()
#9 C:\xampp\htdocs\sistema-administrativo\system\CodeIgniter.php(507): CodeIgniter\CodeIgniter->runController(Object(App\Controllers\CrearVenta))
#10 C:\xampp\htdocs\sistema-administrativo\system\CodeIgniter.php(354): CodeIgniter\CodeIgniter->handleRequest(NULL, Object(Config\Cache), false)
#11 C:\xampp\htdocs\sistema-administrativo\system\Boot.php(334): CodeIgniter\CodeIgniter->run()
#12 C:\xampp\htdocs\sistema-administrativo\system\Boot.php(67): CodeIgniter\Boot::runCodeIgniter(Object(CodeIgniter\CodeIgniter))
#13 C:\xampp\htdocs\sistema-administrativo\index.php(59): CodeIgniter\Boot::bootWeb(Object(Config\Paths))
#14 {main}
ERROR - 2025-12-15 10:35:07 --> mysqli_sql_exception: Cannot add or update a child row: a foreign key constraint fails (`sistema_adminstrativo`.`detalle_venta`, CONSTRAINT `id_venta` FOREIGN KEY (`id_venta`) REFERENCES `venta` (`id_venta`)) in C:\xampp\htdocs\sistema-administrativo\system\Database\MySQLi\Connection.php:327
Stack trace:
#0 C:\xampp\htdocs\sistema-administrativo\system\Database\MySQLi\Connection.php(327): mysqli->query('INSERT INTO `de...', 0)
#1 C:\xampp\htdocs\sistema-administrativo\system\Database\BaseConnection.php(738): CodeIgniter\Database\MySQLi\Connection->execute('INSERT INTO `de...')
#2 C:\xampp\htdocs\sistema-administrativo\system\Database\BaseConnection.php(652): CodeIgniter\Database\BaseConnection->simpleQuery('INSERT INTO `de...')
#3 C:\xampp\htdocs\sistema-administrativo\system\Database\BaseBuilder.php(2345): CodeIgniter\Database\BaseConnection->query('INSERT INTO `de...', Array, false)
#4 C:\xampp\htdocs\sistema-administrativo\system\Model.php(394): CodeIgniter\Database\BaseBuilder->insert()
#5 C:\xampp\htdocs\sistema-administrativo\system\BaseModel.php(843): CodeIgniter\Model->doInsert(Array)
#6 C:\xampp\htdocs\sistema-administrativo\system\Model.php(800): CodeIgniter\BaseModel->insert(Array, true)
#7 C:\xampp\htdocs\sistema-administrativo\app\Controllers\CrearVenta.php(142): CodeIgniter\Model->insert(Array)
#8 C:\xampp\htdocs\sistema-administrativo\system\CodeIgniter.php(933): App\Controllers\CrearVenta->generarVenta()
#9 C:\xampp\htdocs\sistema-administrativo\system\CodeIgniter.php(507): CodeIgniter\CodeIgniter->runController(Object(App\Controllers\CrearVenta))
#10 C:\xampp\htdocs\sistema-administrativo\system\CodeIgniter.php(354): CodeIgniter\CodeIgniter->handleRequest(NULL, Object(Config\Cache), false)
#11 C:\xampp\htdocs\sistema-administrativo\system\Boot.php(334): CodeIgniter\CodeIgniter->run()
#12 C:\xampp\htdocs\sistema-administrativo\system\Boot.php(67): CodeIgniter\Boot::runCodeIgniter(Object(CodeIgniter\CodeIgniter))
#13 C:\xampp\htdocs\sistema-administrativo\index.php(59): CodeIgniter\Boot::bootWeb(Object(Config\Paths))
#14 {main}
ERROR - 2025-12-15 10:35:44 --> mysqli_sql_exception: Cannot add or update a child row: a foreign key constraint fails (`sistema_adminstrativo`.`venta`, CONSTRAINT `id_cliente` FOREIGN KEY (`id_cliente`) REFERENCES `cliente` (`id_cliente`)) in C:\xampp\htdocs\sistema-administrativo\system\Database\MySQLi\Connection.php:327
Stack trace:
#0 C:\xampp\htdocs\sistema-administrativo\system\Database\MySQLi\Connection.php(327): mysqli->query('INSERT INTO `ve...', 0)
#1 C:\xampp\htdocs\sistema-administrativo\system\Database\BaseConnection.php(738): CodeIgniter\Database\MySQLi\Connection->execute('INSERT INTO `ve...')
#2 C:\xampp\htdocs\sistema-administrativo\system\Database\BaseConnection.php(652): CodeIgniter\Database\BaseConnection->simpleQuery('INSERT INTO `ve...')
#3 C:\xampp\htdocs\sistema-administrativo\system\Database\BaseBuilder.php(2345): CodeIgniter\Database\BaseConnection->query('INSERT INTO `ve...', Array, false)
#4 C:\xampp\htdocs\sistema-administrativo\system\Model.php(394): CodeIgniter\Database\BaseBuilder->insert()
#5 C:\xampp\htdocs\sistema-administrativo\system\BaseModel.php(843): CodeIgniter\Model->doInsert(Array)
#6 C:\xampp\htdocs\sistema-administrativo\system\Model.php(800): CodeIgniter\BaseModel->insert(Array, true)
#7 C:\xampp\htdocs\sistema-administrativo\app\Controllers\CrearVenta.php(100): CodeIgniter\Model->insert(Array)
#8 C:\xampp\htdocs\sistema-administrativo\system\CodeIgniter.php(933): App\Controllers\CrearVenta->generarVenta()
#9 C:\xampp\htdocs\sistema-administrativo\system\CodeIgniter.php(507): CodeIgniter\CodeIgniter->runController(Object(App\Controllers\CrearVenta))
#10 C:\xampp\htdocs\sistema-administrativo\system\CodeIgniter.php(354): CodeIgniter\CodeIgniter->handleRequest(NULL, Object(Config\Cache), false)
#11 C:\xampp\htdocs\sistema-administrativo\system\Boot.php(334): CodeIgniter\CodeIgniter->run()
#12 C:\xampp\htdocs\sistema-administrativo\system\Boot.php(67): CodeIgniter\Boot::runCodeIgniter(Object(CodeIgniter\CodeIgniter))
#13 C:\xampp\htdocs\sistema-administrativo\index.php(59): CodeIgniter\Boot::bootWeb(Object(Config\Paths))
#14 {main}
ERROR - 2025-12-15 10:35:44 --> mysqli_sql_exception: Cannot add or update a child row: a foreign key constraint fails (`sistema_adminstrativo`.`detalle_venta`, CONSTRAINT `id_venta` FOREIGN KEY (`id_venta`) REFERENCES `venta` (`id_venta`)) in C:\xampp\htdocs\sistema-administrativo\system\Database\MySQLi\Connection.php:327
Stack trace:
#0 C:\xampp\htdocs\sistema-administrativo\system\Database\MySQLi\Connection.php(327): mysqli->query('INSERT INTO `de...', 0)
#1 C:\xampp\htdocs\sistema-administrativo\system\Database\BaseConnection.php(738): CodeIgniter\Database\MySQLi\Connection->execute('INSERT INTO `de...')
#2 C:\xampp\htdocs\sistema-administrativo\system\Database\BaseConnection.php(652): CodeIgniter\Database\BaseConnection->simpleQuery('INSERT INTO `de...')
#3 C:\xampp\htdocs\sistema-administrativo\system\Database\BaseBuilder.php(2345): CodeIgniter\Database\BaseConnection->query('INSERT INTO `de...', Array, false)
#4 C:\xampp\htdocs\sistema-administrativo\system\Model.php(394): CodeIgniter\Database\BaseBuilder->insert()
#5 C:\xampp\htdocs\sistema-administrativo\system\BaseModel.php(843): CodeIgniter\Model->doInsert(Array)
#6 C:\xampp\htdocs\sistema-administrativo\system\Model.php(800): CodeIgniter\BaseModel->insert(Array, true)
#7 C:\xampp\htdocs\sistema-administrativo\app\Controllers\CrearVenta.php(142): CodeIgniter\Model->insert(Array)
#8 C:\xampp\htdocs\sistema-administrativo\system\CodeIgniter.php(933): App\Controllers\CrearVenta->generarVenta()
#9 C:\xampp\htdocs\sistema-administrativo\system\CodeIgniter.php(507): CodeIgniter\CodeIgniter->runController(Object(App\Controllers\CrearVenta))
#10 C:\xampp\htdocs\sistema-administrativo\system\CodeIgniter.php(354): CodeIgniter\CodeIgniter->handleRequest(NULL, Object(Config\Cache), false)
#11 C:\xampp\htdocs\sistema-administrativo\system\Boot.php(334): CodeIgniter\CodeIgniter->run()
#12 C:\xampp\htdocs\sistema-administrativo\system\Boot.php(67): CodeIgniter\Boot::runCodeIgniter(Object(CodeIgniter\CodeIgniter))
#13 C:\xampp\htdocs\sistema-administrativo\index.php(59): CodeIgniter\Boot::bootWeb(Object(Config\Paths))
#14 {main}
ERROR - 2025-12-15 10:36:06 --> mysqli_sql_exception: Cannot add or update a child row: a foreign key constraint fails (`sistema_adminstrativo`.`venta`, CONSTRAINT `id_cliente` FOREIGN KEY (`id_cliente`) REFERENCES `cliente` (`id_cliente`)) in C:\xampp\htdocs\sistema-administrativo\system\Database\MySQLi\Connection.php:327
Stack trace:
#0 C:\xampp\htdocs\sistema-administrativo\system\Database\MySQLi\Connection.php(327): mysqli->query('INSERT INTO `ve...', 0)
#1 C:\xampp\htdocs\sistema-administrativo\system\Database\BaseConnection.php(738): CodeIgniter\Database\MySQLi\Connection->execute('INSERT INTO `ve...')
#2 C:\xampp\htdocs\sistema-administrativo\system\Database\BaseConnection.php(652): CodeIgniter\Database\BaseConnection->simpleQuery('INSERT INTO `ve...')
#3 C:\xampp\htdocs\sistema-administrativo\system\Database\BaseBuilder.php(2345): CodeIgniter\Database\BaseConnection->query('INSERT INTO `ve...', Array, false)
#4 C:\xampp\htdocs\sistema-administrativo\system\Model.php(394): CodeIgniter\Database\BaseBuilder->insert()
#5 C:\xampp\htdocs\sistema-administrativo\system\BaseModel.php(843): CodeIgniter\Model->doInsert(Array)
#6 C:\xampp\htdocs\sistema-administrativo\system\Model.php(800): CodeIgniter\BaseModel->insert(Array, true)
#7 C:\xampp\htdocs\sistema-administrativo\app\Controllers\CrearVenta.php(100): CodeIgniter\Model->insert(Array)
#8 C:\xampp\htdocs\sistema-administrativo\system\CodeIgniter.php(933): App\Controllers\CrearVenta->generarVenta()
#9 C:\xampp\htdocs\sistema-administrativo\system\CodeIgniter.php(507): CodeIgniter\CodeIgniter->runController(Object(App\Controllers\CrearVenta))
#10 C:\xampp\htdocs\sistema-administrativo\system\CodeIgniter.php(354): CodeIgniter\CodeIgniter->handleRequest(NULL, Object(Config\Cache), false)
#11 C:\xampp\htdocs\sistema-administrativo\system\Boot.php(334): CodeIgniter\CodeIgniter->run()
#12 C:\xampp\htdocs\sistema-administrativo\system\Boot.php(67): CodeIgniter\Boot::runCodeIgniter(Object(CodeIgniter\CodeIgniter))
#13 C:\xampp\htdocs\sistema-administrativo\index.php(59): CodeIgniter\Boot::bootWeb(Object(Config\Paths))
#14 {main}
ERROR - 2025-12-15 10:36:06 --> mysqli_sql_exception: Cannot add or update a child row: a foreign key constraint fails (`sistema_adminstrativo`.`detalle_venta`, CONSTRAINT `id_venta` FOREIGN KEY (`id_venta`) REFERENCES `venta` (`id_venta`)) in C:\xampp\htdocs\sistema-administrativo\system\Database\MySQLi\Connection.php:327
Stack trace:
#0 C:\xampp\htdocs\sistema-administrativo\system\Database\MySQLi\Connection.php(327): mysqli->query('INSERT INTO `de...', 0)
#1 C:\xampp\htdocs\sistema-administrativo\system\Database\BaseConnection.php(738): CodeIgniter\Database\MySQLi\Connection->execute('INSERT INTO `de...')
#2 C:\xampp\htdocs\sistema-administrativo\system\Database\BaseConnection.php(652): CodeIgniter\Database\BaseConnection->simpleQuery('INSERT INTO `de...')
#3 C:\xampp\htdocs\sistema-administrativo\system\Database\BaseBuilder.php(2345): CodeIgniter\Database\BaseConnection->query('INSERT INTO `de...', Array, false)
#4 C:\xampp\htdocs\sistema-administrativo\system\Model.php(394): CodeIgniter\Database\BaseBuilder->insert()
#5 C:\xampp\htdocs\sistema-administrativo\system\BaseModel.php(843): CodeIgniter\Model->doInsert(Array)
#6 C:\xampp\htdocs\sistema-administrativo\system\Model.php(800): CodeIgniter\BaseModel->insert(Array, true)
#7 C:\xampp\htdocs\sistema-administrativo\app\Controllers\CrearVenta.php(142): CodeIgniter\Model->insert(Array)
#8 C:\xampp\htdocs\sistema-administrativo\system\CodeIgniter.php(933): App\Controllers\CrearVenta->generarVenta()
#9 C:\xampp\htdocs\sistema-administrativo\system\CodeIgniter.php(507): CodeIgniter\CodeIgniter->runController(Object(App\Controllers\CrearVenta))
#10 C:\xampp\htdocs\sistema-administrativo\system\CodeIgniter.php(354): CodeIgniter\CodeIgniter->handleRequest(NULL, Object(Config\Cache), false)
#11 C:\xampp\htdocs\sistema-administrativo\system\Boot.php(334): CodeIgniter\CodeIgniter->run()
#12 C:\xampp\htdocs\sistema-administrativo\system\Boot.php(67): CodeIgniter\Boot::runCodeIgniter(Object(CodeIgniter\CodeIgniter))
#13 C:\xampp\htdocs\sistema-administrativo\index.php(59): CodeIgniter\Boot::bootWeb(Object(Config\Paths))
#14 {main}
ERROR - 2025-12-15 10:49:07 --> mysqli_sql_exception: Cannot add or update a child row: a foreign key constraint fails (`sistema_adminstrativo`.`venta`, CONSTRAINT `id_cliente` FOREIGN KEY (`id_cliente`) REFERENCES `cliente` (`id_cliente`)) in C:\xampp\htdocs\sistema-administrativo\system\Database\MySQLi\Connection.php:327
Stack trace:
#0 C:\xampp\htdocs\sistema-administrativo\system\Database\MySQLi\Connection.php(327): mysqli->query('INSERT INTO `ve...', 0)
#1 C:\xampp\htdocs\sistema-administrativo\system\Database\BaseConnection.php(738): CodeIgniter\Database\MySQLi\Connection->execute('INSERT INTO `ve...')
#2 C:\xampp\htdocs\sistema-administrativo\system\Database\BaseConnection.php(652): CodeIgniter\Database\BaseConnection->simpleQuery('INSERT INTO `ve...')
#3 C:\xampp\htdocs\sistema-administrativo\system\Database\BaseBuilder.php(2345): CodeIgniter\Database\BaseConnection->query('INSERT INTO `ve...', Array, false)
#4 C:\xampp\htdocs\sistema-administrativo\system\Model.php(394): CodeIgniter\Database\BaseBuilder->insert()
#5 C:\xampp\htdocs\sistema-administrativo\system\BaseModel.php(843): CodeIgniter\Model->doInsert(Array)
#6 C:\xampp\htdocs\sistema-administrativo\system\Model.php(800): CodeIgniter\BaseModel->insert(Array, true)
#7 C:\xampp\htdocs\sistema-administrativo\app\Controllers\CrearVenta.php(100): CodeIgniter\Model->insert(Array)
#8 C:\xampp\htdocs\sistema-administrativo\system\CodeIgniter.php(933): App\Controllers\CrearVenta->generarVenta()
#9 C:\xampp\htdocs\sistema-administrativo\system\CodeIgniter.php(507): CodeIgniter\CodeIgniter->runController(Object(App\Controllers\CrearVenta))
#10 C:\xampp\htdocs\sistema-administrativo\system\CodeIgniter.php(354): CodeIgniter\CodeIgniter->handleRequest(NULL, Object(Config\Cache), false)
#11 C:\xampp\htdocs\sistema-administrativo\system\Boot.php(334): CodeIgniter\CodeIgniter->run()
#12 C:\xampp\htdocs\sistema-administrativo\system\Boot.php(67): CodeIgniter\Boot::runCodeIgniter(Object(CodeIgniter\CodeIgniter))
#13 C:\xampp\htdocs\sistema-administrativo\index.php(59): CodeIgniter\Boot::bootWeb(Object(Config\Paths))
#14 {main}
ERROR - 2025-12-15 10:49:07 --> mysqli_sql_exception: Cannot add or update a child row: a foreign key constraint fails (`sistema_adminstrativo`.`detalle_venta`, CONSTRAINT `id_venta` FOREIGN KEY (`id_venta`) REFERENCES `venta` (`id_venta`)) in C:\xampp\htdocs\sistema-administrativo\system\Database\MySQLi\Connection.php:327
Stack trace:
#0 C:\xampp\htdocs\sistema-administrativo\system\Database\MySQLi\Connection.php(327): mysqli->query('INSERT INTO `de...', 0)
#1 C:\xampp\htdocs\sistema-administrativo\system\Database\BaseConnection.php(738): CodeIgniter\Database\MySQLi\Connection->execute('INSERT INTO `de...')
#2 C:\xampp\htdocs\sistema-administrativo\system\Database\BaseConnection.php(652): CodeIgniter\Database\BaseConnection->simpleQuery('INSERT INTO `de...')
#3 C:\xampp\htdocs\sistema-administrativo\system\Database\BaseBuilder.php(2345): CodeIgniter\Database\BaseConnection->query('INSERT INTO `de...', Array, false)
#4 C:\xampp\htdocs\sistema-administrativo\system\Model.php(394): CodeIgniter\Database\BaseBuilder->insert()
#5 C:\xampp\htdocs\sistema-administrativo\system\BaseModel.php(843): CodeIgniter\Model->doInsert(Array)
#6 C:\xampp\htdocs\sistema-administrativo\system\Model.php(800): CodeIgniter\BaseModel->insert(Array, true)
#7 C:\xampp\htdocs\sistema-administrativo\app\Controllers\CrearVenta.php(153): CodeIgniter\Model->insert(Array)
#8 C:\xampp\htdocs\sistema-administrativo\system\CodeIgniter.php(933): App\Controllers\CrearVenta->generarVenta()
#9 C:\xampp\htdocs\sistema-administrativo\system\CodeIgniter.php(507): CodeIgniter\CodeIgniter->runController(Object(App\Controllers\CrearVenta))
#10 C:\xampp\htdocs\sistema-administrativo\system\CodeIgniter.php(354): CodeIgniter\CodeIgniter->handleRequest(NULL, Object(Config\Cache), false)
#11 C:\xampp\htdocs\sistema-administrativo\system\Boot.php(334): CodeIgniter\CodeIgniter->run()
#12 C:\xampp\htdocs\sistema-administrativo\system\Boot.php(67): CodeIgniter\Boot::runCodeIgniter(Object(CodeIgniter\CodeIgniter))
#13 C:\xampp\htdocs\sistema-administrativo\index.php(59): CodeIgniter\Boot::bootWeb(Object(Config\Paths))
#14 {main}
ERROR - 2025-12-15 10:49:35 --> mysqli_sql_exception: Cannot add or update a child row: a foreign key constraint fails (`sistema_adminstrativo`.`venta`, CONSTRAINT `id_cliente` FOREIGN KEY (`id_cliente`) REFERENCES `cliente` (`id_cliente`)) in C:\xampp\htdocs\sistema-administrativo\system\Database\MySQLi\Connection.php:327
Stack trace:
#0 C:\xampp\htdocs\sistema-administrativo\system\Database\MySQLi\Connection.php(327): mysqli->query('INSERT INTO `ve...', 0)
#1 C:\xampp\htdocs\sistema-administrativo\system\Database\BaseConnection.php(738): CodeIgniter\Database\MySQLi\Connection->execute('INSERT INTO `ve...')
#2 C:\xampp\htdocs\sistema-administrativo\system\Database\BaseConnection.php(652): CodeIgniter\Database\BaseConnection->simpleQuery('INSERT INTO `ve...')
#3 C:\xampp\htdocs\sistema-administrativo\system\Database\BaseBuilder.php(2345): CodeIgniter\Database\BaseConnection->query('INSERT INTO `ve...', Array, false)
#4 C:\xampp\htdocs\sistema-administrativo\system\Model.php(394): CodeIgniter\Database\BaseBuilder->insert()
#5 C:\xampp\htdocs\sistema-administrativo\system\BaseModel.php(843): CodeIgniter\Model->doInsert(Array)
#6 C:\xampp\htdocs\sistema-administrativo\system\Model.php(800): CodeIgniter\BaseModel->insert(Array, true)
#7 C:\xampp\htdocs\sistema-administrativo\app\Controllers\CrearVenta.php(100): CodeIgniter\Model->insert(Array)
#8 C:\xampp\htdocs\sistema-administrativo\system\CodeIgniter.php(933): App\Controllers\CrearVenta->generarVenta()
#9 C:\xampp\htdocs\sistema-administrativo\system\CodeIgniter.php(507): CodeIgniter\CodeIgniter->runController(Object(App\Controllers\CrearVenta))
#10 C:\xampp\htdocs\sistema-administrativo\system\CodeIgniter.php(354): CodeIgniter\CodeIgniter->handleRequest(NULL, Object(Config\Cache), false)
#11 C:\xampp\htdocs\sistema-administrativo\system\Boot.php(334): CodeIgniter\CodeIgniter->run()
#12 C:\xampp\htdocs\sistema-administrativo\system\Boot.php(67): CodeIgniter\Boot::runCodeIgniter(Object(CodeIgniter\CodeIgniter))
#13 C:\xampp\htdocs\sistema-administrativo\index.php(59): CodeIgniter\Boot::bootWeb(Object(Config\Paths))
#14 {main}
ERROR - 2025-12-15 10:49:35 --> mysqli_sql_exception: Cannot add or update a child row: a foreign key constraint fails (`sistema_adminstrativo`.`detalle_venta`, CONSTRAINT `id_venta` FOREIGN KEY (`id_venta`) REFERENCES `venta` (`id_venta`)) in C:\xampp\htdocs\sistema-administrativo\system\Database\MySQLi\Connection.php:327
Stack trace:
#0 C:\xampp\htdocs\sistema-administrativo\system\Database\MySQLi\Connection.php(327): mysqli->query('INSERT INTO `de...', 0)
#1 C:\xampp\htdocs\sistema-administrativo\system\Database\BaseConnection.php(738): CodeIgniter\Database\MySQLi\Connection->execute('INSERT INTO `de...')
#2 C:\xampp\htdocs\sistema-administrativo\system\Database\BaseConnection.php(652): CodeIgniter\Database\BaseConnection->simpleQuery('INSERT INTO `de...')
#3 C:\xampp\htdocs\sistema-administrativo\system\Database\BaseBuilder.php(2345): CodeIgniter\Database\BaseConnection->query('INSERT INTO `de...', Array, false)
#4 C:\xampp\htdocs\sistema-administrativo\system\Model.php(394): CodeIgniter\Database\BaseBuilder->insert()
#5 C:\xampp\htdocs\sistema-administrativo\system\BaseModel.php(843): CodeIgniter\Model->doInsert(Array)
#6 C:\xampp\htdocs\sistema-administrativo\system\Model.php(800): CodeIgniter\BaseModel->insert(Array, true)
#7 C:\xampp\htdocs\sistema-administrativo\app\Controllers\CrearVenta.php(153): CodeIgniter\Model->insert(Array)
#8 C:\xampp\htdocs\sistema-administrativo\system\CodeIgniter.php(933): App\Controllers\CrearVenta->generarVenta()
#9 C:\xampp\htdocs\sistema-administrativo\system\CodeIgniter.php(507): CodeIgniter\CodeIgniter->runController(Object(App\Controllers\CrearVenta))
#10 C:\xampp\htdocs\sistema-administrativo\system\CodeIgniter.php(354): CodeIgniter\CodeIgniter->handleRequest(NULL, Object(Config\Cache), false)
#11 C:\xampp\htdocs\sistema-administrativo\system\Boot.php(334): CodeIgniter\CodeIgniter->run()
#12 C:\xampp\htdocs\sistema-administrativo\system\Boot.php(67): CodeIgniter\Boot::runCodeIgniter(Object(CodeIgniter\CodeIgniter))
#13 C:\xampp\htdocs\sistema-administrativo\index.php(59): CodeIgniter\Boot::bootWeb(Object(Config\Paths))
#14 {main}
ERROR - 2025-12-15 10:52:33 --> mysqli_sql_exception: Cannot add or update a child row: a foreign key constraint fails (`sistema_adminstrativo`.`venta`, CONSTRAINT `id_cliente` FOREIGN KEY (`id_cliente`) REFERENCES `cliente` (`id_cliente`)) in C:\xampp\htdocs\sistema-administrativo\system\Database\MySQLi\Connection.php:327
Stack trace:
#0 C:\xampp\htdocs\sistema-administrativo\system\Database\MySQLi\Connection.php(327): mysqli->query('INSERT INTO `ve...', 0)
#1 C:\xampp\htdocs\sistema-administrativo\system\Database\BaseConnection.php(738): CodeIgniter\Database\MySQLi\Connection->execute('INSERT INTO `ve...')
#2 C:\xampp\htdocs\sistema-administrativo\system\Database\BaseConnection.php(652): CodeIgniter\Database\BaseConnection->simpleQuery('INSERT INTO `ve...')
#3 C:\xampp\htdocs\sistema-administrativo\system\Database\BaseBuilder.php(2345): CodeIgniter\Database\BaseConnection->query('INSERT INTO `ve...', Array, false)
#4 C:\xampp\htdocs\sistema-administrativo\system\Model.php(394): CodeIgniter\Database\BaseBuilder->insert()
#5 C:\xampp\htdocs\sistema-administrativo\system\BaseModel.php(843): CodeIgniter\Model->doInsert(Array)
#6 C:\xampp\htdocs\sistema-administrativo\system\Model.php(800): CodeIgniter\BaseModel->insert(Array, true)
#7 C:\xampp\htdocs\sistema-administrativo\app\Controllers\CrearVenta.php(101): CodeIgniter\Model->insert(Array)
#8 C:\xampp\htdocs\sistema-administrativo\system\CodeIgniter.php(933): App\Controllers\CrearVenta->generarVenta()
#9 C:\xampp\htdocs\sistema-administrativo\system\CodeIgniter.php(507): CodeIgniter\CodeIgniter->runController(Object(App\Controllers\CrearVenta))
#10 C:\xampp\htdocs\sistema-administrativo\system\CodeIgniter.php(354): CodeIgniter\CodeIgniter->handleRequest(NULL, Object(Config\Cache), false)
#11 C:\xampp\htdocs\sistema-administrativo\system\Boot.php(334): CodeIgniter\CodeIgniter->run()
#12 C:\xampp\htdocs\sistema-administrativo\system\Boot.php(67): CodeIgniter\Boot::runCodeIgniter(Object(CodeIgniter\CodeIgniter))
#13 C:\xampp\htdocs\sistema-administrativo\index.php(59): CodeIgniter\Boot::bootWeb(Object(Config\Paths))
#14 {main}
ERROR - 2025-12-15 10:56:31 --> mysqli_sql_exception: Cannot add or update a child row: a foreign key constraint fails (`sistema_adminstrativo`.`detalle_venta`, CONSTRAINT `id_ producto` FOREIGN KEY (`id_producto`) REFERENCES `producto` (`id_producto`)) in C:\xampp\htdocs\sistema-administrativo\system\Database\MySQLi\Connection.php:327
Stack trace:
#0 C:\xampp\htdocs\sistema-administrativo\system\Database\MySQLi\Connection.php(327): mysqli->query('INSERT INTO `de...', 0)
#1 C:\xampp\htdocs\sistema-administrativo\system\Database\BaseConnection.php(738): CodeIgniter\Database\MySQLi\Connection->execute('INSERT INTO `de...')
#2 C:\xampp\htdocs\sistema-administrativo\system\Database\BaseConnection.php(652): CodeIgniter\Database\BaseConnection->simpleQuery('INSERT INTO `de...')
#3 C:\xampp\htdocs\sistema-administrativo\system\Database\BaseBuilder.php(2345): CodeIgniter\Database\BaseConnection->query('INSERT INTO `de...', Array, false)
#4 C:\xampp\htdocs\sistema-administrativo\system\Model.php(394): CodeIgniter\Database\BaseBuilder->insert()
#5 C:\xampp\htdocs\sistema-administrativo\system\BaseModel.php(843): CodeIgniter\Model->doInsert(Array)
#6 C:\xampp\htdocs\sistema-administrativo\system\Model.php(800): CodeIgniter\BaseModel->insert(Array, true)
#7 C:\xampp\htdocs\sistema-administrativo\app\Controllers\CrearVenta.php(159): CodeIgniter\Model->insert(Array)
#8 C:\xampp\htdocs\sistema-administrativo\system\CodeIgniter.php(933): App\Controllers\CrearVenta->generarVenta()
#9 C:\xampp\htdocs\sistema-administrativo\system\CodeIgniter.php(507): CodeIgniter\CodeIgniter->runController(Object(App\Controllers\CrearVenta))
#10 C:\xampp\htdocs\sistema-administrativo\system\CodeIgniter.php(354): CodeIgniter\CodeIgniter->handleRequest(NULL, Object(Config\Cache), false)
#11 C:\xampp\htdocs\sistema-administrativo\system\Boot.php(334): CodeIgniter\CodeIgniter->run()
#12 C:\xampp\htdocs\sistema-administrativo\system\Boot.php(67): CodeIgniter\Boot::runCodeIgniter(Object(CodeIgniter\CodeIgniter))
#13 C:\xampp\htdocs\sistema-administrativo\index.php(59): CodeIgniter\Boot::bootWeb(Object(Config\Paths))
#14 {main}
