CRITICAL - 2025-11-27 03:06:22 --> CodeIgniter\View\Exceptions\ViewException: Invalid file: "generar_venta.php"
[Method: GET, Route: generar-venta]
in SYSTEMPATH\Exceptions\FrameworkException.php on line 39.
 1 SYSTEMPATH\View\View.php(212): CodeIgniter\Exceptions\FrameworkException::forInvalidFile('generar_venta.php')
 2 SYSTEMPATH\Common.php(1173): CodeIgniter\View\View->render('generar_venta', [], true)
 3 APPPATH\Controllers\MostrarVistas.php(14): view('generar_venta')
 4 SYSTEMPATH\CodeIgniter.php(933): App\Controllers\MostrarVistas->mostrarGenerarVenta()
 5 SYSTEMPATH\CodeIgniter.php(507): CodeIgniter\CodeIgniter->runController(Object(App\Controllers\MostrarVistas))
 6 SYSTEMPATH\CodeIgniter.php(354): CodeIgniter\CodeIgniter->handleRequest(null, Object(Config\Cache), false)
 7 SYSTEMPATH\Boot.php(334): CodeIgniter\CodeIgniter->run()
 8 SYSTEMPATH\Boot.php(67): CodeIgniter\Boot::runCodeIgniter(Object(CodeIgniter\CodeIgniter))
 9 FCPATH\index.php(59): CodeIgniter\Boot::bootWeb(Object(Config\Paths))
CRITICAL - 2025-11-27 03:09:48 --> CodeIgniter\View\Exceptions\ViewException: Invalid file: "generar_venta.php"
[Method: GET, Route: generar-venta]
in SYSTEMPATH\Exceptions\FrameworkException.php on line 39.
 1 SYSTEMPATH\View\View.php(212): CodeIgniter\Exceptions\FrameworkException::forInvalidFile('generar_venta.php')
 2 SYSTEMPATH\Common.php(1173): CodeIgniter\View\View->render('generar_venta', [], true)
 3 APPPATH\Controllers\MostrarVistas.php(14): view('generar_venta')
 4 SYSTEMPATH\CodeIgniter.php(933): App\Controllers\MostrarVistas->mostrarGenerarVenta()
 5 SYSTEMPATH\CodeIgniter.php(507): CodeIgniter\CodeIgniter->runController(Object(App\Controllers\MostrarVistas))
 6 SYSTEMPATH\CodeIgniter.php(354): CodeIgniter\CodeIgniter->handleRequest(null, Object(Config\Cache), false)
 7 SYSTEMPATH\Boot.php(334): CodeIgniter\CodeIgniter->run()
 8 SYSTEMPATH\Boot.php(67): CodeIgniter\Boot::runCodeIgniter(Object(CodeIgniter\CodeIgniter))
 9 FCPATH\index.php(59): CodeIgniter\Boot::bootWeb(Object(Config\Paths))
CRITICAL - 2025-11-27 03:11:25 --> CodeIgniter\View\Exceptions\ViewException: Invalid file: "generar_venta.php"
[Method: GET, Route: generar-venta]
in SYSTEMPATH\Exceptions\FrameworkException.php on line 39.
 1 SYSTEMPATH\View\View.php(212): CodeIgniter\Exceptions\FrameworkException::forInvalidFile('generar_venta.php')
 2 SYSTEMPATH\Common.php(1173): CodeIgniter\View\View->render('generar_venta', [], true)
 3 APPPATH\Controllers\MostrarVistas.php(14): view('generar_venta')
 4 SYSTEMPATH\CodeIgniter.php(933): App\Controllers\MostrarVistas->mostrarGenerarVenta()
 5 SYSTEMPATH\CodeIgniter.php(507): CodeIgniter\CodeIgniter->runController(Object(App\Controllers\MostrarVistas))
 6 SYSTEMPATH\CodeIgniter.php(354): CodeIgniter\CodeIgniter->handleRequest(null, Object(Config\Cache), false)
 7 SYSTEMPATH\Boot.php(334): CodeIgniter\CodeIgniter->run()
 8 SYSTEMPATH\Boot.php(67): CodeIgniter\Boot::runCodeIgniter(Object(CodeIgniter\CodeIgniter))
 9 FCPATH\index.php(59): CodeIgniter\Boot::bootWeb(Object(Config\Paths))
CRITICAL - 2025-11-27 03:11:40 --> CodeIgniter\View\Exceptions\ViewException: Invalid file: "generar_venta.php"
[Method: GET, Route: generar-venta]
in SYSTEMPATH\Exceptions\FrameworkException.php on line 39.
 1 SYSTEMPATH\View\View.php(212): CodeIgniter\Exceptions\FrameworkException::forInvalidFile('generar_venta.php')
 2 SYSTEMPATH\Common.php(1173): CodeIgniter\View\View->render('generar_venta', [], true)
 3 APPPATH\Controllers\MostrarVistas.php(14): view('generar_venta')
 4 SYSTEMPATH\CodeIgniter.php(933): App\Controllers\MostrarVistas->mostrarGenerarVenta()
 5 SYSTEMPATH\CodeIgniter.php(507): CodeIgniter\CodeIgniter->runController(Object(App\Controllers\MostrarVistas))
 6 SYSTEMPATH\CodeIgniter.php(354): CodeIgniter\CodeIgniter->handleRequest(null, Object(Config\Cache), false)
 7 SYSTEMPATH\Boot.php(334): CodeIgniter\CodeIgniter->run()
 8 SYSTEMPATH\Boot.php(67): CodeIgniter\Boot::runCodeIgniter(Object(CodeIgniter\CodeIgniter))
 9 FCPATH\index.php(59): CodeIgniter\Boot::bootWeb(Object(Config\Paths))
CRITICAL - 2025-11-27 03:12:10 --> CodeIgniter\View\Exceptions\ViewException: Invalid file: "generar_venta.php"
[Method: GET, Route: generar-venta]
in SYSTEMPATH\Exceptions\FrameworkException.php on line 39.
 1 SYSTEMPATH\View\View.php(212): CodeIgniter\Exceptions\FrameworkException::forInvalidFile('generar_venta.php')
 2 SYSTEMPATH\Common.php(1173): CodeIgniter\View\View->render('generar_venta', [], true)
 3 APPPATH\Controllers\MostrarVistas.php(14): view('generar_venta')
 4 SYSTEMPATH\CodeIgniter.php(933): App\Controllers\MostrarVistas->mostrarGenerarVenta()
 5 SYSTEMPATH\CodeIgniter.php(507): CodeIgniter\CodeIgniter->runController(Object(App\Controllers\MostrarVistas))
 6 SYSTEMPATH\CodeIgniter.php(354): CodeIgniter\CodeIgniter->handleRequest(null, Object(Config\Cache), false)
 7 SYSTEMPATH\Boot.php(334): CodeIgniter\CodeIgniter->run()
 8 SYSTEMPATH\Boot.php(67): CodeIgniter\Boot::runCodeIgniter(Object(CodeIgniter\CodeIgniter))
 9 FCPATH\index.php(59): CodeIgniter\Boot::bootWeb(Object(Config\Paths))
CRITICAL - 2025-11-27 03:21:20 --> CodeIgniter\View\Exceptions\ViewException: Invalid file: "reporteCompras.php"
[Method: GET, Route: reporteCompras]
in SYSTEMPATH\Exceptions\FrameworkException.php on line 39.
 1 SYSTEMPATH\View\View.php(212): CodeIgniter\Exceptions\FrameworkException::forInvalidFile('reporteCompras.php')
 2 SYSTEMPATH\Common.php(1173): CodeIgniter\View\View->render('reporteCompras', [], true)
 3 APPPATH\Controllers\MostrarVistas.php(45): view('reporteCompras')
 4 SYSTEMPATH\CodeIgniter.php(933): App\Controllers\MostrarVistas->mostrarReporteCompras()
 5 SYSTEMPATH\CodeIgniter.php(507): CodeIgniter\CodeIgniter->runController(Object(App\Controllers\MostrarVistas))
 6 SYSTEMPATH\CodeIgniter.php(354): CodeIgniter\CodeIgniter->handleRequest(null, Object(Config\Cache), false)
 7 SYSTEMPATH\Boot.php(334): CodeIgniter\CodeIgniter->run()
 8 SYSTEMPATH\Boot.php(67): CodeIgniter\Boot::runCodeIgniter(Object(CodeIgniter\CodeIgniter))
 9 FCPATH\index.php(59): CodeIgniter\Boot::bootWeb(Object(Config\Paths))
ERROR - 2025-11-27 07:04:41 --> mysqli_sql_exception: Cannot add or update a child row: a foreign key constraint fails (`sistema_adminstrativo`.`per_natural`, CONSTRAINT `perosan_id fk ` FOREIGN KEY (`id_persona`) REFERENCES `persona` (`id_persona`)) in C:\xampp\htdocs\sistema-administrativo\system\Database\MySQLi\Connection.php:327
Stack trace:
#0 C:\xampp\htdocs\sistema-administrativo\system\Database\MySQLi\Connection.php(327): mysqli->query('INSERT INTO `pe...', 0)
#1 C:\xampp\htdocs\sistema-administrativo\system\Database\BaseConnection.php(738): CodeIgniter\Database\MySQLi\Connection->execute('INSERT INTO `pe...')
#2 C:\xampp\htdocs\sistema-administrativo\system\Database\BaseConnection.php(652): CodeIgniter\Database\BaseConnection->simpleQuery('INSERT INTO `pe...')
#3 C:\xampp\htdocs\sistema-administrativo\system\Database\BaseBuilder.php(2345): CodeIgniter\Database\BaseConnection->query('INSERT INTO `pe...', Array, false)
#4 C:\xampp\htdocs\sistema-administrativo\app\Models\PerNatural.php(20): CodeIgniter\Database\BaseBuilder->insert(Array)
#5 C:\xampp\htdocs\sistema-administrativo\app\Controllers\CrearUsuario.php(50): App\Models\PerNatural->insertarMiPerNatural(Array)
#6 C:\xampp\htdocs\sistema-administrativo\system\CodeIgniter.php(933): App\Controllers\CrearUsuario->CrearUnUsuario()
#7 C:\xampp\htdocs\sistema-administrativo\system\CodeIgniter.php(507): CodeIgniter\CodeIgniter->runController(Object(App\Controllers\CrearUsuario))
#8 C:\xampp\htdocs\sistema-administrativo\system\CodeIgniter.php(354): CodeIgniter\CodeIgniter->handleRequest(NULL, Object(Config\Cache), false)
#9 C:\xampp\htdocs\sistema-administrativo\system\Boot.php(334): CodeIgniter\CodeIgniter->run()
#10 C:\xampp\htdocs\sistema-administrativo\system\Boot.php(67): CodeIgniter\Boot::runCodeIgniter(Object(CodeIgniter\CodeIgniter))
#11 C:\xampp\htdocs\sistema-administrativo\index.php(59): CodeIgniter\Boot::bootWeb(Object(Config\Paths))
#12 {main}
CRITICAL - 2025-11-27 07:04:41 --> CodeIgniter\Database\Exceptions\DatabaseException: Cannot add or update a child row: a foreign key constraint fails (`sistema_adminstrativo`.`per_natural`, CONSTRAINT `perosan_id fk ` FOREIGN KEY (`id_persona`) REFERENCES `persona` (`id_persona`))
[Method: POST, Route: crearUsuario]
in SYSTEMPATH\Database\BaseConnection.php on line 692.
 1 SYSTEMPATH\Database\BaseBuilder.php(2345): CodeIgniter\Database\BaseConnection->query('INSERT INTO `per_natural` (`id_persona`, `nombre`, `apellido`, `sexo`) VALUES (:id_persona:, :nombre:, :apellido:, :sexo:)', [...], false)
 2 APPPATH\Models\PerNatural.php(20): CodeIgniter\Database\BaseBuilder->insert([...])
 3 APPPATH\Controllers\CrearUsuario.php(50): App\Models\PerNatural->insertarMiPerNatural([...])
 4 SYSTEMPATH\CodeIgniter.php(933): App\Controllers\CrearUsuario->CrearUnUsuario()
 5 SYSTEMPATH\CodeIgniter.php(507): CodeIgniter\CodeIgniter->runController(Object(App\Controllers\CrearUsuario))
 6 SYSTEMPATH\CodeIgniter.php(354): CodeIgniter\CodeIgniter->handleRequest(null, Object(Config\Cache), false)
 7 SYSTEMPATH\Boot.php(334): CodeIgniter\CodeIgniter->run()
 8 SYSTEMPATH\Boot.php(67): CodeIgniter\Boot::runCodeIgniter(Object(CodeIgniter\CodeIgniter))
 9 FCPATH\index.php(59): CodeIgniter\Boot::bootWeb(Object(Config\Paths))
CRITICAL - 2025-11-27 07:04:41 --> [Caused by] CodeIgniter\Database\Exceptions\DatabaseException: Cannot add or update a child row: a foreign key constraint fails (`sistema_adminstrativo`.`per_natural`, CONSTRAINT `perosan_id fk ` FOREIGN KEY (`id_persona`) REFERENCES `persona` (`id_persona`))
in SYSTEMPATH\Database\MySQLi\Connection.php on line 332.
 1 SYSTEMPATH\Database\BaseConnection.php(738): CodeIgniter\Database\MySQLi\Connection->execute('INSERT INTO `per_natural` (`id_persona`, `nombre`, `apellido`, `sexo`) VALUES (0, \'Iverson\', \'Vargas\', \'M\')')
 2 SYSTEMPATH\Database\BaseConnection.php(652): CodeIgniter\Database\BaseConnection->simpleQuery('INSERT INTO `per_natural` (`id_persona`, `nombre`, `apellido`, `sexo`) VALUES (0, \'Iverson\', \'Vargas\', \'M\')')
 3 SYSTEMPATH\Database\BaseBuilder.php(2345): CodeIgniter\Database\BaseConnection->query('INSERT INTO `per_natural` (`id_persona`, `nombre`, `apellido`, `sexo`) VALUES (:id_persona:, :nombre:, :apellido:, :sexo:)', [...], false)
 4 APPPATH\Models\PerNatural.php(20): CodeIgniter\Database\BaseBuilder->insert([...])
 5 APPPATH\Controllers\CrearUsuario.php(50): App\Models\PerNatural->insertarMiPerNatural([...])
 6 SYSTEMPATH\CodeIgniter.php(933): App\Controllers\CrearUsuario->CrearUnUsuario()
 7 SYSTEMPATH\CodeIgniter.php(507): CodeIgniter\CodeIgniter->runController(Object(App\Controllers\CrearUsuario))
 8 SYSTEMPATH\CodeIgniter.php(354): CodeIgniter\CodeIgniter->handleRequest(null, Object(Config\Cache), false)
 9 SYSTEMPATH\Boot.php(334): CodeIgniter\CodeIgniter->run()
10 SYSTEMPATH\Boot.php(67): CodeIgniter\Boot::runCodeIgniter(Object(CodeIgniter\CodeIgniter))
11 FCPATH\index.php(59): CodeIgniter\Boot::bootWeb(Object(Config\Paths))
CRITICAL - 2025-11-27 07:04:41 --> [Caused by] mysqli_sql_exception: Cannot add or update a child row: a foreign key constraint fails (`sistema_adminstrativo`.`per_natural`, CONSTRAINT `perosan_id fk ` FOREIGN KEY (`id_persona`) REFERENCES `persona` (`id_persona`))
in SYSTEMPATH\Database\MySQLi\Connection.php on line 327.
 1 SYSTEMPATH\Database\MySQLi\Connection.php(327): mysqli->query('INSERT INTO `per_natural` (`id_persona`, `nombre`, `apellido`, `sexo`) VALUES (0, \'Iverson\', \'Vargas\', \'M\')', 0)
 2 SYSTEMPATH\Database\BaseConnection.php(738): CodeIgniter\Database\MySQLi\Connection->execute('INSERT INTO `per_natural` (`id_persona`, `nombre`, `apellido`, `sexo`) VALUES (0, \'Iverson\', \'Vargas\', \'M\')')
 3 SYSTEMPATH\Database\BaseConnection.php(652): CodeIgniter\Database\BaseConnection->simpleQuery('INSERT INTO `per_natural` (`id_persona`, `nombre`, `apellido`, `sexo`) VALUES (0, \'Iverson\', \'Vargas\', \'M\')')
 4 SYSTEMPATH\Database\BaseBuilder.php(2345): CodeIgniter\Database\BaseConnection->query('INSERT INTO `per_natural` (`id_persona`, `nombre`, `apellido`, `sexo`) VALUES (:id_persona:, :nombre:, :apellido:, :sexo:)', [...], false)
 5 APPPATH\Models\PerNatural.php(20): CodeIgniter\Database\BaseBuilder->insert([...])
 6 APPPATH\Controllers\CrearUsuario.php(50): App\Models\PerNatural->insertarMiPerNatural([...])
 7 SYSTEMPATH\CodeIgniter.php(933): App\Controllers\CrearUsuario->CrearUnUsuario()
 8 SYSTEMPATH\CodeIgniter.php(507): CodeIgniter\CodeIgniter->runController(Object(App\Controllers\CrearUsuario))
 9 SYSTEMPATH\CodeIgniter.php(354): CodeIgniter\CodeIgniter->handleRequest(null, Object(Config\Cache), false)
10 SYSTEMPATH\Boot.php(334): CodeIgniter\CodeIgniter->run()
11 SYSTEMPATH\Boot.php(67): CodeIgniter\Boot::runCodeIgniter(Object(CodeIgniter\CodeIgniter))
12 FCPATH\index.php(59): CodeIgniter\Boot::bootWeb(Object(Config\Paths))
ERROR - 2025-11-27 07:24:51 --> mysqli_sql_exception: Cannot add or update a child row: a foreign key constraint fails (`sistema_adminstrativo`.`per_natural`, CONSTRAINT `perosan_id fk ` FOREIGN KEY (`id_persona`) REFERENCES `persona` (`id_persona`)) in C:\xampp\htdocs\sistema-administrativo\system\Database\MySQLi\Connection.php:327
Stack trace:
#0 C:\xampp\htdocs\sistema-administrativo\system\Database\MySQLi\Connection.php(327): mysqli->query('INSERT INTO `pe...', 0)
#1 C:\xampp\htdocs\sistema-administrativo\system\Database\BaseConnection.php(738): CodeIgniter\Database\MySQLi\Connection->execute('INSERT INTO `pe...')
#2 C:\xampp\htdocs\sistema-administrativo\system\Database\BaseConnection.php(652): CodeIgniter\Database\BaseConnection->simpleQuery('INSERT INTO `pe...')
#3 C:\xampp\htdocs\sistema-administrativo\system\Database\BaseBuilder.php(2345): CodeIgniter\Database\BaseConnection->query('INSERT INTO `pe...', Array, false)
#4 C:\xampp\htdocs\sistema-administrativo\app\Models\PerNatural.php(20): CodeIgniter\Database\BaseBuilder->insert(Array)
#5 C:\xampp\htdocs\sistema-administrativo\app\Controllers\CrearUsuario.php(52): App\Models\PerNatural->insertarMiPerNatural(Array)
#6 C:\xampp\htdocs\sistema-administrativo\system\CodeIgniter.php(933): App\Controllers\CrearUsuario->CrearUnUsuario()
#7 C:\xampp\htdocs\sistema-administrativo\system\CodeIgniter.php(507): CodeIgniter\CodeIgniter->runController(Object(App\Controllers\CrearUsuario))
#8 C:\xampp\htdocs\sistema-administrativo\system\CodeIgniter.php(354): CodeIgniter\CodeIgniter->handleRequest(NULL, Object(Config\Cache), false)
#9 C:\xampp\htdocs\sistema-administrativo\system\Boot.php(334): CodeIgniter\CodeIgniter->run()
#10 C:\xampp\htdocs\sistema-administrativo\system\Boot.php(67): CodeIgniter\Boot::runCodeIgniter(Object(CodeIgniter\CodeIgniter))
#11 C:\xampp\htdocs\sistema-administrativo\index.php(59): CodeIgniter\Boot::bootWeb(Object(Config\Paths))
#12 {main}
CRITICAL - 2025-11-27 07:24:51 --> CodeIgniter\Database\Exceptions\DatabaseException: Cannot add or update a child row: a foreign key constraint fails (`sistema_adminstrativo`.`per_natural`, CONSTRAINT `perosan_id fk ` FOREIGN KEY (`id_persona`) REFERENCES `persona` (`id_persona`))
[Method: POST, Route: crearUsuario]
in SYSTEMPATH\Database\BaseConnection.php on line 692.
 1 SYSTEMPATH\Database\BaseBuilder.php(2345): CodeIgniter\Database\BaseConnection->query('INSERT INTO `per_natural` (`id_persona`, `nombre`, `apellido`, `sexo`) VALUES (:id_persona:, :nombre:, :apellido:, :sexo:)', [...], false)
 2 APPPATH\Models\PerNatural.php(20): CodeIgniter\Database\BaseBuilder->insert([...])
 3 APPPATH\Controllers\CrearUsuario.php(52): App\Models\PerNatural->insertarMiPerNatural([...])
 4 SYSTEMPATH\CodeIgniter.php(933): App\Controllers\CrearUsuario->CrearUnUsuario()
 5 SYSTEMPATH\CodeIgniter.php(507): CodeIgniter\CodeIgniter->runController(Object(App\Controllers\CrearUsuario))
 6 SYSTEMPATH\CodeIgniter.php(354): CodeIgniter\CodeIgniter->handleRequest(null, Object(Config\Cache), false)
 7 SYSTEMPATH\Boot.php(334): CodeIgniter\CodeIgniter->run()
 8 SYSTEMPATH\Boot.php(67): CodeIgniter\Boot::runCodeIgniter(Object(CodeIgniter\CodeIgniter))
 9 FCPATH\index.php(59): CodeIgniter\Boot::bootWeb(Object(Config\Paths))
CRITICAL - 2025-11-27 07:24:51 --> [Caused by] CodeIgniter\Database\Exceptions\DatabaseException: Cannot add or update a child row: a foreign key constraint fails (`sistema_adminstrativo`.`per_natural`, CONSTRAINT `perosan_id fk ` FOREIGN KEY (`id_persona`) REFERENCES `persona` (`id_persona`))
in SYSTEMPATH\Database\MySQLi\Connection.php on line 332.
 1 SYSTEMPATH\Database\BaseConnection.php(738): CodeIgniter\Database\MySQLi\Connection->execute('INSERT INTO `per_natural` (`id_persona`, `nombre`, `apellido`, `sexo`) VALUES (1, \'Iverson\', \'Vargas\', \'M\')')
 2 SYSTEMPATH\Database\BaseConnection.php(652): CodeIgniter\Database\BaseConnection->simpleQuery('INSERT INTO `per_natural` (`id_persona`, `nombre`, `apellido`, `sexo`) VALUES (1, \'Iverson\', \'Vargas\', \'M\')')
 3 SYSTEMPATH\Database\BaseBuilder.php(2345): CodeIgniter\Database\BaseConnection->query('INSERT INTO `per_natural` (`id_persona`, `nombre`, `apellido`, `sexo`) VALUES (:id_persona:, :nombre:, :apellido:, :sexo:)', [...], false)
 4 APPPATH\Models\PerNatural.php(20): CodeIgniter\Database\BaseBuilder->insert([...])
 5 APPPATH\Controllers\CrearUsuario.php(52): App\Models\PerNatural->insertarMiPerNatural([...])
 6 SYSTEMPATH\CodeIgniter.php(933): App\Controllers\CrearUsuario->CrearUnUsuario()
 7 SYSTEMPATH\CodeIgniter.php(507): CodeIgniter\CodeIgniter->runController(Object(App\Controllers\CrearUsuario))
 8 SYSTEMPATH\CodeIgniter.php(354): CodeIgniter\CodeIgniter->handleRequest(null, Object(Config\Cache), false)
 9 SYSTEMPATH\Boot.php(334): CodeIgniter\CodeIgniter->run()
10 SYSTEMPATH\Boot.php(67): CodeIgniter\Boot::runCodeIgniter(Object(CodeIgniter\CodeIgniter))
11 FCPATH\index.php(59): CodeIgniter\Boot::bootWeb(Object(Config\Paths))
CRITICAL - 2025-11-27 07:24:51 --> [Caused by] mysqli_sql_exception: Cannot add or update a child row: a foreign key constraint fails (`sistema_adminstrativo`.`per_natural`, CONSTRAINT `perosan_id fk ` FOREIGN KEY (`id_persona`) REFERENCES `persona` (`id_persona`))
in SYSTEMPATH\Database\MySQLi\Connection.php on line 327.
 1 SYSTEMPATH\Database\MySQLi\Connection.php(327): mysqli->query('INSERT INTO `per_natural` (`id_persona`, `nombre`, `apellido`, `sexo`) VALUES (1, \'Iverson\', \'Vargas\', \'M\')', 0)
 2 SYSTEMPATH\Database\BaseConnection.php(738): CodeIgniter\Database\MySQLi\Connection->execute('INSERT INTO `per_natural` (`id_persona`, `nombre`, `apellido`, `sexo`) VALUES (1, \'Iverson\', \'Vargas\', \'M\')')
 3 SYSTEMPATH\Database\BaseConnection.php(652): CodeIgniter\Database\BaseConnection->simpleQuery('INSERT INTO `per_natural` (`id_persona`, `nombre`, `apellido`, `sexo`) VALUES (1, \'Iverson\', \'Vargas\', \'M\')')
 4 SYSTEMPATH\Database\BaseBuilder.php(2345): CodeIgniter\Database\BaseConnection->query('INSERT INTO `per_natural` (`id_persona`, `nombre`, `apellido`, `sexo`) VALUES (:id_persona:, :nombre:, :apellido:, :sexo:)', [...], false)
 5 APPPATH\Models\PerNatural.php(20): CodeIgniter\Database\BaseBuilder->insert([...])
 6 APPPATH\Controllers\CrearUsuario.php(52): App\Models\PerNatural->insertarMiPerNatural([...])
 7 SYSTEMPATH\CodeIgniter.php(933): App\Controllers\CrearUsuario->CrearUnUsuario()
 8 SYSTEMPATH\CodeIgniter.php(507): CodeIgniter\CodeIgniter->runController(Object(App\Controllers\CrearUsuario))
 9 SYSTEMPATH\CodeIgniter.php(354): CodeIgniter\CodeIgniter->handleRequest(null, Object(Config\Cache), false)
10 SYSTEMPATH\Boot.php(334): CodeIgniter\CodeIgniter->run()
11 SYSTEMPATH\Boot.php(67): CodeIgniter\Boot::runCodeIgniter(Object(CodeIgniter\CodeIgniter))
12 FCPATH\index.php(59): CodeIgniter\Boot::bootWeb(Object(Config\Paths))
ERROR - 2025-11-27 07:32:56 --> mysqli_sql_exception: Cannot add or update a child row: a foreign key constraint fails (`sistema_adminstrativo`.`per_natural`, CONSTRAINT `perosan_id fk ` FOREIGN KEY (`id_persona`) REFERENCES `persona` (`id_persona`)) in C:\xampp\htdocs\sistema-administrativo\system\Database\MySQLi\Connection.php:327
Stack trace:
#0 C:\xampp\htdocs\sistema-administrativo\system\Database\MySQLi\Connection.php(327): mysqli->query('INSERT INTO `pe...', 0)
#1 C:\xampp\htdocs\sistema-administrativo\system\Database\BaseConnection.php(738): CodeIgniter\Database\MySQLi\Connection->execute('INSERT INTO `pe...')
#2 C:\xampp\htdocs\sistema-administrativo\system\Database\BaseConnection.php(652): CodeIgniter\Database\BaseConnection->simpleQuery('INSERT INTO `pe...')
#3 C:\xampp\htdocs\sistema-administrativo\system\Database\BaseBuilder.php(2345): CodeIgniter\Database\BaseConnection->query('INSERT INTO `pe...', Array, false)
#4 C:\xampp\htdocs\sistema-administrativo\app\Models\PerNatural.php(21): CodeIgniter\Database\BaseBuilder->insert(Array)
#5 C:\xampp\htdocs\sistema-administrativo\app\Controllers\CrearUsuario.php(52): App\Models\PerNatural->insertarMiPerNatural(Array)
#6 C:\xampp\htdocs\sistema-administrativo\system\CodeIgniter.php(933): App\Controllers\CrearUsuario->CrearUnUsuario()
#7 C:\xampp\htdocs\sistema-administrativo\system\CodeIgniter.php(507): CodeIgniter\CodeIgniter->runController(Object(App\Controllers\CrearUsuario))
#8 C:\xampp\htdocs\sistema-administrativo\system\CodeIgniter.php(354): CodeIgniter\CodeIgniter->handleRequest(NULL, Object(Config\Cache), false)
#9 C:\xampp\htdocs\sistema-administrativo\system\Boot.php(334): CodeIgniter\CodeIgniter->run()
#10 C:\xampp\htdocs\sistema-administrativo\system\Boot.php(67): CodeIgniter\Boot::runCodeIgniter(Object(CodeIgniter\CodeIgniter))
#11 C:\xampp\htdocs\sistema-administrativo\index.php(59): CodeIgniter\Boot::bootWeb(Object(Config\Paths))
#12 {main}
CRITICAL - 2025-11-27 07:32:56 --> CodeIgniter\Database\Exceptions\DatabaseException: Cannot add or update a child row: a foreign key constraint fails (`sistema_adminstrativo`.`per_natural`, CONSTRAINT `perosan_id fk ` FOREIGN KEY (`id_persona`) REFERENCES `persona` (`id_persona`))
[Method: POST, Route: crearUsuario]
in SYSTEMPATH\Database\BaseConnection.php on line 692.
 1 SYSTEMPATH\Database\BaseBuilder.php(2345): CodeIgniter\Database\BaseConnection->query('INSERT INTO `per_natural` (`id_persona`, `nombre`, `apellido`, `sexo`) VALUES (:id_persona:, :nombre:, :apellido:, :sexo:)', [...], false)
 2 APPPATH\Models\PerNatural.php(21): CodeIgniter\Database\BaseBuilder->insert([...])
 3 APPPATH\Controllers\CrearUsuario.php(52): App\Models\PerNatural->insertarMiPerNatural([...])
 4 SYSTEMPATH\CodeIgniter.php(933): App\Controllers\CrearUsuario->CrearUnUsuario()
 5 SYSTEMPATH\CodeIgniter.php(507): CodeIgniter\CodeIgniter->runController(Object(App\Controllers\CrearUsuario))
 6 SYSTEMPATH\CodeIgniter.php(354): CodeIgniter\CodeIgniter->handleRequest(null, Object(Config\Cache), false)
 7 SYSTEMPATH\Boot.php(334): CodeIgniter\CodeIgniter->run()
 8 SYSTEMPATH\Boot.php(67): CodeIgniter\Boot::runCodeIgniter(Object(CodeIgniter\CodeIgniter))
 9 FCPATH\index.php(59): CodeIgniter\Boot::bootWeb(Object(Config\Paths))
CRITICAL - 2025-11-27 07:32:56 --> [Caused by] CodeIgniter\Database\Exceptions\DatabaseException: Cannot add or update a child row: a foreign key constraint fails (`sistema_adminstrativo`.`per_natural`, CONSTRAINT `perosan_id fk ` FOREIGN KEY (`id_persona`) REFERENCES `persona` (`id_persona`))
in SYSTEMPATH\Database\MySQLi\Connection.php on line 332.
 1 SYSTEMPATH\Database\BaseConnection.php(738): CodeIgniter\Database\MySQLi\Connection->execute('INSERT INTO `per_natural` (`id_persona`, `nombre`, `apellido`, `sexo`) VALUES (1, \'Iverson\', \'Vargas\', \'M\')')
 2 SYSTEMPATH\Database\BaseConnection.php(652): CodeIgniter\Database\BaseConnection->simpleQuery('INSERT INTO `per_natural` (`id_persona`, `nombre`, `apellido`, `sexo`) VALUES (1, \'Iverson\', \'Vargas\', \'M\')')
 3 SYSTEMPATH\Database\BaseBuilder.php(2345): CodeIgniter\Database\BaseConnection->query('INSERT INTO `per_natural` (`id_persona`, `nombre`, `apellido`, `sexo`) VALUES (:id_persona:, :nombre:, :apellido:, :sexo:)', [...], false)
 4 APPPATH\Models\PerNatural.php(21): CodeIgniter\Database\BaseBuilder->insert([...])
 5 APPPATH\Controllers\CrearUsuario.php(52): App\Models\PerNatural->insertarMiPerNatural([...])
 6 SYSTEMPATH\CodeIgniter.php(933): App\Controllers\CrearUsuario->CrearUnUsuario()
 7 SYSTEMPATH\CodeIgniter.php(507): CodeIgniter\CodeIgniter->runController(Object(App\Controllers\CrearUsuario))
 8 SYSTEMPATH\CodeIgniter.php(354): CodeIgniter\CodeIgniter->handleRequest(null, Object(Config\Cache), false)
 9 SYSTEMPATH\Boot.php(334): CodeIgniter\CodeIgniter->run()
10 SYSTEMPATH\Boot.php(67): CodeIgniter\Boot::runCodeIgniter(Object(CodeIgniter\CodeIgniter))
11 FCPATH\index.php(59): CodeIgniter\Boot::bootWeb(Object(Config\Paths))
CRITICAL - 2025-11-27 07:32:56 --> [Caused by] mysqli_sql_exception: Cannot add or update a child row: a foreign key constraint fails (`sistema_adminstrativo`.`per_natural`, CONSTRAINT `perosan_id fk ` FOREIGN KEY (`id_persona`) REFERENCES `persona` (`id_persona`))
in SYSTEMPATH\Database\MySQLi\Connection.php on line 327.
 1 SYSTEMPATH\Database\MySQLi\Connection.php(327): mysqli->query('INSERT INTO `per_natural` (`id_persona`, `nombre`, `apellido`, `sexo`) VALUES (1, \'Iverson\', \'Vargas\', \'M\')', 0)
 2 SYSTEMPATH\Database\BaseConnection.php(738): CodeIgniter\Database\MySQLi\Connection->execute('INSERT INTO `per_natural` (`id_persona`, `nombre`, `apellido`, `sexo`) VALUES (1, \'Iverson\', \'Vargas\', \'M\')')
 3 SYSTEMPATH\Database\BaseConnection.php(652): CodeIgniter\Database\BaseConnection->simpleQuery('INSERT INTO `per_natural` (`id_persona`, `nombre`, `apellido`, `sexo`) VALUES (1, \'Iverson\', \'Vargas\', \'M\')')
 4 SYSTEMPATH\Database\BaseBuilder.php(2345): CodeIgniter\Database\BaseConnection->query('INSERT INTO `per_natural` (`id_persona`, `nombre`, `apellido`, `sexo`) VALUES (:id_persona:, :nombre:, :apellido:, :sexo:)', [...], false)
 5 APPPATH\Models\PerNatural.php(21): CodeIgniter\Database\BaseBuilder->insert([...])
 6 APPPATH\Controllers\CrearUsuario.php(52): App\Models\PerNatural->insertarMiPerNatural([...])
 7 SYSTEMPATH\CodeIgniter.php(933): App\Controllers\CrearUsuario->CrearUnUsuario()
 8 SYSTEMPATH\CodeIgniter.php(507): CodeIgniter\CodeIgniter->runController(Object(App\Controllers\CrearUsuario))
 9 SYSTEMPATH\CodeIgniter.php(354): CodeIgniter\CodeIgniter->handleRequest(null, Object(Config\Cache), false)
10 SYSTEMPATH\Boot.php(334): CodeIgniter\CodeIgniter->run()
11 SYSTEMPATH\Boot.php(67): CodeIgniter\Boot::runCodeIgniter(Object(CodeIgniter\CodeIgniter))
12 FCPATH\index.php(59): CodeIgniter\Boot::bootWeb(Object(Config\Paths))
ERROR - 2025-11-27 07:33:40 --> mysqli_sql_exception: Cannot add or update a child row: a foreign key constraint fails (`sistema_adminstrativo`.`per_natural`, CONSTRAINT `perosan_id fk ` FOREIGN KEY (`id_persona`) REFERENCES `persona` (`id_persona`)) in C:\xampp\htdocs\sistema-administrativo\system\Database\MySQLi\Connection.php:327
Stack trace:
#0 C:\xampp\htdocs\sistema-administrativo\system\Database\MySQLi\Connection.php(327): mysqli->query('INSERT INTO `pe...', 0)
#1 C:\xampp\htdocs\sistema-administrativo\system\Database\BaseConnection.php(738): CodeIgniter\Database\MySQLi\Connection->execute('INSERT INTO `pe...')
#2 C:\xampp\htdocs\sistema-administrativo\system\Database\BaseConnection.php(652): CodeIgniter\Database\BaseConnection->simpleQuery('INSERT INTO `pe...')
#3 C:\xampp\htdocs\sistema-administrativo\system\Database\BaseBuilder.php(2345): CodeIgniter\Database\BaseConnection->query('INSERT INTO `pe...', Array, false)
#4 C:\xampp\htdocs\sistema-administrativo\app\Models\PerNatural.php(21): CodeIgniter\Database\BaseBuilder->insert(Array)
#5 C:\xampp\htdocs\sistema-administrativo\app\Controllers\CrearUsuario.php(52): App\Models\PerNatural->insertarMiPerNatural(Array)
#6 C:\xampp\htdocs\sistema-administrativo\system\CodeIgniter.php(933): App\Controllers\CrearUsuario->CrearUnUsuario()
#7 C:\xampp\htdocs\sistema-administrativo\system\CodeIgniter.php(507): CodeIgniter\CodeIgniter->runController(Object(App\Controllers\CrearUsuario))
#8 C:\xampp\htdocs\sistema-administrativo\system\CodeIgniter.php(354): CodeIgniter\CodeIgniter->handleRequest(NULL, Object(Config\Cache), false)
#9 C:\xampp\htdocs\sistema-administrativo\system\Boot.php(334): CodeIgniter\CodeIgniter->run()
#10 C:\xampp\htdocs\sistema-administrativo\system\Boot.php(67): CodeIgniter\Boot::runCodeIgniter(Object(CodeIgniter\CodeIgniter))
#11 C:\xampp\htdocs\sistema-administrativo\index.php(59): CodeIgniter\Boot::bootWeb(Object(Config\Paths))
#12 {main}
CRITICAL - 2025-11-27 07:33:40 --> CodeIgniter\Database\Exceptions\DatabaseException: Cannot add or update a child row: a foreign key constraint fails (`sistema_adminstrativo`.`per_natural`, CONSTRAINT `perosan_id fk ` FOREIGN KEY (`id_persona`) REFERENCES `persona` (`id_persona`))
[Method: POST, Route: crearUsuario]
in SYSTEMPATH\Database\BaseConnection.php on line 692.
 1 SYSTEMPATH\Database\BaseBuilder.php(2345): CodeIgniter\Database\BaseConnection->query('INSERT INTO `per_natural` (`id_persona`, `nombre`, `apellido`, `sexo`) VALUES (:id_persona:, :nombre:, :apellido:, :sexo:)', [...], false)
 2 APPPATH\Models\PerNatural.php(21): CodeIgniter\Database\BaseBuilder->insert([...])
 3 APPPATH\Controllers\CrearUsuario.php(52): App\Models\PerNatural->insertarMiPerNatural([...])
 4 SYSTEMPATH\CodeIgniter.php(933): App\Controllers\CrearUsuario->CrearUnUsuario()
 5 SYSTEMPATH\CodeIgniter.php(507): CodeIgniter\CodeIgniter->runController(Object(App\Controllers\CrearUsuario))
 6 SYSTEMPATH\CodeIgniter.php(354): CodeIgniter\CodeIgniter->handleRequest(null, Object(Config\Cache), false)
 7 SYSTEMPATH\Boot.php(334): CodeIgniter\CodeIgniter->run()
 8 SYSTEMPATH\Boot.php(67): CodeIgniter\Boot::runCodeIgniter(Object(CodeIgniter\CodeIgniter))
 9 FCPATH\index.php(59): CodeIgniter\Boot::bootWeb(Object(Config\Paths))
CRITICAL - 2025-11-27 07:33:40 --> [Caused by] CodeIgniter\Database\Exceptions\DatabaseException: Cannot add or update a child row: a foreign key constraint fails (`sistema_adminstrativo`.`per_natural`, CONSTRAINT `perosan_id fk ` FOREIGN KEY (`id_persona`) REFERENCES `persona` (`id_persona`))
in SYSTEMPATH\Database\MySQLi\Connection.php on line 332.
 1 SYSTEMPATH\Database\BaseConnection.php(738): CodeIgniter\Database\MySQLi\Connection->execute('INSERT INTO `per_natural` (`id_persona`, `nombre`, `apellido`, `sexo`) VALUES (1, \'iverson\', \'vargas\', \'M\')')
 2 SYSTEMPATH\Database\BaseConnection.php(652): CodeIgniter\Database\BaseConnection->simpleQuery('INSERT INTO `per_natural` (`id_persona`, `nombre`, `apellido`, `sexo`) VALUES (1, \'iverson\', \'vargas\', \'M\')')
 3 SYSTEMPATH\Database\BaseBuilder.php(2345): CodeIgniter\Database\BaseConnection->query('INSERT INTO `per_natural` (`id_persona`, `nombre`, `apellido`, `sexo`) VALUES (:id_persona:, :nombre:, :apellido:, :sexo:)', [...], false)
 4 APPPATH\Models\PerNatural.php(21): CodeIgniter\Database\BaseBuilder->insert([...])
 5 APPPATH\Controllers\CrearUsuario.php(52): App\Models\PerNatural->insertarMiPerNatural([...])
 6 SYSTEMPATH\CodeIgniter.php(933): App\Controllers\CrearUsuario->CrearUnUsuario()
 7 SYSTEMPATH\CodeIgniter.php(507): CodeIgniter\CodeIgniter->runController(Object(App\Controllers\CrearUsuario))
 8 SYSTEMPATH\CodeIgniter.php(354): CodeIgniter\CodeIgniter->handleRequest(null, Object(Config\Cache), false)
 9 SYSTEMPATH\Boot.php(334): CodeIgniter\CodeIgniter->run()
10 SYSTEMPATH\Boot.php(67): CodeIgniter\Boot::runCodeIgniter(Object(CodeIgniter\CodeIgniter))
11 FCPATH\index.php(59): CodeIgniter\Boot::bootWeb(Object(Config\Paths))
CRITICAL - 2025-11-27 07:33:40 --> [Caused by] mysqli_sql_exception: Cannot add or update a child row: a foreign key constraint fails (`sistema_adminstrativo`.`per_natural`, CONSTRAINT `perosan_id fk ` FOREIGN KEY (`id_persona`) REFERENCES `persona` (`id_persona`))
in SYSTEMPATH\Database\MySQLi\Connection.php on line 327.
 1 SYSTEMPATH\Database\MySQLi\Connection.php(327): mysqli->query('INSERT INTO `per_natural` (`id_persona`, `nombre`, `apellido`, `sexo`) VALUES (1, \'iverson\', \'vargas\', \'M\')', 0)
 2 SYSTEMPATH\Database\BaseConnection.php(738): CodeIgniter\Database\MySQLi\Connection->execute('INSERT INTO `per_natural` (`id_persona`, `nombre`, `apellido`, `sexo`) VALUES (1, \'iverson\', \'vargas\', \'M\')')
 3 SYSTEMPATH\Database\BaseConnection.php(652): CodeIgniter\Database\BaseConnection->simpleQuery('INSERT INTO `per_natural` (`id_persona`, `nombre`, `apellido`, `sexo`) VALUES (1, \'iverson\', \'vargas\', \'M\')')
 4 SYSTEMPATH\Database\BaseBuilder.php(2345): CodeIgniter\Database\BaseConnection->query('INSERT INTO `per_natural` (`id_persona`, `nombre`, `apellido`, `sexo`) VALUES (:id_persona:, :nombre:, :apellido:, :sexo:)', [...], false)
 5 APPPATH\Models\PerNatural.php(21): CodeIgniter\Database\BaseBuilder->insert([...])
 6 APPPATH\Controllers\CrearUsuario.php(52): App\Models\PerNatural->insertarMiPerNatural([...])
 7 SYSTEMPATH\CodeIgniter.php(933): App\Controllers\CrearUsuario->CrearUnUsuario()
 8 SYSTEMPATH\CodeIgniter.php(507): CodeIgniter\CodeIgniter->runController(Object(App\Controllers\CrearUsuario))
 9 SYSTEMPATH\CodeIgniter.php(354): CodeIgniter\CodeIgniter->handleRequest(null, Object(Config\Cache), false)
10 SYSTEMPATH\Boot.php(334): CodeIgniter\CodeIgniter->run()
11 SYSTEMPATH\Boot.php(67): CodeIgniter\Boot::runCodeIgniter(Object(CodeIgniter\CodeIgniter))
12 FCPATH\index.php(59): CodeIgniter\Boot::bootWeb(Object(Config\Paths))
ERROR - 2025-11-27 07:37:09 --> mysqli_sql_exception: Unknown column 'nombre_usuario' in 'field list' in C:\xampp\htdocs\sistema-administrativo\system\Database\MySQLi\Connection.php:327
Stack trace:
#0 C:\xampp\htdocs\sistema-administrativo\system\Database\MySQLi\Connection.php(327): mysqli->query('INSERT INTO `us...', 0)
#1 C:\xampp\htdocs\sistema-administrativo\system\Database\BaseConnection.php(738): CodeIgniter\Database\MySQLi\Connection->execute('INSERT INTO `us...')
#2 C:\xampp\htdocs\sistema-administrativo\system\Database\BaseConnection.php(652): CodeIgniter\Database\BaseConnection->simpleQuery('INSERT INTO `us...')
#3 C:\xampp\htdocs\sistema-administrativo\system\Database\BaseBuilder.php(2345): CodeIgniter\Database\BaseConnection->query('INSERT INTO `us...', Array, false)
#4 C:\xampp\htdocs\sistema-administrativo\app\Models\Usuario.php(20): CodeIgniter\Database\BaseBuilder->insert(Array)
#5 C:\xampp\htdocs\sistema-administrativo\app\Controllers\CrearUsuario.php(62): App\Models\Usuario->insertarMiUsuario(Array)
#6 C:\xampp\htdocs\sistema-administrativo\system\CodeIgniter.php(933): App\Controllers\CrearUsuario->CrearUnUsuario()
#7 C:\xampp\htdocs\sistema-administrativo\system\CodeIgniter.php(507): CodeIgniter\CodeIgniter->runController(Object(App\Controllers\CrearUsuario))
#8 C:\xampp\htdocs\sistema-administrativo\system\CodeIgniter.php(354): CodeIgniter\CodeIgniter->handleRequest(NULL, Object(Config\Cache), false)
#9 C:\xampp\htdocs\sistema-administrativo\system\Boot.php(334): CodeIgniter\CodeIgniter->run()
#10 C:\xampp\htdocs\sistema-administrativo\system\Boot.php(67): CodeIgniter\Boot::runCodeIgniter(Object(CodeIgniter\CodeIgniter))
#11 C:\xampp\htdocs\sistema-administrativo\index.php(59): CodeIgniter\Boot::bootWeb(Object(Config\Paths))
#12 {main}
CRITICAL - 2025-11-27 07:37:09 --> CodeIgniter\Database\Exceptions\DatabaseException: Unknown column 'nombre_usuario' in 'field list'
[Method: POST, Route: crearUsuario]
in SYSTEMPATH\Database\BaseConnection.php on line 692.
 1 SYSTEMPATH\Database\BaseBuilder.php(2345): CodeIgniter\Database\BaseConnection->query('INSERT INTO `usuario` (`id_persona`, `nombre_usuario`, `contrasena`, `rol`) VALUES (:id_persona:, :nombre_usuario:, :contrasena:, :rol:)', [...], false)
 2 APPPATH\Models\Usuario.php(20): CodeIgniter\Database\BaseBuilder->insert([...])
 3 APPPATH\Controllers\CrearUsuario.php(62): App\Models\Usuario->insertarMiUsuario([...])
 4 SYSTEMPATH\CodeIgniter.php(933): App\Controllers\CrearUsuario->CrearUnUsuario()
 5 SYSTEMPATH\CodeIgniter.php(507): CodeIgniter\CodeIgniter->runController(Object(App\Controllers\CrearUsuario))
 6 SYSTEMPATH\CodeIgniter.php(354): CodeIgniter\CodeIgniter->handleRequest(null, Object(Config\Cache), false)
 7 SYSTEMPATH\Boot.php(334): CodeIgniter\CodeIgniter->run()
 8 SYSTEMPATH\Boot.php(67): CodeIgniter\Boot::runCodeIgniter(Object(CodeIgniter\CodeIgniter))
 9 FCPATH\index.php(59): CodeIgniter\Boot::bootWeb(Object(Config\Paths))
CRITICAL - 2025-11-27 07:37:09 --> [Caused by] CodeIgniter\Database\Exceptions\DatabaseException: Unknown column 'nombre_usuario' in 'field list'
in SYSTEMPATH\Database\MySQLi\Connection.php on line 332.
 1 SYSTEMPATH\Database\BaseConnection.php(738): CodeIgniter\Database\MySQLi\Connection->execute('INSERT INTO `usuario` (`id_persona`, `nombre_usuario`, `contrasena`, `rol`) VALUES (5, \'Iverson25\', \'$2y$10$.TuY3BhPhU3cr7evtQEpReTx7SdSdPuReTMej4psZr/9WoiFdAg8G\', \'1\')')
 2 SYSTEMPATH\Database\BaseConnection.php(652): CodeIgniter\Database\BaseConnection->simpleQuery('INSERT INTO `usuario` (`id_persona`, `nombre_usuario`, `contrasena`, `rol`) VALUES (5, \'Iverson25\', \'$2y$10$.TuY3BhPhU3cr7evtQEpReTx7SdSdPuReTMej4psZr/9WoiFdAg8G\', \'1\')')
 3 SYSTEMPATH\Database\BaseBuilder.php(2345): CodeIgniter\Database\BaseConnection->query('INSERT INTO `usuario` (`id_persona`, `nombre_usuario`, `contrasena`, `rol`) VALUES (:id_persona:, :nombre_usuario:, :contrasena:, :rol:)', [...], false)
 4 APPPATH\Models\Usuario.php(20): CodeIgniter\Database\BaseBuilder->insert([...])
 5 APPPATH\Controllers\CrearUsuario.php(62): App\Models\Usuario->insertarMiUsuario([...])
 6 SYSTEMPATH\CodeIgniter.php(933): App\Controllers\CrearUsuario->CrearUnUsuario()
 7 SYSTEMPATH\CodeIgniter.php(507): CodeIgniter\CodeIgniter->runController(Object(App\Controllers\CrearUsuario))
 8 SYSTEMPATH\CodeIgniter.php(354): CodeIgniter\CodeIgniter->handleRequest(null, Object(Config\Cache), false)
 9 SYSTEMPATH\Boot.php(334): CodeIgniter\CodeIgniter->run()
10 SYSTEMPATH\Boot.php(67): CodeIgniter\Boot::runCodeIgniter(Object(CodeIgniter\CodeIgniter))
11 FCPATH\index.php(59): CodeIgniter\Boot::bootWeb(Object(Config\Paths))
CRITICAL - 2025-11-27 07:37:09 --> [Caused by] mysqli_sql_exception: Unknown column 'nombre_usuario' in 'field list'
in SYSTEMPATH\Database\MySQLi\Connection.php on line 327.
 1 SYSTEMPATH\Database\MySQLi\Connection.php(327): mysqli->query('INSERT INTO `usuario` (`id_persona`, `nombre_usuario`, `contrasena`, `rol`) VALUES (5, \'Iverson25\', \'$2y$10$.TuY3BhPhU3cr7evtQEpReTx7SdSdPuReTMej4psZr/9WoiFdAg8G\', \'1\')', 0)
 2 SYSTEMPATH\Database\BaseConnection.php(738): CodeIgniter\Database\MySQLi\Connection->execute('INSERT INTO `usuario` (`id_persona`, `nombre_usuario`, `contrasena`, `rol`) VALUES (5, \'Iverson25\', \'$2y$10$.TuY3BhPhU3cr7evtQEpReTx7SdSdPuReTMej4psZr/9WoiFdAg8G\', \'1\')')
 3 SYSTEMPATH\Database\BaseConnection.php(652): CodeIgniter\Database\BaseConnection->simpleQuery('INSERT INTO `usuario` (`id_persona`, `nombre_usuario`, `contrasena`, `rol`) VALUES (5, \'Iverson25\', \'$2y$10$.TuY3BhPhU3cr7evtQEpReTx7SdSdPuReTMej4psZr/9WoiFdAg8G\', \'1\')')
 4 SYSTEMPATH\Database\BaseBuilder.php(2345): CodeIgniter\Database\BaseConnection->query('INSERT INTO `usuario` (`id_persona`, `nombre_usuario`, `contrasena`, `rol`) VALUES (:id_persona:, :nombre_usuario:, :contrasena:, :rol:)', [...], false)
 5 APPPATH\Models\Usuario.php(20): CodeIgniter\Database\BaseBuilder->insert([...])
 6 APPPATH\Controllers\CrearUsuario.php(62): App\Models\Usuario->insertarMiUsuario([...])
 7 SYSTEMPATH\CodeIgniter.php(933): App\Controllers\CrearUsuario->CrearUnUsuario()
 8 SYSTEMPATH\CodeIgniter.php(507): CodeIgniter\CodeIgniter->runController(Object(App\Controllers\CrearUsuario))
 9 SYSTEMPATH\CodeIgniter.php(354): CodeIgniter\CodeIgniter->handleRequest(null, Object(Config\Cache), false)
10 SYSTEMPATH\Boot.php(334): CodeIgniter\CodeIgniter->run()
11 SYSTEMPATH\Boot.php(67): CodeIgniter\Boot::runCodeIgniter(Object(CodeIgniter\CodeIgniter))
12 FCPATH\index.php(59): CodeIgniter\Boot::bootWeb(Object(Config\Paths))
ERROR - 2025-11-27 07:47:57 --> mysqli_sql_exception: Unknown column 'nombre_usuario' in 'field list' in C:\xampp\htdocs\sistema-administrativo\system\Database\MySQLi\Connection.php:327
Stack trace:
#0 C:\xampp\htdocs\sistema-administrativo\system\Database\MySQLi\Connection.php(327): mysqli->query('INSERT INTO `us...', 0)
#1 C:\xampp\htdocs\sistema-administrativo\system\Database\BaseConnection.php(738): CodeIgniter\Database\MySQLi\Connection->execute('INSERT INTO `us...')
#2 C:\xampp\htdocs\sistema-administrativo\system\Database\BaseConnection.php(652): CodeIgniter\Database\BaseConnection->simpleQuery('INSERT INTO `us...')
#3 C:\xampp\htdocs\sistema-administrativo\system\Database\BaseBuilder.php(2345): CodeIgniter\Database\BaseConnection->query('INSERT INTO `us...', Array, false)
#4 C:\xampp\htdocs\sistema-administrativo\app\Models\Usuario.php(20): CodeIgniter\Database\BaseBuilder->insert(Array)
#5 C:\xampp\htdocs\sistema-administrativo\app\Controllers\CrearUsuario.php(62): App\Models\Usuario->insertarMiUsuario(Array)
#6 C:\xampp\htdocs\sistema-administrativo\system\CodeIgniter.php(933): App\Controllers\CrearUsuario->CrearUnUsuario()
#7 C:\xampp\htdocs\sistema-administrativo\system\CodeIgniter.php(507): CodeIgniter\CodeIgniter->runController(Object(App\Controllers\CrearUsuario))
#8 C:\xampp\htdocs\sistema-administrativo\system\CodeIgniter.php(354): CodeIgniter\CodeIgniter->handleRequest(NULL, Object(Config\Cache), false)
#9 C:\xampp\htdocs\sistema-administrativo\system\Boot.php(334): CodeIgniter\CodeIgniter->run()
#10 C:\xampp\htdocs\sistema-administrativo\system\Boot.php(67): CodeIgniter\Boot::runCodeIgniter(Object(CodeIgniter\CodeIgniter))
#11 C:\xampp\htdocs\sistema-administrativo\index.php(59): CodeIgniter\Boot::bootWeb(Object(Config\Paths))
#12 {main}
CRITICAL - 2025-11-27 07:47:57 --> CodeIgniter\Database\Exceptions\DatabaseException: Unknown column 'nombre_usuario' in 'field list'
[Method: POST, Route: crearUsuario]
in SYSTEMPATH\Database\BaseConnection.php on line 692.
 1 SYSTEMPATH\Database\BaseBuilder.php(2345): CodeIgniter\Database\BaseConnection->query('INSERT INTO `usuario` (`id_persona`, `nombre_usuario`, `contrasena`, `rol`) VALUES (:id_persona:, :nombre_usuario:, :contrasena:, :rol:)', [...], false)
 2 APPPATH\Models\Usuario.php(20): CodeIgniter\Database\BaseBuilder->insert([...])
 3 APPPATH\Controllers\CrearUsuario.php(62): App\Models\Usuario->insertarMiUsuario([...])
 4 SYSTEMPATH\CodeIgniter.php(933): App\Controllers\CrearUsuario->CrearUnUsuario()
 5 SYSTEMPATH\CodeIgniter.php(507): CodeIgniter\CodeIgniter->runController(Object(App\Controllers\CrearUsuario))
 6 SYSTEMPATH\CodeIgniter.php(354): CodeIgniter\CodeIgniter->handleRequest(null, Object(Config\Cache), false)
 7 SYSTEMPATH\Boot.php(334): CodeIgniter\CodeIgniter->run()
 8 SYSTEMPATH\Boot.php(67): CodeIgniter\Boot::runCodeIgniter(Object(CodeIgniter\CodeIgniter))
 9 FCPATH\index.php(59): CodeIgniter\Boot::bootWeb(Object(Config\Paths))
CRITICAL - 2025-11-27 07:47:57 --> [Caused by] CodeIgniter\Database\Exceptions\DatabaseException: Unknown column 'nombre_usuario' in 'field list'
in SYSTEMPATH\Database\MySQLi\Connection.php on line 332.
 1 SYSTEMPATH\Database\BaseConnection.php(738): CodeIgniter\Database\MySQLi\Connection->execute('INSERT INTO `usuario` (`id_persona`, `nombre_usuario`, `contrasena`, `rol`) VALUES (6, \'wdd\', \'$2y$10$PlMtp3GuAuwQpnx./mQGAeX9qb1qDjha6NY0Lp4lx0LLX.gpCc6.O\', \'2\')')
 2 SYSTEMPATH\Database\BaseConnection.php(652): CodeIgniter\Database\BaseConnection->simpleQuery('INSERT INTO `usuario` (`id_persona`, `nombre_usuario`, `contrasena`, `rol`) VALUES (6, \'wdd\', \'$2y$10$PlMtp3GuAuwQpnx./mQGAeX9qb1qDjha6NY0Lp4lx0LLX.gpCc6.O\', \'2\')')
 3 SYSTEMPATH\Database\BaseBuilder.php(2345): CodeIgniter\Database\BaseConnection->query('INSERT INTO `usuario` (`id_persona`, `nombre_usuario`, `contrasena`, `rol`) VALUES (:id_persona:, :nombre_usuario:, :contrasena:, :rol:)', [...], false)
 4 APPPATH\Models\Usuario.php(20): CodeIgniter\Database\BaseBuilder->insert([...])
 5 APPPATH\Controllers\CrearUsuario.php(62): App\Models\Usuario->insertarMiUsuario([...])
 6 SYSTEMPATH\CodeIgniter.php(933): App\Controllers\CrearUsuario->CrearUnUsuario()
 7 SYSTEMPATH\CodeIgniter.php(507): CodeIgniter\CodeIgniter->runController(Object(App\Controllers\CrearUsuario))
 8 SYSTEMPATH\CodeIgniter.php(354): CodeIgniter\CodeIgniter->handleRequest(null, Object(Config\Cache), false)
 9 SYSTEMPATH\Boot.php(334): CodeIgniter\CodeIgniter->run()
10 SYSTEMPATH\Boot.php(67): CodeIgniter\Boot::runCodeIgniter(Object(CodeIgniter\CodeIgniter))
11 FCPATH\index.php(59): CodeIgniter\Boot::bootWeb(Object(Config\Paths))
CRITICAL - 2025-11-27 07:47:57 --> [Caused by] mysqli_sql_exception: Unknown column 'nombre_usuario' in 'field list'
in SYSTEMPATH\Database\MySQLi\Connection.php on line 327.
 1 SYSTEMPATH\Database\MySQLi\Connection.php(327): mysqli->query('INSERT INTO `usuario` (`id_persona`, `nombre_usuario`, `contrasena`, `rol`) VALUES (6, \'wdd\', \'$2y$10$PlMtp3GuAuwQpnx./mQGAeX9qb1qDjha6NY0Lp4lx0LLX.gpCc6.O\', \'2\')', 0)
 2 SYSTEMPATH\Database\BaseConnection.php(738): CodeIgniter\Database\MySQLi\Connection->execute('INSERT INTO `usuario` (`id_persona`, `nombre_usuario`, `contrasena`, `rol`) VALUES (6, \'wdd\', \'$2y$10$PlMtp3GuAuwQpnx./mQGAeX9qb1qDjha6NY0Lp4lx0LLX.gpCc6.O\', \'2\')')
 3 SYSTEMPATH\Database\BaseConnection.php(652): CodeIgniter\Database\BaseConnection->simpleQuery('INSERT INTO `usuario` (`id_persona`, `nombre_usuario`, `contrasena`, `rol`) VALUES (6, \'wdd\', \'$2y$10$PlMtp3GuAuwQpnx./mQGAeX9qb1qDjha6NY0Lp4lx0LLX.gpCc6.O\', \'2\')')
 4 SYSTEMPATH\Database\BaseBuilder.php(2345): CodeIgniter\Database\BaseConnection->query('INSERT INTO `usuario` (`id_persona`, `nombre_usuario`, `contrasena`, `rol`) VALUES (:id_persona:, :nombre_usuario:, :contrasena:, :rol:)', [...], false)
 5 APPPATH\Models\Usuario.php(20): CodeIgniter\Database\BaseBuilder->insert([...])
 6 APPPATH\Controllers\CrearUsuario.php(62): App\Models\Usuario->insertarMiUsuario([...])
 7 SYSTEMPATH\CodeIgniter.php(933): App\Controllers\CrearUsuario->CrearUnUsuario()
 8 SYSTEMPATH\CodeIgniter.php(507): CodeIgniter\CodeIgniter->runController(Object(App\Controllers\CrearUsuario))
 9 SYSTEMPATH\CodeIgniter.php(354): CodeIgniter\CodeIgniter->handleRequest(null, Object(Config\Cache), false)
10 SYSTEMPATH\Boot.php(334): CodeIgniter\CodeIgniter->run()
11 SYSTEMPATH\Boot.php(67): CodeIgniter\Boot::runCodeIgniter(Object(CodeIgniter\CodeIgniter))
12 FCPATH\index.php(59): CodeIgniter\Boot::bootWeb(Object(Config\Paths))
ERROR - 2025-11-27 07:50:37 --> mysqli_sql_exception: Unknown column 'nombre_usuario' in 'field list' in C:\xampp\htdocs\sistema-administrativo\system\Database\MySQLi\Connection.php:327
Stack trace:
#0 C:\xampp\htdocs\sistema-administrativo\system\Database\MySQLi\Connection.php(327): mysqli->query('INSERT INTO `us...', 0)
#1 C:\xampp\htdocs\sistema-administrativo\system\Database\BaseConnection.php(738): CodeIgniter\Database\MySQLi\Connection->execute('INSERT INTO `us...')
#2 C:\xampp\htdocs\sistema-administrativo\system\Database\BaseConnection.php(652): CodeIgniter\Database\BaseConnection->simpleQuery('INSERT INTO `us...')
#3 C:\xampp\htdocs\sistema-administrativo\system\Database\BaseBuilder.php(2345): CodeIgniter\Database\BaseConnection->query('INSERT INTO `us...', Array, false)
#4 C:\xampp\htdocs\sistema-administrativo\app\Models\Usuario.php(20): CodeIgniter\Database\BaseBuilder->insert(Array)
#5 C:\xampp\htdocs\sistema-administrativo\app\Controllers\CrearUsuario.php(62): App\Models\Usuario->insertarMiUsuario(Array)
#6 C:\xampp\htdocs\sistema-administrativo\system\CodeIgniter.php(933): App\Controllers\CrearUsuario->CrearUnUsuario()
#7 C:\xampp\htdocs\sistema-administrativo\system\CodeIgniter.php(507): CodeIgniter\CodeIgniter->runController(Object(App\Controllers\CrearUsuario))
#8 C:\xampp\htdocs\sistema-administrativo\system\CodeIgniter.php(354): CodeIgniter\CodeIgniter->handleRequest(NULL, Object(Config\Cache), false)
#9 C:\xampp\htdocs\sistema-administrativo\system\Boot.php(334): CodeIgniter\CodeIgniter->run()
#10 C:\xampp\htdocs\sistema-administrativo\system\Boot.php(67): CodeIgniter\Boot::runCodeIgniter(Object(CodeIgniter\CodeIgniter))
#11 C:\xampp\htdocs\sistema-administrativo\index.php(59): CodeIgniter\Boot::bootWeb(Object(Config\Paths))
#12 {main}
CRITICAL - 2025-11-27 07:50:37 --> CodeIgniter\Database\Exceptions\DatabaseException: Unknown column 'nombre_usuario' in 'field list'
[Method: POST, Route: crearUsuario]
in SYSTEMPATH\Database\BaseConnection.php on line 692.
 1 SYSTEMPATH\Database\BaseBuilder.php(2345): CodeIgniter\Database\BaseConnection->query('INSERT INTO `usuario` (`id_persona`, `nombre_usuario`, `contrasena`, `rol`) VALUES (:id_persona:, :nombre_usuario:, :contrasena:, :rol:)', [...], false)
 2 APPPATH\Models\Usuario.php(20): CodeIgniter\Database\BaseBuilder->insert([...])
 3 APPPATH\Controllers\CrearUsuario.php(62): App\Models\Usuario->insertarMiUsuario([...])
 4 SYSTEMPATH\CodeIgniter.php(933): App\Controllers\CrearUsuario->CrearUnUsuario()
 5 SYSTEMPATH\CodeIgniter.php(507): CodeIgniter\CodeIgniter->runController(Object(App\Controllers\CrearUsuario))
 6 SYSTEMPATH\CodeIgniter.php(354): CodeIgniter\CodeIgniter->handleRequest(null, Object(Config\Cache), false)
 7 SYSTEMPATH\Boot.php(334): CodeIgniter\CodeIgniter->run()
 8 SYSTEMPATH\Boot.php(67): CodeIgniter\Boot::runCodeIgniter(Object(CodeIgniter\CodeIgniter))
 9 FCPATH\index.php(59): CodeIgniter\Boot::bootWeb(Object(Config\Paths))
CRITICAL - 2025-11-27 07:50:37 --> [Caused by] CodeIgniter\Database\Exceptions\DatabaseException: Unknown column 'nombre_usuario' in 'field list'
in SYSTEMPATH\Database\MySQLi\Connection.php on line 332.
 1 SYSTEMPATH\Database\BaseConnection.php(738): CodeIgniter\Database\MySQLi\Connection->execute('INSERT INTO `usuario` (`id_persona`, `nombre_usuario`, `contrasena`, `rol`) VALUES (7, \'31231e\', \'$2y$10$dXND7uXVIhTf6rP7o.U8nObjTtbzkKXJ7sfNAN4aJsiTJiAkIJxmi\', \'3\')')
 2 SYSTEMPATH\Database\BaseConnection.php(652): CodeIgniter\Database\BaseConnection->simpleQuery('INSERT INTO `usuario` (`id_persona`, `nombre_usuario`, `contrasena`, `rol`) VALUES (7, \'31231e\', \'$2y$10$dXND7uXVIhTf6rP7o.U8nObjTtbzkKXJ7sfNAN4aJsiTJiAkIJxmi\', \'3\')')
 3 SYSTEMPATH\Database\BaseBuilder.php(2345): CodeIgniter\Database\BaseConnection->query('INSERT INTO `usuario` (`id_persona`, `nombre_usuario`, `contrasena`, `rol`) VALUES (:id_persona:, :nombre_usuario:, :contrasena:, :rol:)', [...], false)
 4 APPPATH\Models\Usuario.php(20): CodeIgniter\Database\BaseBuilder->insert([...])
 5 APPPATH\Controllers\CrearUsuario.php(62): App\Models\Usuario->insertarMiUsuario([...])
 6 SYSTEMPATH\CodeIgniter.php(933): App\Controllers\CrearUsuario->CrearUnUsuario()
 7 SYSTEMPATH\CodeIgniter.php(507): CodeIgniter\CodeIgniter->runController(Object(App\Controllers\CrearUsuario))
 8 SYSTEMPATH\CodeIgniter.php(354): CodeIgniter\CodeIgniter->handleRequest(null, Object(Config\Cache), false)
 9 SYSTEMPATH\Boot.php(334): CodeIgniter\CodeIgniter->run()
10 SYSTEMPATH\Boot.php(67): CodeIgniter\Boot::runCodeIgniter(Object(CodeIgniter\CodeIgniter))
11 FCPATH\index.php(59): CodeIgniter\Boot::bootWeb(Object(Config\Paths))
CRITICAL - 2025-11-27 07:50:37 --> [Caused by] mysqli_sql_exception: Unknown column 'nombre_usuario' in 'field list'
in SYSTEMPATH\Database\MySQLi\Connection.php on line 327.
 1 SYSTEMPATH\Database\MySQLi\Connection.php(327): mysqli->query('INSERT INTO `usuario` (`id_persona`, `nombre_usuario`, `contrasena`, `rol`) VALUES (7, \'31231e\', \'$2y$10$dXND7uXVIhTf6rP7o.U8nObjTtbzkKXJ7sfNAN4aJsiTJiAkIJxmi\', \'3\')', 0)
 2 SYSTEMPATH\Database\BaseConnection.php(738): CodeIgniter\Database\MySQLi\Connection->execute('INSERT INTO `usuario` (`id_persona`, `nombre_usuario`, `contrasena`, `rol`) VALUES (7, \'31231e\', \'$2y$10$dXND7uXVIhTf6rP7o.U8nObjTtbzkKXJ7sfNAN4aJsiTJiAkIJxmi\', \'3\')')
 3 SYSTEMPATH\Database\BaseConnection.php(652): CodeIgniter\Database\BaseConnection->simpleQuery('INSERT INTO `usuario` (`id_persona`, `nombre_usuario`, `contrasena`, `rol`) VALUES (7, \'31231e\', \'$2y$10$dXND7uXVIhTf6rP7o.U8nObjTtbzkKXJ7sfNAN4aJsiTJiAkIJxmi\', \'3\')')
 4 SYSTEMPATH\Database\BaseBuilder.php(2345): CodeIgniter\Database\BaseConnection->query('INSERT INTO `usuario` (`id_persona`, `nombre_usuario`, `contrasena`, `rol`) VALUES (:id_persona:, :nombre_usuario:, :contrasena:, :rol:)', [...], false)
 5 APPPATH\Models\Usuario.php(20): CodeIgniter\Database\BaseBuilder->insert([...])
 6 APPPATH\Controllers\CrearUsuario.php(62): App\Models\Usuario->insertarMiUsuario([...])
 7 SYSTEMPATH\CodeIgniter.php(933): App\Controllers\CrearUsuario->CrearUnUsuario()
 8 SYSTEMPATH\CodeIgniter.php(507): CodeIgniter\CodeIgniter->runController(Object(App\Controllers\CrearUsuario))
 9 SYSTEMPATH\CodeIgniter.php(354): CodeIgniter\CodeIgniter->handleRequest(null, Object(Config\Cache), false)
10 SYSTEMPATH\Boot.php(334): CodeIgniter\CodeIgniter->run()
11 SYSTEMPATH\Boot.php(67): CodeIgniter\Boot::runCodeIgniter(Object(CodeIgniter\CodeIgniter))
12 FCPATH\index.php(59): CodeIgniter\Boot::bootWeb(Object(Config\Paths))
ERROR - 2025-11-27 08:01:20 --> mysqli_sql_exception: Unknown column 'nombre_usuario' in 'field list' in C:\xampp\htdocs\sistema-administrativo\system\Database\MySQLi\Connection.php:327
Stack trace:
#0 C:\xampp\htdocs\sistema-administrativo\system\Database\MySQLi\Connection.php(327): mysqli->query('INSERT INTO `us...', 0)
#1 C:\xampp\htdocs\sistema-administrativo\system\Database\BaseConnection.php(738): CodeIgniter\Database\MySQLi\Connection->execute('INSERT INTO `us...')
#2 C:\xampp\htdocs\sistema-administrativo\system\Database\BaseConnection.php(652): CodeIgniter\Database\BaseConnection->simpleQuery('INSERT INTO `us...')
#3 C:\xampp\htdocs\sistema-administrativo\system\Database\BaseBuilder.php(2345): CodeIgniter\Database\BaseConnection->query('INSERT INTO `us...', Array, false)
#4 C:\xampp\htdocs\sistema-administrativo\app\Models\Usuario.php(20): CodeIgniter\Database\BaseBuilder->insert(Array)
#5 C:\xampp\htdocs\sistema-administrativo\app\Controllers\CrearUsuario.php(62): App\Models\Usuario->insertarMiUsuario(Array)
#6 C:\xampp\htdocs\sistema-administrativo\system\CodeIgniter.php(933): App\Controllers\CrearUsuario->CrearUnUsuario()
#7 C:\xampp\htdocs\sistema-administrativo\system\CodeIgniter.php(507): CodeIgniter\CodeIgniter->runController(Object(App\Controllers\CrearUsuario))
#8 C:\xampp\htdocs\sistema-administrativo\system\CodeIgniter.php(354): CodeIgniter\CodeIgniter->handleRequest(NULL, Object(Config\Cache), false)
#9 C:\xampp\htdocs\sistema-administrativo\system\Boot.php(334): CodeIgniter\CodeIgniter->run()
#10 C:\xampp\htdocs\sistema-administrativo\system\Boot.php(67): CodeIgniter\Boot::runCodeIgniter(Object(CodeIgniter\CodeIgniter))
#11 C:\xampp\htdocs\sistema-administrativo\index.php(59): CodeIgniter\Boot::bootWeb(Object(Config\Paths))
#12 {main}
CRITICAL - 2025-11-27 08:01:20 --> CodeIgniter\Database\Exceptions\DatabaseException: Unknown column 'nombre_usuario' in 'field list'
[Method: POST, Route: crearUsuario]
in SYSTEMPATH\Database\BaseConnection.php on line 692.
 1 SYSTEMPATH\Database\BaseBuilder.php(2345): CodeIgniter\Database\BaseConnection->query('INSERT INTO `usuario` (`id_persona`, `nombre_usuario`, `contrasena`, `rol`) VALUES (:id_persona:, :nombre_usuario:, :contrasena:, :rol:)', [...], false)
 2 APPPATH\Models\Usuario.php(20): CodeIgniter\Database\BaseBuilder->insert([...])
 3 APPPATH\Controllers\CrearUsuario.php(62): App\Models\Usuario->insertarMiUsuario([...])
 4 SYSTEMPATH\CodeIgniter.php(933): App\Controllers\CrearUsuario->CrearUnUsuario()
 5 SYSTEMPATH\CodeIgniter.php(507): CodeIgniter\CodeIgniter->runController(Object(App\Controllers\CrearUsuario))
 6 SYSTEMPATH\CodeIgniter.php(354): CodeIgniter\CodeIgniter->handleRequest(null, Object(Config\Cache), false)
 7 SYSTEMPATH\Boot.php(334): CodeIgniter\CodeIgniter->run()
 8 SYSTEMPATH\Boot.php(67): CodeIgniter\Boot::runCodeIgniter(Object(CodeIgniter\CodeIgniter))
 9 FCPATH\index.php(59): CodeIgniter\Boot::bootWeb(Object(Config\Paths))
CRITICAL - 2025-11-27 08:01:20 --> [Caused by] CodeIgniter\Database\Exceptions\DatabaseException: Unknown column 'nombre_usuario' in 'field list'
in SYSTEMPATH\Database\MySQLi\Connection.php on line 332.
 1 SYSTEMPATH\Database\BaseConnection.php(738): CodeIgniter\Database\MySQLi\Connection->execute('INSERT INTO `usuario` (`id_persona`, `nombre_usuario`, `contrasena`, `rol`) VALUES (8, \'Jose25\', \'$2y$10$LYdJ82V84GbgWwF2lAl4Zemgmds.6R3Ha1pcu/r9U2Nc7.U1Q6aMe\', \'1\')')
 2 SYSTEMPATH\Database\BaseConnection.php(652): CodeIgniter\Database\BaseConnection->simpleQuery('INSERT INTO `usuario` (`id_persona`, `nombre_usuario`, `contrasena`, `rol`) VALUES (8, \'Jose25\', \'$2y$10$LYdJ82V84GbgWwF2lAl4Zemgmds.6R3Ha1pcu/r9U2Nc7.U1Q6aMe\', \'1\')')
 3 SYSTEMPATH\Database\BaseBuilder.php(2345): CodeIgniter\Database\BaseConnection->query('INSERT INTO `usuario` (`id_persona`, `nombre_usuario`, `contrasena`, `rol`) VALUES (:id_persona:, :nombre_usuario:, :contrasena:, :rol:)', [...], false)
 4 APPPATH\Models\Usuario.php(20): CodeIgniter\Database\BaseBuilder->insert([...])
 5 APPPATH\Controllers\CrearUsuario.php(62): App\Models\Usuario->insertarMiUsuario([...])
 6 SYSTEMPATH\CodeIgniter.php(933): App\Controllers\CrearUsuario->CrearUnUsuario()
 7 SYSTEMPATH\CodeIgniter.php(507): CodeIgniter\CodeIgniter->runController(Object(App\Controllers\CrearUsuario))
 8 SYSTEMPATH\CodeIgniter.php(354): CodeIgniter\CodeIgniter->handleRequest(null, Object(Config\Cache), false)
 9 SYSTEMPATH\Boot.php(334): CodeIgniter\CodeIgniter->run()
10 SYSTEMPATH\Boot.php(67): CodeIgniter\Boot::runCodeIgniter(Object(CodeIgniter\CodeIgniter))
11 FCPATH\index.php(59): CodeIgniter\Boot::bootWeb(Object(Config\Paths))
CRITICAL - 2025-11-27 08:01:20 --> [Caused by] mysqli_sql_exception: Unknown column 'nombre_usuario' in 'field list'
in SYSTEMPATH\Database\MySQLi\Connection.php on line 327.
 1 SYSTEMPATH\Database\MySQLi\Connection.php(327): mysqli->query('INSERT INTO `usuario` (`id_persona`, `nombre_usuario`, `contrasena`, `rol`) VALUES (8, \'Jose25\', \'$2y$10$LYdJ82V84GbgWwF2lAl4Zemgmds.6R3Ha1pcu/r9U2Nc7.U1Q6aMe\', \'1\')', 0)
 2 SYSTEMPATH\Database\BaseConnection.php(738): CodeIgniter\Database\MySQLi\Connection->execute('INSERT INTO `usuario` (`id_persona`, `nombre_usuario`, `contrasena`, `rol`) VALUES (8, \'Jose25\', \'$2y$10$LYdJ82V84GbgWwF2lAl4Zemgmds.6R3Ha1pcu/r9U2Nc7.U1Q6aMe\', \'1\')')
 3 SYSTEMPATH\Database\BaseConnection.php(652): CodeIgniter\Database\BaseConnection->simpleQuery('INSERT INTO `usuario` (`id_persona`, `nombre_usuario`, `contrasena`, `rol`) VALUES (8, \'Jose25\', \'$2y$10$LYdJ82V84GbgWwF2lAl4Zemgmds.6R3Ha1pcu/r9U2Nc7.U1Q6aMe\', \'1\')')
 4 SYSTEMPATH\Database\BaseBuilder.php(2345): CodeIgniter\Database\BaseConnection->query('INSERT INTO `usuario` (`id_persona`, `nombre_usuario`, `contrasena`, `rol`) VALUES (:id_persona:, :nombre_usuario:, :contrasena:, :rol:)', [...], false)
 5 APPPATH\Models\Usuario.php(20): CodeIgniter\Database\BaseBuilder->insert([...])
 6 APPPATH\Controllers\CrearUsuario.php(62): App\Models\Usuario->insertarMiUsuario([...])
 7 SYSTEMPATH\CodeIgniter.php(933): App\Controllers\CrearUsuario->CrearUnUsuario()
 8 SYSTEMPATH\CodeIgniter.php(507): CodeIgniter\CodeIgniter->runController(Object(App\Controllers\CrearUsuario))
 9 SYSTEMPATH\CodeIgniter.php(354): CodeIgniter\CodeIgniter->handleRequest(null, Object(Config\Cache), false)
10 SYSTEMPATH\Boot.php(334): CodeIgniter\CodeIgniter->run()
11 SYSTEMPATH\Boot.php(67): CodeIgniter\Boot::runCodeIgniter(Object(CodeIgniter\CodeIgniter))
12 FCPATH\index.php(59): CodeIgniter\Boot::bootWeb(Object(Config\Paths))
