CRITICAL - 2025-11-11 07:09:18 --> CodeIgniter\View\Exceptions\ViewException: Invalid file: "layout2.0"
[Method: GET, Route: layout2]
in SYSTEMPATH\Exceptions\FrameworkException.php on line 39.
 1 SYSTEMPATH\View\View.php(212): CodeIgniter\Exceptions\FrameworkException::forInvalidFile('layout2.0')
 2 SYSTEMPATH\Common.php(1173): CodeIgniter\View\View->render('layout2.0', [], true)
 3 APPPATH\Controllers\MostrarVistas.php(30): view('layout2.0')
 4 SYSTEMPATH\CodeIgniter.php(933): App\Controllers\MostrarVistas->mostrarLayout2()
 5 SYSTEMPATH\CodeIgniter.php(507): CodeIgniter\CodeIgniter->runController(Object(App\Controllers\MostrarVistas))
 6 SYSTEMPATH\CodeIgniter.php(354): CodeIgniter\CodeIgniter->handleRequest(null, Object(Config\Cache), false)
 7 SYSTEMPATH\Boot.php(334): CodeIgniter\CodeIgniter->run()
 8 SYSTEMPATH\Boot.php(67): CodeIgniter\Boot::runCodeIgniter(Object(CodeIgniter\CodeIgniter))
 9 FCPATH\index.php(59): CodeIgniter\Boot::bootWeb(Object(Config\Paths))
CRITICAL - 2025-11-11 07:10:12 --> CodeIgniter\View\Exceptions\ViewException: Invalid file: "layout2.0"
[Method: GET, Route: layout2]
in SYSTEMPATH\Exceptions\FrameworkException.php on line 39.
 1 SYSTEMPATH\View\View.php(212): CodeIgniter\Exceptions\FrameworkException::forInvalidFile('layout2.0')
 2 SYSTEMPATH\Common.php(1173): CodeIgniter\View\View->render('layout2.0', [], true)
 3 APPPATH\Controllers\MostrarVistas.php(30): view('layout2.0')
 4 SYSTEMPATH\CodeIgniter.php(933): App\Controllers\MostrarVistas->mostrarLayout2()
 5 SYSTEMPATH\CodeIgniter.php(507): CodeIgniter\CodeIgniter->runController(Object(App\Controllers\MostrarVistas))
 6 SYSTEMPATH\CodeIgniter.php(354): CodeIgniter\CodeIgniter->handleRequest(null, Object(Config\Cache), false)
 7 SYSTEMPATH\Boot.php(334): CodeIgniter\CodeIgniter->run()
 8 SYSTEMPATH\Boot.php(67): CodeIgniter\Boot::runCodeIgniter(Object(CodeIgniter\CodeIgniter))
 9 FCPATH\index.php(59): CodeIgniter\Boot::bootWeb(Object(Config\Paths))
CRITICAL - 2025-11-11 07:10:13 --> CodeIgniter\View\Exceptions\ViewException: Invalid file: "layout2.0"
[Method: GET, Route: layout2]
in SYSTEMPATH\Exceptions\FrameworkException.php on line 39.
 1 SYSTEMPATH\View\View.php(212): CodeIgniter\Exceptions\FrameworkException::forInvalidFile('layout2.0')
 2 SYSTEMPATH\Common.php(1173): CodeIgniter\View\View->render('layout2.0', [], true)
 3 APPPATH\Controllers\MostrarVistas.php(30): view('layout2.0')
 4 SYSTEMPATH\CodeIgniter.php(933): App\Controllers\MostrarVistas->mostrarLayout2()
 5 SYSTEMPATH\CodeIgniter.php(507): CodeIgniter\CodeIgniter->runController(Object(App\Controllers\MostrarVistas))
 6 SYSTEMPATH\CodeIgniter.php(354): CodeIgniter\CodeIgniter->handleRequest(null, Object(Config\Cache), false)
 7 SYSTEMPATH\Boot.php(334): CodeIgniter\CodeIgniter->run()
 8 SYSTEMPATH\Boot.php(67): CodeIgniter\Boot::runCodeIgniter(Object(CodeIgniter\CodeIgniter))
 9 FCPATH\index.php(59): CodeIgniter\Boot::bootWeb(Object(Config\Paths))
CRITICAL - 2025-11-11 07:10:13 --> CodeIgniter\View\Exceptions\ViewException: Invalid file: "layout2.0"
[Method: GET, Route: layout2]
in SYSTEMPATH\Exceptions\FrameworkException.php on line 39.
 1 SYSTEMPATH\View\View.php(212): CodeIgniter\Exceptions\FrameworkException::forInvalidFile('layout2.0')
 2 SYSTEMPATH\Common.php(1173): CodeIgniter\View\View->render('layout2.0', [], true)
 3 APPPATH\Controllers\MostrarVistas.php(30): view('layout2.0')
 4 SYSTEMPATH\CodeIgniter.php(933): App\Controllers\MostrarVistas->mostrarLayout2()
 5 SYSTEMPATH\CodeIgniter.php(507): CodeIgniter\CodeIgniter->runController(Object(App\Controllers\MostrarVistas))
 6 SYSTEMPATH\CodeIgniter.php(354): CodeIgniter\CodeIgniter->handleRequest(null, Object(Config\Cache), false)
 7 SYSTEMPATH\Boot.php(334): CodeIgniter\CodeIgniter->run()
 8 SYSTEMPATH\Boot.php(67): CodeIgniter\Boot::runCodeIgniter(Object(CodeIgniter\CodeIgniter))
 9 FCPATH\index.php(59): CodeIgniter\Boot::bootWeb(Object(Config\Paths))
CRITICAL - 2025-11-11 07:10:14 --> CodeIgniter\View\Exceptions\ViewException: Invalid file: "layout2.0"
[Method: GET, Route: layout2]
in SYSTEMPATH\Exceptions\FrameworkException.php on line 39.
 1 SYSTEMPATH\View\View.php(212): CodeIgniter\Exceptions\FrameworkException::forInvalidFile('layout2.0')
 2 SYSTEMPATH\Common.php(1173): CodeIgniter\View\View->render('layout2.0', [], true)
 3 APPPATH\Controllers\MostrarVistas.php(30): view('layout2.0')
 4 SYSTEMPATH\CodeIgniter.php(933): App\Controllers\MostrarVistas->mostrarLayout2()
 5 SYSTEMPATH\CodeIgniter.php(507): CodeIgniter\CodeIgniter->runController(Object(App\Controllers\MostrarVistas))
 6 SYSTEMPATH\CodeIgniter.php(354): CodeIgniter\CodeIgniter->handleRequest(null, Object(Config\Cache), false)
 7 SYSTEMPATH\Boot.php(334): CodeIgniter\CodeIgniter->run()
 8 SYSTEMPATH\Boot.php(67): CodeIgniter\Boot::runCodeIgniter(Object(CodeIgniter\CodeIgniter))
 9 FCPATH\index.php(59): CodeIgniter\Boot::bootWeb(Object(Config\Paths))
CRITICAL - 2025-11-11 07:10:14 --> CodeIgniter\View\Exceptions\ViewException: Invalid file: "layout2.0"
[Method: GET, Route: layout2]
in SYSTEMPATH\Exceptions\FrameworkException.php on line 39.
 1 SYSTEMPATH\View\View.php(212): CodeIgniter\Exceptions\FrameworkException::forInvalidFile('layout2.0')
 2 SYSTEMPATH\Common.php(1173): CodeIgniter\View\View->render('layout2.0', [], true)
 3 APPPATH\Controllers\MostrarVistas.php(30): view('layout2.0')
 4 SYSTEMPATH\CodeIgniter.php(933): App\Controllers\MostrarVistas->mostrarLayout2()
 5 SYSTEMPATH\CodeIgniter.php(507): CodeIgniter\CodeIgniter->runController(Object(App\Controllers\MostrarVistas))
 6 SYSTEMPATH\CodeIgniter.php(354): CodeIgniter\CodeIgniter->handleRequest(null, Object(Config\Cache), false)
 7 SYSTEMPATH\Boot.php(334): CodeIgniter\CodeIgniter->run()
 8 SYSTEMPATH\Boot.php(67): CodeIgniter\Boot::runCodeIgniter(Object(CodeIgniter\CodeIgniter))
 9 FCPATH\index.php(59): CodeIgniter\Boot::bootWeb(Object(Config\Paths))
CRITICAL - 2025-11-11 07:10:16 --> CodeIgniter\View\Exceptions\ViewException: Invalid file: "layout2.0"
[Method: GET, Route: layout2]
in SYSTEMPATH\Exceptions\FrameworkException.php on line 39.
 1 SYSTEMPATH\View\View.php(212): CodeIgniter\Exceptions\FrameworkException::forInvalidFile('layout2.0')
 2 SYSTEMPATH\Common.php(1173): CodeIgniter\View\View->render('layout2.0', [], true)
 3 APPPATH\Controllers\MostrarVistas.php(30): view('layout2.0')
 4 SYSTEMPATH\CodeIgniter.php(933): App\Controllers\MostrarVistas->mostrarLayout2()
 5 SYSTEMPATH\CodeIgniter.php(507): CodeIgniter\CodeIgniter->runController(Object(App\Controllers\MostrarVistas))
 6 SYSTEMPATH\CodeIgniter.php(354): CodeIgniter\CodeIgniter->handleRequest(null, Object(Config\Cache), false)
 7 SYSTEMPATH\Boot.php(334): CodeIgniter\CodeIgniter->run()
 8 SYSTEMPATH\Boot.php(67): CodeIgniter\Boot::runCodeIgniter(Object(CodeIgniter\CodeIgniter))
 9 FCPATH\index.php(59): CodeIgniter\Boot::bootWeb(Object(Config\Paths))
CRITICAL - 2025-11-11 07:10:16 --> CodeIgniter\View\Exceptions\ViewException: Invalid file: "layout2.0"
[Method: GET, Route: layout2]
in SYSTEMPATH\Exceptions\FrameworkException.php on line 39.
 1 SYSTEMPATH\View\View.php(212): CodeIgniter\Exceptions\FrameworkException::forInvalidFile('layout2.0')
 2 SYSTEMPATH\Common.php(1173): CodeIgniter\View\View->render('layout2.0', [], true)
 3 APPPATH\Controllers\MostrarVistas.php(30): view('layout2.0')
 4 SYSTEMPATH\CodeIgniter.php(933): App\Controllers\MostrarVistas->mostrarLayout2()
 5 SYSTEMPATH\CodeIgniter.php(507): CodeIgniter\CodeIgniter->runController(Object(App\Controllers\MostrarVistas))
 6 SYSTEMPATH\CodeIgniter.php(354): CodeIgniter\CodeIgniter->handleRequest(null, Object(Config\Cache), false)
 7 SYSTEMPATH\Boot.php(334): CodeIgniter\CodeIgniter->run()
 8 SYSTEMPATH\Boot.php(67): CodeIgniter\Boot::runCodeIgniter(Object(CodeIgniter\CodeIgniter))
 9 FCPATH\index.php(59): CodeIgniter\Boot::bootWeb(Object(Config\Paths))
CRITICAL - 2025-11-11 07:10:16 --> CodeIgniter\View\Exceptions\ViewException: Invalid file: "layout2.0"
[Method: GET, Route: layout2]
in SYSTEMPATH\Exceptions\FrameworkException.php on line 39.
 1 SYSTEMPATH\View\View.php(212): CodeIgniter\Exceptions\FrameworkException::forInvalidFile('layout2.0')
 2 SYSTEMPATH\Common.php(1173): CodeIgniter\View\View->render('layout2.0', [], true)
 3 APPPATH\Controllers\MostrarVistas.php(30): view('layout2.0')
 4 SYSTEMPATH\CodeIgniter.php(933): App\Controllers\MostrarVistas->mostrarLayout2()
 5 SYSTEMPATH\CodeIgniter.php(507): CodeIgniter\CodeIgniter->runController(Object(App\Controllers\MostrarVistas))
 6 SYSTEMPATH\CodeIgniter.php(354): CodeIgniter\CodeIgniter->handleRequest(null, Object(Config\Cache), false)
 7 SYSTEMPATH\Boot.php(334): CodeIgniter\CodeIgniter->run()
 8 SYSTEMPATH\Boot.php(67): CodeIgniter\Boot::runCodeIgniter(Object(CodeIgniter\CodeIgniter))
 9 FCPATH\index.php(59): CodeIgniter\Boot::bootWeb(Object(Config\Paths))
CRITICAL - 2025-11-11 07:10:16 --> CodeIgniter\View\Exceptions\ViewException: Invalid file: "layout2.0"
[Method: GET, Route: layout2]
in SYSTEMPATH\Exceptions\FrameworkException.php on line 39.
 1 SYSTEMPATH\View\View.php(212): CodeIgniter\Exceptions\FrameworkException::forInvalidFile('layout2.0')
 2 SYSTEMPATH\Common.php(1173): CodeIgniter\View\View->render('layout2.0', [], true)
 3 APPPATH\Controllers\MostrarVistas.php(30): view('layout2.0')
 4 SYSTEMPATH\CodeIgniter.php(933): App\Controllers\MostrarVistas->mostrarLayout2()
 5 SYSTEMPATH\CodeIgniter.php(507): CodeIgniter\CodeIgniter->runController(Object(App\Controllers\MostrarVistas))
 6 SYSTEMPATH\CodeIgniter.php(354): CodeIgniter\CodeIgniter->handleRequest(null, Object(Config\Cache), false)
 7 SYSTEMPATH\Boot.php(334): CodeIgniter\CodeIgniter->run()
 8 SYSTEMPATH\Boot.php(67): CodeIgniter\Boot::runCodeIgniter(Object(CodeIgniter\CodeIgniter))
 9 FCPATH\index.php(59): CodeIgniter\Boot::bootWeb(Object(Config\Paths))
CRITICAL - 2025-11-11 07:26:39 --> CodeIgniter\View\Exceptions\ViewException: Invalid file: "layout2.php"
[Method: GET, Route: layout2]
in SYSTEMPATH\Exceptions\FrameworkException.php on line 39.
 1 SYSTEMPATH\View\View.php(212): CodeIgniter\Exceptions\FrameworkException::forInvalidFile('layout2.php')
 2 SYSTEMPATH\Common.php(1173): CodeIgniter\View\View->render('layout2', [], true)
 3 APPPATH\Controllers\MostrarVistas.php(30): view('layout2')
 4 SYSTEMPATH\CodeIgniter.php(933): App\Controllers\MostrarVistas->mostrarLayout2()
 5 SYSTEMPATH\CodeIgniter.php(507): CodeIgniter\CodeIgniter->runController(Object(App\Controllers\MostrarVistas))
 6 SYSTEMPATH\CodeIgniter.php(354): CodeIgniter\CodeIgniter->handleRequest(null, Object(Config\Cache), false)
 7 SYSTEMPATH\Boot.php(334): CodeIgniter\CodeIgniter->run()
 8 SYSTEMPATH\Boot.php(67): CodeIgniter\Boot::runCodeIgniter(Object(CodeIgniter\CodeIgniter))
 9 FCPATH\index.php(59): CodeIgniter\Boot::bootWeb(Object(Config\Paths))
