CRITICAL - 2025-10-29 04:15:29 --> ErrorException: Undefined variable $produccion
[Method: GET, Route: produccion]
in APPPATH\Views\produccion.php on line 22.
 1 APPPATH\Views\produccion.php(22): CodeIgniter\Debug\Exceptions->errorHandler(2, 'Undefined variable $produccion', 'C:\\xampp\\htdocs\\sistema-administrativo\\app\\Views\\produccion.php', 22)
 2 SYSTEMPATH\View\View.php(224): include('C:\\xampp\\htdocs\\sistema-administrativo\\app\\Views\\produccion.php')
 3 SYSTEMPATH\View\View.php(227): CodeIgniter\View\View->CodeIgniter\View\{closure}()
 4 SYSTEMPATH\Common.php(1173): CodeIgniter\View\View->render('produccion', [], true)
 5 APPPATH\Controllers\MostrarVistas.php(18): view('produccion')
 6 SYSTEMPATH\CodeIgniter.php(933): App\Controllers\MostrarVistas->mostrarProduccion()
 7 SYSTEMPATH\CodeIgniter.php(507): CodeIgniter\CodeIgniter->runController(Object(App\Controllers\MostrarVistas))
 8 SYSTEMPATH\CodeIgniter.php(354): CodeIgniter\CodeIgniter->handleRequest(null, Object(Config\Cache), false)
 9 SYSTEMPATH\Boot.php(334): CodeIgniter\CodeIgniter->run()
10 SYSTEMPATH\Boot.php(67): CodeIgniter\Boot::runCodeIgniter(Object(CodeIgniter\CodeIgniter))
11 FCPATH\index.php(59): CodeIgniter\Boot::bootWeb(Object(Config\Paths))
CRITICAL - 2025-10-29 04:15:31 --> ErrorException: Undefined variable $produccion
[Method: GET, Route: produccion]
in APPPATH\Views\produccion.php on line 22.
 1 APPPATH\Views\produccion.php(22): CodeIgniter\Debug\Exceptions->errorHandler(2, 'Undefined variable $produccion', 'C:\\xampp\\htdocs\\sistema-administrativo\\app\\Views\\produccion.php', 22)
 2 SYSTEMPATH\View\View.php(224): include('C:\\xampp\\htdocs\\sistema-administrativo\\app\\Views\\produccion.php')
 3 SYSTEMPATH\View\View.php(227): CodeIgniter\View\View->CodeIgniter\View\{closure}()
 4 SYSTEMPATH\Common.php(1173): CodeIgniter\View\View->render('produccion', [], true)
 5 APPPATH\Controllers\MostrarVistas.php(18): view('produccion')
 6 SYSTEMPATH\CodeIgniter.php(933): App\Controllers\MostrarVistas->mostrarProduccion()
 7 SYSTEMPATH\CodeIgniter.php(507): CodeIgniter\CodeIgniter->runController(Object(App\Controllers\MostrarVistas))
 8 SYSTEMPATH\CodeIgniter.php(354): CodeIgniter\CodeIgniter->handleRequest(null, Object(Config\Cache), false)
 9 SYSTEMPATH\Boot.php(334): CodeIgniter\CodeIgniter->run()
10 SYSTEMPATH\Boot.php(67): CodeIgniter\Boot::runCodeIgniter(Object(CodeIgniter\CodeIgniter))
11 FCPATH\index.php(59): CodeIgniter\Boot::bootWeb(Object(Config\Paths))
CRITICAL - 2025-10-29 04:15:34 --> ErrorException: Undefined variable $produccion
[Method: GET, Route: produccion]
in APPPATH\Views\produccion.php on line 22.
 1 APPPATH\Views\produccion.php(22): CodeIgniter\Debug\Exceptions->errorHandler(2, 'Undefined variable $produccion', 'C:\\xampp\\htdocs\\sistema-administrativo\\app\\Views\\produccion.php', 22)
 2 SYSTEMPATH\View\View.php(224): include('C:\\xampp\\htdocs\\sistema-administrativo\\app\\Views\\produccion.php')
 3 SYSTEMPATH\View\View.php(227): CodeIgniter\View\View->CodeIgniter\View\{closure}()
 4 SYSTEMPATH\Common.php(1173): CodeIgniter\View\View->render('produccion', [], true)
 5 APPPATH\Controllers\MostrarVistas.php(18): view('produccion')
 6 SYSTEMPATH\CodeIgniter.php(933): App\Controllers\MostrarVistas->mostrarProduccion()
 7 SYSTEMPATH\CodeIgniter.php(507): CodeIgniter\CodeIgniter->runController(Object(App\Controllers\MostrarVistas))
 8 SYSTEMPATH\CodeIgniter.php(354): CodeIgniter\CodeIgniter->handleRequest(null, Object(Config\Cache), false)
 9 SYSTEMPATH\Boot.php(334): CodeIgniter\CodeIgniter->run()
10 SYSTEMPATH\Boot.php(67): CodeIgniter\Boot::runCodeIgniter(Object(CodeIgniter\CodeIgniter))
11 FCPATH\index.php(59): CodeIgniter\Boot::bootWeb(Object(Config\Paths))
